#
# A fatal error has been detected by the Java Runtime Environment:
#
#  EXCEPTION_ACCESS_VIOLATION (0xc0000005) at pc=0x00007ffbd06b0ba7, pid=5472, tid=19212
#
# JRE version: Java(TM) SE Runtime Environment (17.0.1+12) (build 17.0.1+12-LTS-39)
# Java VM: Java HotSpot(TM) 64-Bit Server VM (17.0.1+12-LTS-39, mixed mode, sharing, tiered, compressed oops, compressed class ptrs, g1 gc, windows-amd64)
# Problematic frame:
# V  [jvm.dll+0x610ba7]
#
# No core dump will be written. Minidumps are not enabled by default on client versions of Windows
#
# If you would like to submit a bug report, please visit:
#   https://bugreport.java.com/bugreport/crash.jsp
#

---------------  S U M M A R Y ------------

Command Line: -Dmaven.multiModuleProjectDirectory=C:\IntelliJ Arbeitsplatz\Banarnia -Dmaven.home=C:\Maven\apache-maven-3.8.4 -Dclassworlds.conf=C:\Maven\apache-maven-3.8.4\bin\m2.conf -Dmaven.ext.class.path=C:\Program Files\JetBrains\IntelliJ IDEA Community Edition 2021.2.3\plugins\maven\lib\maven-event-listener.jar -Dfile.encoding=UTF-8 org.codehaus.classworlds.Launcher -Didea.version=2021.2.3 install --projects de.banarnia.bungeecord:BungeeCord,de.banarnia:Banarnia,de.banarnia:Proxy,de.banarnia:Lib,de.banarnia.api:API,de.banarnia:Spigot

Host: 11th Gen Intel(R) Core(TM) i7-11700K @ 3.60GHz, 16 cores, 31G,  Windows 10 , 64 bit Build 22000 (10.0.22000.318)
Time: Wed Jan  5 18:07:15 2022 Mitteleuropäische Zeit elapsed time: 1.759258 seconds (0d 0h 0m 1s)

---------------  T H R E A D  ---------------

Current thread (0x00000229668ec160):  JavaThread "C2 CompilerThread2" daemon [_thread_in_native, id=19212, stack(0x000000e727900000,0x000000e727a00000)]


Current CompileTask:
C2:   1759 4765       4       org.apache.maven.model.inheritance.DefaultInheritanceAssembler$InheritanceModelMerger::mergePlugin (71 bytes)

Stack: [0x000000e727900000,0x000000e727a00000],  sp=0x000000e7279fcf50,  free space=1011k
Native frames: (J=compiled Java code, j=interpreted, Vv=VM code, C=native code)
V  [jvm.dll+0x610ba7]
V  [jvm.dll+0x33bb29]
V  [jvm.dll+0x67f643]
V  [jvm.dll+0x67fde3]
V  [jvm.dll+0x67f417]
V  [jvm.dll+0x67d312]
V  [jvm.dll+0x1a483c]
V  [jvm.dll+0x1a5406]
V  [jvm.dll+0x2a8714]
V  [jvm.dll+0x687ddb]
V  [jvm.dll+0x67fddb]
V  [jvm.dll+0x67f417]
V  [jvm.dll+0x67d312]
V  [jvm.dll+0x1a483c]
V  [jvm.dll+0x214c18]
V  [jvm.dll+0x1a168d]
V  [jvm.dll+0x224848]
V  [jvm.dll+0x2229ac]
V  [jvm.dll+0x78435b]
V  [jvm.dll+0x77e91a]
V  [jvm.dll+0x66e845]
C  [ucrtbase.dll+0x26c0c]
C  [KERNEL32.DLL+0x154e0]
C  [ntdll.dll+0x485b]


siginfo: EXCEPTION_ACCESS_VIOLATION (0xc0000005), reading address 0x0000000000000008


Register to memory mapping:

RIP=0x00007ffbd06b0ba7 jvm.dll
RAX=0x0000000000000003 is an unknown value
RBX=0x0000000000000004 is an unknown value
RCX=0x0 is NULL
RDX=0x0 is NULL
RSP=0x000000e7279fcf50 is pointing into the stack for thread: 0x00000229668ec160
RBP=0x0 is NULL
RSI=0x0 is NULL
RDI=0x000000e7279fdfb0 is pointing into the stack for thread: 0x00000229668ec160
R8 =0x0 is NULL
R9 =0x000002296d7d8328 points into unknown readable memory: 0x000002296d7d8108 | 08 81 7d 6d 29 02 00 00
R10=0x00007ffc274c0000 VCRUNTIME140.dll
R11=0x000002296d7d8338 points into unknown readable memory: 0x000002296d3f9648 | 48 96 3f 6d 29 02 00 00
R12=0x000002296a68f008 points into unknown readable memory: 0x00007ffbd0951190 | 90 11 95 d0 fb 7f 00 00
R13=0x000002296d7d8108 points into unknown readable memory: 0x00007ffbd0950a00 | 00 0a 95 d0 fb 7f 00 00
R14=0x0000000000000002 is an unknown value
R15=0x000002296a68edc0 points into unknown readable memory: 0x00007ffbd09d49c8 | c8 49 9d d0 fb 7f 00 00


Registers:
RAX=0x0000000000000003, RBX=0x0000000000000004, RCX=0x0000000000000000, RDX=0x0000000000000000
RSP=0x000000e7279fcf50, RBP=0x0000000000000000, RSI=0x0000000000000000, RDI=0x000000e7279fdfb0
R8 =0x0000000000000000, R9 =0x000002296d7d8328, R10=0x00007ffc274c0000, R11=0x000002296d7d8338
R12=0x000002296a68f008, R13=0x000002296d7d8108, R14=0x0000000000000002, R15=0x000002296a68edc0
RIP=0x00007ffbd06b0ba7, EFLAGS=0x0000000000010246

Top of Stack: (sp=0x000000e7279fcf50)
0x000000e7279fcf50:   000002296d7d8178 000002296d7d8178
0x000000e7279fcf60:   0000022967016a00 000002296d7d8200
0x000000e7279fcf70:   000002296d7d7f10 00007ffbd03dbb29
0x000000e7279fcf80:   0000000000000004 0000000000000830
0x000000e7279fcf90:   000002296a68edc0 0000000000000000
0x000000e7279fcfa0:   000002290000000a 000002296d7d8108
0x000000e7279fcfb0:   0000000000000000 0000022967016a00
0x000000e7279fcfc0:   0000000000000000 000002296d3f9598
0x000000e7279fcfd0:   000002296d3f9598 000002296d4035c0
0x000000e7279fcfe0:   000000e7279fd270 000002296d7d7920
0x000000e7279fcff0:   0000022966f65d38 000002296d7d7f10
0x000000e7279fd000:   000000e7279fd270 000002296b2dd450
0x000000e7279fd010:   0000000000000000 0000022966f96a48
0x000000e7279fd020:   0000000000000028 00007ffbd071f643
0x000000e7279fd030:   000000e7279fd308 000002296d7d7f10
0x000000e7279fd040:   000002296a68f008 00007ffb00000002 

Instructions: (pc=0x00007ffbd06b0ba7)
0x00007ffbd06b0aa7:   8b 04 18 48 8b 90 d0 04 00 00 48 8b 07 48 8b 9a
0x00007ffbd06b0ab7:   80 00 00 00 ff 50 68 48 8b 7c 24 20 8b c0 48 8d
0x00007ffbd06b0ac7:   0c c5 98 0a 00 00 48 8b 83 50 08 00 00 48 8b 5c
0x00007ffbd06b0ad7:   24 30 48 8b 04 01 48 83 c4 28 c3 48 8d 05 67 57
0x00007ffbd06b0ae7:   48 00 48 83 c4 28 c3 cc cc 48 89 5c 24 08 57 48
0x00007ffbd06b0af7:   83 ec 20 48 8b 01 48 8b da 48 8b f9 ff 10 3d b8
0x00007ffbd06b0b07:   00 00 00 75 69 48 8b 47 08 48 8b d3 48 8b 48 10
0x00007ffbd06b0b17:   e8 74 8b d2 ff 48 8b d8 48 85 c0 74 51 48 8b 4f
0x00007ffbd06b0b27:   08 48 8b 41 08 8b 48 2c 80 e1 0f 80 f9 08 75 3e
0x00007ffbd06b0b37:   48 8b 48 08 48 8b 39 48 85 ff 74 32 48 8b cb e8
0x00007ffbd06b0b47:   65 e1 d2 ff 48 3b f8 75 25 48 8b cb e8 58 e1 d2
0x00007ffbd06b0b57:   ff 48 8b c8 33 d2 e8 1e dd 02 00 48 85 c0 74 0e
0x00007ffbd06b0b67:   48 8b c3 48 8b 5c 24 30 48 83 c4 20 5f c3 48 8b
0x00007ffbd06b0b77:   5c 24 30 33 c0 48 83 c4 20 5f c3 cc cc cc cc cc
0x00007ffbd06b0b87:   cc cc cc cc cc cc cc cc cc 48 89 6c 24 20 56 48
0x00007ffbd06b0b97:   83 ec 20 48 8b f1 48 85 d2 74 05 e8 89 fd ff ff
0x00007ffbd06b0ba7:   48 8b 46 08 48 8b 68 10 48 85 ed 74 5e 48 83 7d
0x00007ffbd06b0bb7:   10 00 74 57 48 89 5c 24 30 bb 03 00 00 00 4c 89
0x00007ffbd06b0bc7:   74 24 40 44 8b 76 18 44 3b f3 76 35 48 89 7c 24
0x00007ffbd06b0bd7:   38 bf 18 00 00 00 0f 1f 00 4c 8b 46 08 4a 39 2c
0x00007ffbd06b0be7:   07 75 0e 4d 8b 40 08 8b d3 48 8b ce e8 58 7c a6
0x00007ffbd06b0bf7:   ff ff c3 48 83 c7 08 41 3b de 72 dd 48 8b 7c 24
0x00007ffbd06b0c07:   38 48 8b 5c 24 30 4c 8b 74 24 40 48 8b 6c 24 48
0x00007ffbd06b0c17:   48 83 c4 20 5e c3 cc cc cc 40 55 41 56 48 83 ec
0x00007ffbd06b0c27:   28 48 8b ea 4c 8b f1 e8 1d b0 ff ff 49 3b c6 0f
0x00007ffbd06b0c37:   85 8c 01 00 00 49 8b 46 08 4c 8d 44 24 40 48 89
0x00007ffbd06b0c47:   5c 24 48 48 8b d5 48 89 74 24 50 33 db 48 89 7c
0x00007ffbd06b0c57:   24 58 48 8b 70 10 48 8b ce 48 89 5c 24 40 e8 86
0x00007ffbd06b0c67:   f0 a8 ff 48 8b f8 48 85 c0 0f 84 40 01 00 00 48
0x00007ffbd06b0c77:   8b 4d 50 8b 56 28 48 8b 34 d1 8b 4e 10 83 e9 13
0x00007ffbd06b0c87:   83 f9 02 0f 87 26 01 00 00 48 8b 0d f9 74 4c 00
0x00007ffbd06b0c97:   48 8b d7 4c 89 7c 24 20 4c 8b 79 28 49 8b cf 49 


Stack slot to memory mapping:
stack at sp + 0 slots: 0x000002296d7d8178 points into unknown readable memory: 0x00007ffbd0950ac8 | c8 0a 95 d0 fb 7f 00 00
stack at sp + 1 slots: 0x000002296d7d8178 points into unknown readable memory: 0x00007ffbd0950ac8 | c8 0a 95 d0 fb 7f 00 00
stack at sp + 2 slots: 0x0000022967016a00 points into unknown readable memory: 0x00007ffbd0979180 | 80 91 97 d0 fb 7f 00 00
stack at sp + 3 slots: 0x000002296d7d8200 points into unknown readable memory: 0x00007ffbd0950ac8 | c8 0a 95 d0 fb 7f 00 00
stack at sp + 4 slots: 0x000002296d7d7f10 points into unknown readable memory: 0x00007ffbd0951190 | 90 11 95 d0 fb 7f 00 00
stack at sp + 5 slots: 0x00007ffbd03dbb29 jvm.dll
stack at sp + 6 slots: 0x0000000000000004 is an unknown value
stack at sp + 7 slots: 0x0000000000000830 is an unknown value


---------------  P R O C E S S  ---------------

Threads class SMR info:
_java_thread_list=0x00000229670f1d30, length=22, elements={
0x0000022938bbee80, 0x0000022965b85ed0, 0x0000022965b86880, 0x0000022965b95fd0,
0x0000022965b98d90, 0x0000022965b99740, 0x0000022965b9a0f0, 0x0000022965b9e380,
0x00000229665690b0, 0x000002296657c190, 0x00000229666125a0, 0x00000229666f55a0,
0x00000229667028d0, 0x0000022966919880, 0x0000022966e118f0, 0x0000022966e10250,
0x00000229668ec160, 0x0000022967112730, 0x00000229671ed670, 0x0000022967081040,
0x00000229674fcbb0, 0x0000022967081550
}

Java Threads: ( => current thread )
  0x0000022938bbee80 JavaThread "main" [_thread_in_vm, id=22364, stack(0x000000e726200000,0x000000e726300000)]
  0x0000022965b85ed0 JavaThread "Reference Handler" daemon [_thread_blocked, id=2744, stack(0x000000e726900000,0x000000e726a00000)]
  0x0000022965b86880 JavaThread "Finalizer" daemon [_thread_blocked, id=23032, stack(0x000000e726a00000,0x000000e726b00000)]
  0x0000022965b95fd0 JavaThread "Signal Dispatcher" daemon [_thread_blocked, id=21584, stack(0x000000e726b00000,0x000000e726c00000)]
  0x0000022965b98d90 JavaThread "Attach Listener" daemon [_thread_blocked, id=1456, stack(0x000000e726c00000,0x000000e726d00000)]
  0x0000022965b99740 JavaThread "Service Thread" daemon [_thread_blocked, id=22808, stack(0x000000e726d00000,0x000000e726e00000)]
  0x0000022965b9a0f0 JavaThread "Monitor Deflation Thread" daemon [_thread_blocked, id=23364, stack(0x000000e726e00000,0x000000e726f00000)]
  0x0000022965b9e380 JavaThread "C2 CompilerThread0" daemon [_thread_in_native, id=21564, stack(0x000000e726f00000,0x000000e727000000)]
  0x00000229665690b0 JavaThread "C1 CompilerThread0" daemon [_thread_blocked, id=20272, stack(0x000000e727000000,0x000000e727100000)]
  0x000002296657c190 JavaThread "Sweeper thread" daemon [_thread_blocked, id=20540, stack(0x000000e727100000,0x000000e727200000)]
  0x00000229666125a0 JavaThread "C1 CompilerThread1" daemon [_thread_blocked, id=21732, stack(0x000000e727200000,0x000000e727300000)]
  0x00000229666f55a0 JavaThread "Notification Thread" daemon [_thread_blocked, id=13396, stack(0x000000e727300000,0x000000e727400000)]
  0x00000229667028d0 JavaThread "Common-Cleaner" daemon [_thread_blocked, id=9228, stack(0x000000e727500000,0x000000e727600000)]
  0x0000022966919880 JavaThread "C2 CompilerThread1" daemon [_thread_in_native, id=21320, stack(0x000000e727600000,0x000000e727700000)]
  0x0000022966e118f0 JavaThread "C1 CompilerThread2" daemon [_thread_blocked, id=19980, stack(0x000000e727700000,0x000000e727800000)]
  0x0000022966e10250 JavaThread "C1 CompilerThread3" daemon [_thread_blocked, id=11780, stack(0x000000e727800000,0x000000e727900000)]
=>0x00000229668ec160 JavaThread "C2 CompilerThread2" daemon [_thread_in_native, id=19212, stack(0x000000e727900000,0x000000e727a00000)]
  0x0000022967112730 JavaThread "C2 CompilerThread3" daemon [_thread_in_native, id=2784, stack(0x000000e727a00000,0x000000e727b00000)]
  0x00000229671ed670 JavaThread "C2 CompilerThread4" daemon [_thread_in_native, id=22272, stack(0x000000e727b00000,0x000000e727c00000)]
  0x0000022967081040 JavaThread "C2 CompilerThread5" daemon [_thread_in_native, id=18764, stack(0x000000e727c00000,0x000000e727d00000)]
  0x00000229674fcbb0 JavaThread "C2 CompilerThread6" daemon [_thread_in_native, id=20384, stack(0x000000e727d00000,0x000000e727e00000)]
  0x0000022967081550 JavaThread "C2 CompilerThread7" daemon [_thread_in_native, id=22268, stack(0x000000e727e00000,0x000000e727f00000)]

Other Threads:
  0x0000022965b80530 VMThread "VM Thread" [stack: 0x000000e726800000,0x000000e726900000] [id=4924]
  0x00000229666fba90 WatcherThread [stack: 0x000000e727400000,0x000000e727500000] [id=13036]
  0x0000022938c35b60 GCTaskThread "GC Thread#0" [stack: 0x000000e726300000,0x000000e726400000] [id=3688]
  0x0000022967111bb0 GCTaskThread "GC Thread#1" [stack: 0x000000e727f00000,0x000000e728000000] [id=12700]
  0x00000229671d47a0 GCTaskThread "GC Thread#2" [stack: 0x000000e728000000,0x000000e728100000] [id=23224]
  0x000002296719c2f0 GCTaskThread "GC Thread#3" [stack: 0x000000e728100000,0x000000e728200000] [id=2224]
  0x00000229668ec880 GCTaskThread "GC Thread#4" [stack: 0x000000e728200000,0x000000e728300000] [id=22540]
  0x0000022967b47170 GCTaskThread "GC Thread#5" [stack: 0x000000e728300000,0x000000e728400000] [id=9524]
  0x000002296713eb30 GCTaskThread "GC Thread#6" [stack: 0x000000e728400000,0x000000e728500000] [id=3356]
  0x000002296810eb30 GCTaskThread "GC Thread#7" [stack: 0x000000e728500000,0x000000e728600000] [id=9576]
  0x0000022966f94050 GCTaskThread "GC Thread#8" [stack: 0x000000e728600000,0x000000e728700000] [id=19740]
  0x00000229676908f0 GCTaskThread "GC Thread#9" [stack: 0x000000e728700000,0x000000e728800000] [id=9952]
  0x0000022967193c80 GCTaskThread "GC Thread#10" [stack: 0x000000e728800000,0x000000e728900000] [id=1752]
  0x0000022967193f30 GCTaskThread "GC Thread#11" [stack: 0x000000e728900000,0x000000e728a00000] [id=21752]
  0x00000229680530a0 GCTaskThread "GC Thread#12" [stack: 0x000000e728a00000,0x000000e728b00000] [id=7540]
  0x0000022938c46860 ConcurrentGCThread "G1 Main Marker" [stack: 0x000000e726400000,0x000000e726500000] [id=3300]
  0x0000022938c47910 ConcurrentGCThread "G1 Conc#0" [stack: 0x000000e726500000,0x000000e726600000] [id=20108]
  0x0000022938c9d470 ConcurrentGCThread "G1 Refine#0" [stack: 0x000000e726600000,0x000000e726700000] [id=7624]
  0x0000022938c9dd90 ConcurrentGCThread "G1 Service" [stack: 0x000000e726700000,0x000000e726800000] [id=10464]

Threads with active compile tasks:
C2 CompilerThread0     1785 4794       4       org.apache.maven.model.merge.MavenModelMerger::mergePlugin_Executions (235 bytes)
C2 CompilerThread1     1785 4779       4       org.codehaus.plexus.interpolation.AbstractDelegatingValueSource::getValue (11 bytes)
C2 CompilerThread2     1785 4765       4       org.apache.maven.model.inheritance.DefaultInheritanceAssembler$InheritanceModelMerger::mergePlugin (71 bytes)
C2 CompilerThread3     1785 4619       4       org.apache.maven.model.inheritance.DefaultInheritanceAssembler$InheritanceModelMerger::mergePluginContainer_Plugins (430 bytes)
C2 CompilerThread4     1785 4715       4       org.eclipse.aether.util.graph.transformer.ConflictResolver::gatherConflictItems (111 bytes)
C2 CompilerThread5     1786 4656       4       org.codehaus.plexus.interpolation.PrefixedValueSourceWrapper::getValue (39 bytes)
C2 CompilerThread6     1786 4795       4       org.apache.maven.model.merge.ModelMerger::mergePlugin_Dependencies (26 bytes)
C2 CompilerThread7     1786 4642   !   4       org.codehaus.plexus.interpolation.ObjectBasedValueSource::getValue (66 bytes)

VM state: not at safepoint (normal execution)

VM Mutex/Monitor currently owned by a thread: None

Heap address: 0x0000000602800000, size: 8152 MB, Compressed Oops mode: Zero based, Oop shift amount: 3

CDS archive(s) mapped at: [0x0000000800000000-0x0000000800bc0000-0x0000000800bc0000), size 12320768, SharedBaseAddress: 0x0000000800000000, ArchiveRelocationMode: 0.
Compressed class space mapped at: 0x0000000800c00000-0x0000000840c00000, reserved size: 1073741824
Narrow klass base: 0x0000000800000000, Narrow klass shift: 0, Narrow klass range: 0x100000000

GC Precious Log:
 CPUs: 16 total, 16 available
 Memory: 32605M
 Large Page Support: Disabled
 NUMA Support: Disabled
 Compressed Oops: Enabled (Zero based)
 Heap Region Size: 4M
 Heap Min Capacity: 8M
 Heap Initial Capacity: 512M
 Heap Max Capacity: 8152M
 Pre-touch: Disabled
 Parallel Workers: 13
 Concurrent Workers: 3
 Concurrent Refinement Workers: 13
 Periodic GC: Disabled

Heap:
 garbage-first heap   total 524288K, used 107631K [0x0000000602800000, 0x0000000800000000)
  region size 4096K, 27 young (110592K), 2 survivors (8192K)
 Metaspace       used 16291K, committed 16576K, reserved 1064960K
  class space    used 1775K, committed 1920K, reserved 1048576K

Heap Regions: E=young(eden), S=young(survivor), O=old, HS=humongous(starts), HC=humongous(continues), CS=collection set, F=free, OA=open archive, CA=closed archive, TAMS=top-at-mark-start (previous, next)
|   0|0x0000000602800000, 0x0000000602b57c00, 0x0000000602c00000| 83%| O|  |TAMS 0x0000000602800000, 0x0000000602800000| Untracked 
|   1|0x0000000602c00000, 0x0000000602c00000, 0x0000000603000000|  0%| F|  |TAMS 0x0000000602c00000, 0x0000000602c00000| Untracked 
|   2|0x0000000603000000, 0x0000000603000000, 0x0000000603400000|  0%| F|  |TAMS 0x0000000603000000, 0x0000000603000000| Untracked 
|   3|0x0000000603400000, 0x0000000603400000, 0x0000000603800000|  0%| F|  |TAMS 0x0000000603400000, 0x0000000603400000| Untracked 
|   4|0x0000000603800000, 0x0000000603800000, 0x0000000603c00000|  0%| F|  |TAMS 0x0000000603800000, 0x0000000603800000| Untracked 
|   5|0x0000000603c00000, 0x0000000603c00000, 0x0000000604000000|  0%| F|  |TAMS 0x0000000603c00000, 0x0000000603c00000| Untracked 
|   6|0x0000000604000000, 0x0000000604000000, 0x0000000604400000|  0%| F|  |TAMS 0x0000000604000000, 0x0000000604000000| Untracked 
|   7|0x0000000604400000, 0x0000000604400000, 0x0000000604800000|  0%| F|  |TAMS 0x0000000604400000, 0x0000000604400000| Untracked 
|   8|0x0000000604800000, 0x0000000604800000, 0x0000000604c00000|  0%| F|  |TAMS 0x0000000604800000, 0x0000000604800000| Untracked 
|   9|0x0000000604c00000, 0x0000000604c00000, 0x0000000605000000|  0%| F|  |TAMS 0x0000000604c00000, 0x0000000604c00000| Untracked 
|  10|0x0000000605000000, 0x0000000605000000, 0x0000000605400000|  0%| F|  |TAMS 0x0000000605000000, 0x0000000605000000| Untracked 
|  11|0x0000000605400000, 0x0000000605400000, 0x0000000605800000|  0%| F|  |TAMS 0x0000000605400000, 0x0000000605400000| Untracked 
|  12|0x0000000605800000, 0x0000000605800000, 0x0000000605c00000|  0%| F|  |TAMS 0x0000000605800000, 0x0000000605800000| Untracked 
|  13|0x0000000605c00000, 0x0000000605c00000, 0x0000000606000000|  0%| F|  |TAMS 0x0000000605c00000, 0x0000000605c00000| Untracked 
|  14|0x0000000606000000, 0x0000000606000000, 0x0000000606400000|  0%| F|  |TAMS 0x0000000606000000, 0x0000000606000000| Untracked 
|  15|0x0000000606400000, 0x0000000606400000, 0x0000000606800000|  0%| F|  |TAMS 0x0000000606400000, 0x0000000606400000| Untracked 
|  16|0x0000000606800000, 0x0000000606800000, 0x0000000606c00000|  0%| F|  |TAMS 0x0000000606800000, 0x0000000606800000| Untracked 
|  17|0x0000000606c00000, 0x0000000606c00000, 0x0000000607000000|  0%| F|  |TAMS 0x0000000606c00000, 0x0000000606c00000| Untracked 
|  18|0x0000000607000000, 0x0000000607000000, 0x0000000607400000|  0%| F|  |TAMS 0x0000000607000000, 0x0000000607000000| Untracked 
|  19|0x0000000607400000, 0x0000000607400000, 0x0000000607800000|  0%| F|  |TAMS 0x0000000607400000, 0x0000000607400000| Untracked 
|  20|0x0000000607800000, 0x0000000607800000, 0x0000000607c00000|  0%| F|  |TAMS 0x0000000607800000, 0x0000000607800000| Untracked 
|  21|0x0000000607c00000, 0x0000000607c00000, 0x0000000608000000|  0%| F|  |TAMS 0x0000000607c00000, 0x0000000607c00000| Untracked 
|  22|0x0000000608000000, 0x0000000608000000, 0x0000000608400000|  0%| F|  |TAMS 0x0000000608000000, 0x0000000608000000| Untracked 
|  23|0x0000000608400000, 0x0000000608400000, 0x0000000608800000|  0%| F|  |TAMS 0x0000000608400000, 0x0000000608400000| Untracked 
|  24|0x0000000608800000, 0x0000000608800000, 0x0000000608c00000|  0%| F|  |TAMS 0x0000000608800000, 0x0000000608800000| Untracked 
|  25|0x0000000608c00000, 0x0000000608c00000, 0x0000000609000000|  0%| F|  |TAMS 0x0000000608c00000, 0x0000000608c00000| Untracked 
|  26|0x0000000609000000, 0x0000000609000000, 0x0000000609400000|  0%| F|  |TAMS 0x0000000609000000, 0x0000000609000000| Untracked 
|  27|0x0000000609400000, 0x0000000609400000, 0x0000000609800000|  0%| F|  |TAMS 0x0000000609400000, 0x0000000609400000| Untracked 
|  28|0x0000000609800000, 0x0000000609800000, 0x0000000609c00000|  0%| F|  |TAMS 0x0000000609800000, 0x0000000609800000| Untracked 
|  29|0x0000000609c00000, 0x0000000609c00000, 0x000000060a000000|  0%| F|  |TAMS 0x0000000609c00000, 0x0000000609c00000| Untracked 
|  30|0x000000060a000000, 0x000000060a000000, 0x000000060a400000|  0%| F|  |TAMS 0x000000060a000000, 0x000000060a000000| Untracked 
|  31|0x000000060a400000, 0x000000060a400000, 0x000000060a800000|  0%| F|  |TAMS 0x000000060a400000, 0x000000060a400000| Untracked 
|  32|0x000000060a800000, 0x000000060a800000, 0x000000060ac00000|  0%| F|  |TAMS 0x000000060a800000, 0x000000060a800000| Untracked 
|  33|0x000000060ac00000, 0x000000060ac00000, 0x000000060b000000|  0%| F|  |TAMS 0x000000060ac00000, 0x000000060ac00000| Untracked 
|  34|0x000000060b000000, 0x000000060b000000, 0x000000060b400000|  0%| F|  |TAMS 0x000000060b000000, 0x000000060b000000| Untracked 
|  35|0x000000060b400000, 0x000000060b400000, 0x000000060b800000|  0%| F|  |TAMS 0x000000060b400000, 0x000000060b400000| Untracked 
|  36|0x000000060b800000, 0x000000060b800000, 0x000000060bc00000|  0%| F|  |TAMS 0x000000060b800000, 0x000000060b800000| Untracked 
|  37|0x000000060bc00000, 0x000000060bc00000, 0x000000060c000000|  0%| F|  |TAMS 0x000000060bc00000, 0x000000060bc00000| Untracked 
|  38|0x000000060c000000, 0x000000060c000000, 0x000000060c400000|  0%| F|  |TAMS 0x000000060c000000, 0x000000060c000000| Untracked 
|  39|0x000000060c400000, 0x000000060c400000, 0x000000060c800000|  0%| F|  |TAMS 0x000000060c400000, 0x000000060c400000| Untracked 
|  40|0x000000060c800000, 0x000000060c800000, 0x000000060cc00000|  0%| F|  |TAMS 0x000000060c800000, 0x000000060c800000| Untracked 
|  41|0x000000060cc00000, 0x000000060cc00000, 0x000000060d000000|  0%| F|  |TAMS 0x000000060cc00000, 0x000000060cc00000| Untracked 
|  42|0x000000060d000000, 0x000000060d000000, 0x000000060d400000|  0%| F|  |TAMS 0x000000060d000000, 0x000000060d000000| Untracked 
|  43|0x000000060d400000, 0x000000060d400000, 0x000000060d800000|  0%| F|  |TAMS 0x000000060d400000, 0x000000060d400000| Untracked 
|  44|0x000000060d800000, 0x000000060d800000, 0x000000060dc00000|  0%| F|  |TAMS 0x000000060d800000, 0x000000060d800000| Untracked 
|  45|0x000000060dc00000, 0x000000060dc00000, 0x000000060e000000|  0%| F|  |TAMS 0x000000060dc00000, 0x000000060dc00000| Untracked 
|  46|0x000000060e000000, 0x000000060e000000, 0x000000060e400000|  0%| F|  |TAMS 0x000000060e000000, 0x000000060e000000| Untracked 
|  47|0x000000060e400000, 0x000000060e400000, 0x000000060e800000|  0%| F|  |TAMS 0x000000060e400000, 0x000000060e400000| Untracked 
|  48|0x000000060e800000, 0x000000060e800000, 0x000000060ec00000|  0%| F|  |TAMS 0x000000060e800000, 0x000000060e800000| Untracked 
|  49|0x000000060ec00000, 0x000000060ec00000, 0x000000060f000000|  0%| F|  |TAMS 0x000000060ec00000, 0x000000060ec00000| Untracked 
|  50|0x000000060f000000, 0x000000060f000000, 0x000000060f400000|  0%| F|  |TAMS 0x000000060f000000, 0x000000060f000000| Untracked 
|  51|0x000000060f400000, 0x000000060f400000, 0x000000060f800000|  0%| F|  |TAMS 0x000000060f400000, 0x000000060f400000| Untracked 
|  52|0x000000060f800000, 0x000000060f800000, 0x000000060fc00000|  0%| F|  |TAMS 0x000000060f800000, 0x000000060f800000| Untracked 
|  53|0x000000060fc00000, 0x000000060fc00000, 0x0000000610000000|  0%| F|  |TAMS 0x000000060fc00000, 0x000000060fc00000| Untracked 
|  54|0x0000000610000000, 0x0000000610000000, 0x0000000610400000|  0%| F|  |TAMS 0x0000000610000000, 0x0000000610000000| Untracked 
|  55|0x0000000610400000, 0x0000000610400000, 0x0000000610800000|  0%| F|  |TAMS 0x0000000610400000, 0x0000000610400000| Untracked 
|  56|0x0000000610800000, 0x0000000610800000, 0x0000000610c00000|  0%| F|  |TAMS 0x0000000610800000, 0x0000000610800000| Untracked 
|  57|0x0000000610c00000, 0x0000000610c00000, 0x0000000611000000|  0%| F|  |TAMS 0x0000000610c00000, 0x0000000610c00000| Untracked 
|  58|0x0000000611000000, 0x0000000611000000, 0x0000000611400000|  0%| F|  |TAMS 0x0000000611000000, 0x0000000611000000| Untracked 
|  59|0x0000000611400000, 0x0000000611400000, 0x0000000611800000|  0%| F|  |TAMS 0x0000000611400000, 0x0000000611400000| Untracked 
|  60|0x0000000611800000, 0x0000000611800000, 0x0000000611c00000|  0%| F|  |TAMS 0x0000000611800000, 0x0000000611800000| Untracked 
|  61|0x0000000611c00000, 0x0000000611c00000, 0x0000000612000000|  0%| F|  |TAMS 0x0000000611c00000, 0x0000000611c00000| Untracked 
|  62|0x0000000612000000, 0x0000000612000000, 0x0000000612400000|  0%| F|  |TAMS 0x0000000612000000, 0x0000000612000000| Untracked 
|  63|0x0000000612400000, 0x0000000612400000, 0x0000000612800000|  0%| F|  |TAMS 0x0000000612400000, 0x0000000612400000| Untracked 
|  64|0x0000000612800000, 0x0000000612800000, 0x0000000612c00000|  0%| F|  |TAMS 0x0000000612800000, 0x0000000612800000| Untracked 
|  65|0x0000000612c00000, 0x0000000612c00000, 0x0000000613000000|  0%| F|  |TAMS 0x0000000612c00000, 0x0000000612c00000| Untracked 
|  66|0x0000000613000000, 0x0000000613000000, 0x0000000613400000|  0%| F|  |TAMS 0x0000000613000000, 0x0000000613000000| Untracked 
|  67|0x0000000613400000, 0x0000000613400000, 0x0000000613800000|  0%| F|  |TAMS 0x0000000613400000, 0x0000000613400000| Untracked 
|  68|0x0000000613800000, 0x0000000613800000, 0x0000000613c00000|  0%| F|  |TAMS 0x0000000613800000, 0x0000000613800000| Untracked 
|  69|0x0000000613c00000, 0x0000000613c00000, 0x0000000614000000|  0%| F|  |TAMS 0x0000000613c00000, 0x0000000613c00000| Untracked 
|  70|0x0000000614000000, 0x0000000614000000, 0x0000000614400000|  0%| F|  |TAMS 0x0000000614000000, 0x0000000614000000| Untracked 
|  71|0x0000000614400000, 0x0000000614400000, 0x0000000614800000|  0%| F|  |TAMS 0x0000000614400000, 0x0000000614400000| Untracked 
|  72|0x0000000614800000, 0x0000000614800000, 0x0000000614c00000|  0%| F|  |TAMS 0x0000000614800000, 0x0000000614800000| Untracked 
|  73|0x0000000614c00000, 0x0000000614c00000, 0x0000000615000000|  0%| F|  |TAMS 0x0000000614c00000, 0x0000000614c00000| Untracked 
|  74|0x0000000615000000, 0x0000000615000000, 0x0000000615400000|  0%| F|  |TAMS 0x0000000615000000, 0x0000000615000000| Untracked 
|  75|0x0000000615400000, 0x0000000615400000, 0x0000000615800000|  0%| F|  |TAMS 0x0000000615400000, 0x0000000615400000| Untracked 
|  76|0x0000000615800000, 0x0000000615800000, 0x0000000615c00000|  0%| F|  |TAMS 0x0000000615800000, 0x0000000615800000| Untracked 
|  77|0x0000000615c00000, 0x0000000615c00000, 0x0000000616000000|  0%| F|  |TAMS 0x0000000615c00000, 0x0000000615c00000| Untracked 
|  78|0x0000000616000000, 0x0000000616000000, 0x0000000616400000|  0%| F|  |TAMS 0x0000000616000000, 0x0000000616000000| Untracked 
|  79|0x0000000616400000, 0x0000000616400000, 0x0000000616800000|  0%| F|  |TAMS 0x0000000616400000, 0x0000000616400000| Untracked 
|  80|0x0000000616800000, 0x0000000616800000, 0x0000000616c00000|  0%| F|  |TAMS 0x0000000616800000, 0x0000000616800000| Untracked 
|  81|0x0000000616c00000, 0x0000000616c00000, 0x0000000617000000|  0%| F|  |TAMS 0x0000000616c00000, 0x0000000616c00000| Untracked 
|  82|0x0000000617000000, 0x0000000617000000, 0x0000000617400000|  0%| F|  |TAMS 0x0000000617000000, 0x0000000617000000| Untracked 
|  83|0x0000000617400000, 0x0000000617400000, 0x0000000617800000|  0%| F|  |TAMS 0x0000000617400000, 0x0000000617400000| Untracked 
|  84|0x0000000617800000, 0x0000000617800000, 0x0000000617c00000|  0%| F|  |TAMS 0x0000000617800000, 0x0000000617800000| Untracked 
|  85|0x0000000617c00000, 0x0000000617c00000, 0x0000000618000000|  0%| F|  |TAMS 0x0000000617c00000, 0x0000000617c00000| Untracked 
|  86|0x0000000618000000, 0x0000000618000000, 0x0000000618400000|  0%| F|  |TAMS 0x0000000618000000, 0x0000000618000000| Untracked 
|  87|0x0000000618400000, 0x0000000618400000, 0x0000000618800000|  0%| F|  |TAMS 0x0000000618400000, 0x0000000618400000| Untracked 
|  88|0x0000000618800000, 0x0000000618800000, 0x0000000618c00000|  0%| F|  |TAMS 0x0000000618800000, 0x0000000618800000| Untracked 
|  89|0x0000000618c00000, 0x0000000618c00000, 0x0000000619000000|  0%| F|  |TAMS 0x0000000618c00000, 0x0000000618c00000| Untracked 
|  90|0x0000000619000000, 0x0000000619000000, 0x0000000619400000|  0%| F|  |TAMS 0x0000000619000000, 0x0000000619000000| Untracked 
|  91|0x0000000619400000, 0x0000000619400000, 0x0000000619800000|  0%| F|  |TAMS 0x0000000619400000, 0x0000000619400000| Untracked 
|  92|0x0000000619800000, 0x0000000619800000, 0x0000000619c00000|  0%| F|  |TAMS 0x0000000619800000, 0x0000000619800000| Untracked 
|  93|0x0000000619c00000, 0x0000000619c00000, 0x000000061a000000|  0%| F|  |TAMS 0x0000000619c00000, 0x0000000619c00000| Untracked 
|  94|0x000000061a000000, 0x000000061a000000, 0x000000061a400000|  0%| F|  |TAMS 0x000000061a000000, 0x000000061a000000| Untracked 
|  95|0x000000061a400000, 0x000000061a400000, 0x000000061a800000|  0%| F|  |TAMS 0x000000061a400000, 0x000000061a400000| Untracked 
|  96|0x000000061a800000, 0x000000061a800000, 0x000000061ac00000|  0%| F|  |TAMS 0x000000061a800000, 0x000000061a800000| Untracked 
|  97|0x000000061ac00000, 0x000000061ac00000, 0x000000061b000000|  0%| F|  |TAMS 0x000000061ac00000, 0x000000061ac00000| Untracked 
|  98|0x000000061b000000, 0x000000061b000000, 0x000000061b400000|  0%| F|  |TAMS 0x000000061b000000, 0x000000061b000000| Untracked 
|  99|0x000000061b400000, 0x000000061b400000, 0x000000061b800000|  0%| F|  |TAMS 0x000000061b400000, 0x000000061b400000| Untracked 
| 100|0x000000061b800000, 0x000000061b800000, 0x000000061bc00000|  0%| F|  |TAMS 0x000000061b800000, 0x000000061b800000| Untracked 
| 101|0x000000061bc00000, 0x000000061c000000, 0x000000061c000000|100%| E|  |TAMS 0x000000061bc00000, 0x000000061bc00000| Complete 
| 102|0x000000061c000000, 0x000000061c400000, 0x000000061c400000|100%| E|CS|TAMS 0x000000061c000000, 0x000000061c000000| Complete 
| 103|0x000000061c400000, 0x000000061c800000, 0x000000061c800000|100%| E|CS|TAMS 0x000000061c400000, 0x000000061c400000| Complete 
| 104|0x000000061c800000, 0x000000061cc00000, 0x000000061cc00000|100%| E|CS|TAMS 0x000000061c800000, 0x000000061c800000| Complete 
| 105|0x000000061cc00000, 0x000000061d000000, 0x000000061d000000|100%| E|CS|TAMS 0x000000061cc00000, 0x000000061cc00000| Complete 
| 106|0x000000061d000000, 0x000000061d400000, 0x000000061d400000|100%| E|CS|TAMS 0x000000061d000000, 0x000000061d000000| Complete 
| 107|0x000000061d400000, 0x000000061d800000, 0x000000061d800000|100%| E|CS|TAMS 0x000000061d400000, 0x000000061d400000| Complete 
| 108|0x000000061d800000, 0x000000061d9c4080, 0x000000061dc00000| 44%| S|CS|TAMS 0x000000061d800000, 0x000000061d800000| Complete 
| 109|0x000000061dc00000, 0x000000061e000000, 0x000000061e000000|100%| S|CS|TAMS 0x000000061dc00000, 0x000000061dc00000| Complete 
| 110|0x000000061e000000, 0x000000061e400000, 0x000000061e400000|100%| E|CS|TAMS 0x000000061e000000, 0x000000061e000000| Complete 
| 111|0x000000061e400000, 0x000000061e800000, 0x000000061e800000|100%| E|CS|TAMS 0x000000061e400000, 0x000000061e400000| Complete 
| 112|0x000000061e800000, 0x000000061ec00000, 0x000000061ec00000|100%| E|CS|TAMS 0x000000061e800000, 0x000000061e800000| Complete 
| 113|0x000000061ec00000, 0x000000061f000000, 0x000000061f000000|100%| E|CS|TAMS 0x000000061ec00000, 0x000000061ec00000| Complete 
| 114|0x000000061f000000, 0x000000061f400000, 0x000000061f400000|100%| E|CS|TAMS 0x000000061f000000, 0x000000061f000000| Complete 
| 115|0x000000061f400000, 0x000000061f800000, 0x000000061f800000|100%| E|CS|TAMS 0x000000061f400000, 0x000000061f400000| Complete 
| 116|0x000000061f800000, 0x000000061fc00000, 0x000000061fc00000|100%| E|CS|TAMS 0x000000061f800000, 0x000000061f800000| Complete 
| 117|0x000000061fc00000, 0x0000000620000000, 0x0000000620000000|100%| E|CS|TAMS 0x000000061fc00000, 0x000000061fc00000| Complete 
| 118|0x0000000620000000, 0x0000000620400000, 0x0000000620400000|100%| E|CS|TAMS 0x0000000620000000, 0x0000000620000000| Complete 
| 119|0x0000000620400000, 0x0000000620800000, 0x0000000620800000|100%| E|CS|TAMS 0x0000000620400000, 0x0000000620400000| Complete 
| 120|0x0000000620800000, 0x0000000620c00000, 0x0000000620c00000|100%| E|CS|TAMS 0x0000000620800000, 0x0000000620800000| Complete 
| 121|0x0000000620c00000, 0x0000000621000000, 0x0000000621000000|100%| E|CS|TAMS 0x0000000620c00000, 0x0000000620c00000| Complete 
| 122|0x0000000621000000, 0x0000000621400000, 0x0000000621400000|100%| E|CS|TAMS 0x0000000621000000, 0x0000000621000000| Complete 
| 123|0x0000000621400000, 0x0000000621800000, 0x0000000621800000|100%| E|CS|TAMS 0x0000000621400000, 0x0000000621400000| Complete 
| 124|0x0000000621800000, 0x0000000621c00000, 0x0000000621c00000|100%| E|CS|TAMS 0x0000000621800000, 0x0000000621800000| Complete 
| 125|0x0000000621c00000, 0x0000000622000000, 0x0000000622000000|100%| E|CS|TAMS 0x0000000621c00000, 0x0000000621c00000| Complete 
| 126|0x0000000622000000, 0x0000000622400000, 0x0000000622400000|100%| E|CS|TAMS 0x0000000622000000, 0x0000000622000000| Complete 
| 127|0x0000000622400000, 0x0000000622800000, 0x0000000622800000|100%| E|CS|TAMS 0x0000000622400000, 0x0000000622400000| Complete 

Card table byte_map: [0x0000022950c50000,0x0000022951c40000] _byte_map_base: 0x000002294dc3c000

Marking Bits (Prev, Next): (CMBitMap*) 0x0000022938c36070, (CMBitMap*) 0x0000022938c360b0
 Prev Bits: [0x0000022952c30000, 0x000002295ab90000)
 Next Bits: [0x000002295ab90000, 0x0000022962af0000)

Polling page: 0x00000229369b0000

Metaspace:

Usage:
  Non-class:     14.20 MB used.
      Class:      1.73 MB used.
       Both:     15.94 MB used.

Virtual space:
  Non-class space:       16.00 MB reserved,      14.31 MB ( 89%) committed,  2 nodes.
      Class space:        1.00 GB reserved,       1.88 MB ( <1%) committed,  1 nodes.
             Both:        1.02 GB reserved,      16.19 MB (  2%) committed. 

Chunk freelists:
   Non-Class:  1.02 MB
       Class:  1.97 MB
        Both:  2.99 MB

MaxMetaspaceSize: unlimited
CompressedClassSpaceSize: 1.00 GB
Initial GC threshold: 21.00 MB
Current GC threshold: 21.00 MB
CDS: on
MetaspaceReclaimPolicy: balanced
 - commit_granule_bytes: 65536.
 - commit_granule_words: 8192.
 - virtual_space_node_default_size: 1048576.
 - enlarge_chunks_in_place: 1.
 - new_chunks_are_fully_committed: 0.
 - uncommit_free_chunks: 1.
 - use_allocation_guard: 0.
 - handle_deallocations: 1.


Internal statistics:

num_allocs_failed_limit: 0.
num_arena_births: 96.
num_arena_deaths: 0.
num_vsnodes_births: 3.
num_vsnodes_deaths: 0.
num_space_committed: 259.
num_space_uncommitted: 0.
num_chunks_returned_to_freelist: 0.
num_chunks_taken_from_freelist: 673.
num_chunk_merges: 0.
num_chunk_splits: 479.
num_chunks_enlarged: 382.
num_purges: 0.
num_inconsistent_stats: 0.

CodeHeap 'non-profiled nmethods': size=119168Kb used=2873Kb max_used=2873Kb free=116294Kb
 bounds [0x0000022947f70000, 0x0000022948240000, 0x000002294f3d0000]
CodeHeap 'profiled nmethods': size=119104Kb used=10812Kb max_used=10812Kb free=108291Kb
 bounds [0x0000022940b20000, 0x00000229415b0000, 0x0000022947f70000]
CodeHeap 'non-nmethods': size=7488Kb used=2876Kb max_used=2958Kb free=4612Kb
 bounds [0x00000229403d0000, 0x00000229406c0000, 0x0000022940b20000]
 total_blobs=5267 nmethods=4802 adapters=374
 compilation: enabled
              stopped_count=0, restarted_count=0
 full_count=0

Compilation events (20 events):
Event: 1.719 Thread 0x00000229665690b0 4774       3       java.lang.String::<init> (13 bytes)
Event: 1.719 Thread 0x00000229666125a0 4775       3       java.io.BufferedReader::<init> (62 bytes)
Event: 1.719 Thread 0x00000229666125a0 nmethod 4775 0x0000022941592b90 code [0x0000022941592d80, 0x0000022941593398]
Event: 1.719 Thread 0x00000229665690b0 nmethod 4774 0x0000022941593510 code [0x0000022941593720, 0x0000022941593d68]
Event: 1.727 Thread 0x00000229668ec160 nmethod 4762 0x0000022948218190 code [0x00000229482183a0, 0x0000022948219570]
Event: 1.727 Thread 0x00000229668ec160 4763       4       java.util.HashMap::put (13 bytes)
Event: 1.730 Thread 0x00000229666125a0 4780       3       org.apache.maven.plugin.internal.WagonExcluder::hashCode (28 bytes)
Event: 1.731 Thread 0x00000229666125a0 nmethod 4780 0x0000022941594090 code [0x0000022941594240, 0x00000229415944a8]
Event: 1.734 Thread 0x00000229668ec160 nmethod 4763 0x0000022948219f10 code [0x000002294821a0e0, 0x000002294821a958]
Event: 1.734 Thread 0x00000229668ec160 4764       4       org.apache.maven.model.merge.ModelMerger::mergePlugin_GroupId (41 bytes)
Event: 1.736 Thread 0x00000229668ec160 nmethod 4764 0x000002294821ae90 code [0x000002294821b020, 0x000002294821b238]
Event: 1.736 Thread 0x00000229668ec160 4765       4       org.apache.maven.model.inheritance.DefaultInheritanceAssembler$InheritanceModelMerger::mergePlugin (71 bytes)
Event: 1.741 Thread 0x0000022966919880 nmethod 4493 0x000002294821b410 code [0x000002294821b920, 0x0000022948224aa8]
Event: 1.742 Thread 0x0000022966919880 4776  s    4       java.util.Stack::pop (19 bytes)
Event: 1.744 Thread 0x0000022966919880 nmethod 4776 0x0000022948229c10 code [0x0000022948229da0, 0x000002294822a058]
Event: 1.744 Thread 0x0000022966919880 4777       4       org.codehaus.plexus.interpolation.PrefixAwareRecursionInterceptor::expressionResolutionStarted (23 bytes)
Event: 1.744 Thread 0x00000229666125a0 4781       3       org.apache.maven.model.io.xpp3.MavenXpp3Reader::parseBuildBase (582 bytes)
Event: 1.747 Thread 0x00000229666125a0 nmethod 4781 0x0000022941594590 code [0x0000022941594d40, 0x0000022941598f88]
Event: 1.754 Thread 0x0000022966919880 nmethod 4777 0x000002294822a290 code [0x000002294822a440, 0x000002294822b038]
Event: 1.754 Thread 0x0000022966919880 4779       4       org.codehaus.plexus.interpolation.AbstractDelegatingValueSource::getValue (11 bytes)

GC Heap History (6 events):
Event: 0.293 GC heap before
{Heap before GC invocations=0 (full 0):
 garbage-first heap   total 524288K, used 24576K [0x0000000602800000, 0x0000000800000000)
  region size 4096K, 6 young (24576K), 0 survivors (0K)
 Metaspace       used 4827K, committed 4992K, reserved 1056768K
  class space    used 564K, committed 640K, reserved 1048576K
}
Event: 0.295 GC heap after
{Heap after GC invocations=1 (full 0):
 garbage-first heap   total 524288K, used 3768K [0x0000000602800000, 0x0000000800000000)
  region size 4096K, 1 young (4096K), 1 survivors (4096K)
 Metaspace       used 4827K, committed 4992K, reserved 1056768K
  class space    used 564K, committed 640K, reserved 1048576K
}
Event: 0.509 GC heap before
{Heap before GC invocations=1 (full 0):
 garbage-first heap   total 524288K, used 28344K [0x0000000602800000, 0x0000000800000000)
  region size 4096K, 7 young (28672K), 1 survivors (4096K)
 Metaspace       used 8432K, committed 8576K, reserved 1064960K
  class space    used 1018K, committed 1088K, reserved 1048576K
}
Event: 0.511 GC heap after
{Heap after GC invocations=2 (full 0):
 garbage-first heap   total 524288K, used 4967K [0x0000000602800000, 0x0000000800000000)
  region size 4096K, 1 young (4096K), 1 survivors (4096K)
 Metaspace       used 8432K, committed 8576K, reserved 1064960K
  class space    used 1018K, committed 1088K, reserved 1048576K
}
Event: 1.113 GC heap before
{Heap before GC invocations=2 (full 0):
 garbage-first heap   total 524288K, used 74599K [0x0000000602800000, 0x0000000800000000)
  region size 4096K, 18 young (73728K), 1 survivors (4096K)
 Metaspace       used 14019K, committed 14272K, reserved 1064960K
  class space    used 1566K, committed 1664K, reserved 1048576K
}
Event: 1.116 GC heap after
{Heap after GC invocations=3 (full 0):
 garbage-first heap   total 524288K, used 9327K [0x0000000602800000, 0x0000000800000000)
  region size 4096K, 2 young (8192K), 2 survivors (8192K)
 Metaspace       used 14019K, committed 14272K, reserved 1064960K
  class space    used 1566K, committed 1664K, reserved 1048576K
}

Deoptimization events (20 events):
Event: 1.584 Thread 0x0000022938bbee80 Uncommon trap: trap_request=0xffffff45 fr.pc=0x000002294801ff5c relative=0x000000000000023c
Event: 1.584 Thread 0x0000022938bbee80 Uncommon trap: reason=unstable_if action=reinterpret pc=0x000002294801ff5c method=java.util.HashMap.hash(Ljava/lang/Object;)I @ 1 c2
Event: 1.584 Thread 0x0000022938bbee80 DEOPT PACKING pc=0x000002294801ff5c sp=0x000000e7262fd080
Event: 1.584 Thread 0x0000022938bbee80 DEOPT UNPACKING pc=0x0000022940425c23 sp=0x000000e7262fcf18 mode 2
Event: 1.584 Thread 0x0000022938bbee80 Uncommon trap: trap_request=0xffffff45 fr.pc=0x000002294801e2e8 relative=0x0000000000000248
Event: 1.584 Thread 0x0000022938bbee80 Uncommon trap: reason=unstable_if action=reinterpret pc=0x000002294801e2e8 method=java.util.HashMap.hash(Ljava/lang/Object;)I @ 1 c2
Event: 1.584 Thread 0x0000022938bbee80 DEOPT PACKING pc=0x000002294801e2e8 sp=0x000000e7262fd010
Event: 1.584 Thread 0x0000022938bbee80 DEOPT UNPACKING pc=0x0000022940425c23 sp=0x000000e7262fcf18 mode 2
Event: 1.585 Thread 0x0000022938bbee80 Uncommon trap: trap_request=0xffffff45 fr.pc=0x000002294801cf18 relative=0x0000000000000098
Event: 1.585 Thread 0x0000022938bbee80 Uncommon trap: reason=unstable_if action=reinterpret pc=0x000002294801cf18 method=java.util.HashMap.hash(Ljava/lang/Object;)I @ 1 c2
Event: 1.585 Thread 0x0000022938bbee80 DEOPT PACKING pc=0x000002294801cf18 sp=0x000000e7262fd020
Event: 1.585 Thread 0x0000022938bbee80 DEOPT UNPACKING pc=0x0000022940425c23 sp=0x000000e7262fcfb8 mode 2
Event: 1.611 Thread 0x0000022938bbee80 DEOPT PACKING pc=0x0000022941426ce5 sp=0x000000e7262fc150
Event: 1.611 Thread 0x0000022938bbee80 DEOPT UNPACKING pc=0x0000022940426763 sp=0x000000e7262fb640 mode 0
Event: 1.679 Thread 0x0000022938bbee80 Uncommon trap: trap_request=0xffffff45 fr.pc=0x0000022948085fac relative=0x0000000000000f6c
Event: 1.679 Thread 0x0000022938bbee80 Uncommon trap: reason=unstable_if action=reinterpret pc=0x0000022948085fac method=java.lang.String.indexOf(Ljava/lang/String;)I @ 10 c2
Event: 1.679 Thread 0x0000022938bbee80 DEOPT PACKING pc=0x0000022948085fac sp=0x000000e7262fd320
Event: 1.679 Thread 0x0000022938bbee80 DEOPT UNPACKING pc=0x0000022940425c23 sp=0x000000e7262fd1b8 mode 2
Event: 1.694 Thread 0x0000022938bbee80 DEOPT PACKING pc=0x000002294116ddd1 sp=0x000000e7262fc170
Event: 1.694 Thread 0x0000022938bbee80 DEOPT UNPACKING pc=0x0000022940426763 sp=0x000000e7262fb618 mode 0

Classes unloaded (0 events):
No events

Classes redefined (0 events):
No events

Internal exceptions (20 events):
Event: 0.084 Thread 0x0000022938bbee80 Exception <a 'java/lang/NullPointerException'{0x00000006220f6528}> (0x00000006220f6528) 
thrown [t:\workspace\open\src\hotspot\share\interpreter\linkResolver.cpp, line 1357]
Event: 0.084 Thread 0x0000022938bbee80 Exception <a 'java/lang/NullPointerException'{0x00000006220f6800}> (0x00000006220f6800) 
thrown [t:\workspace\open\src\hotspot\share\interpreter\linkResolver.cpp, line 1357]
Event: 0.084 Thread 0x0000022938bbee80 Exception <a 'java/lang/NullPointerException'{0x00000006220f6ad8}> (0x00000006220f6ad8) 
thrown [t:\workspace\open\src\hotspot\share\interpreter\linkResolver.cpp, line 1357]
Event: 0.085 Thread 0x0000022938bbee80 Exception <a 'java/lang/NullPointerException'{0x00000006220fc0a0}> (0x00000006220fc0a0) 
thrown [t:\workspace\open\src\hotspot\share\interpreter\linkResolver.cpp, line 1357]
Event: 0.087 Thread 0x0000022938bbee80 Exception <a 'java/lang/NullPointerException'{0x0000000622111910}> (0x0000000622111910) 
thrown [t:\workspace\open\src\hotspot\share\interpreter\linkResolver.cpp, line 1357]
Event: 0.087 Thread 0x0000022938bbee80 Exception <a 'java/lang/NullPointerException'{0x0000000622111be8}> (0x0000000622111be8) 
thrown [t:\workspace\open\src\hotspot\share\interpreter\linkResolver.cpp, line 1357]
Event: 0.087 Thread 0x0000022938bbee80 Exception <a 'java/lang/NullPointerException'{0x0000000622111ec0}> (0x0000000622111ec0) 
thrown [t:\workspace\open\src\hotspot\share\interpreter\linkResolver.cpp, line 1357]
Event: 0.087 Thread 0x0000022938bbee80 Exception <a 'java/lang/NullPointerException'{0x0000000622112198}> (0x0000000622112198) 
thrown [t:\workspace\open\src\hotspot\share\interpreter\linkResolver.cpp, line 1357]
Event: 0.230 Thread 0x0000022938bbee80 Exception <a 'java/lang/NoSuchMethodError'{0x0000000621407ee0}: 'java.lang.Object java.lang.invoke.DirectMethodHandle$Holder.newInvokeSpecial(java.lang.Object, java.lang.Object, java.lang.Object, java.lang.Object, java.lang.Object)'> (0x0000000621407ee0) 
thrown [t:\workspace\open\src\hotspot\share\interpreter\linkResolver.cpp, line 766]
Event: 0.247 Thread 0x0000022938bbee80 Exception <a 'java/lang/NoClassDefFoundError'{0x0000000621569eb8}: javax/enterprise/inject/Typed> (0x0000000621569eb8) 
thrown [t:\workspace\open\src\hotspot\share\classfile\systemDictionary.cpp, line 245]
Event: 0.595 Thread 0x0000022938bbee80 Exception <a 'java/lang/NoClassDefFoundError'{0x0000000621c8d4e8}: com/google/inject/servlet/ServletModuleTargetVisitor> (0x0000000621c8d4e8) 
thrown [t:\workspace\open\src\hotspot\share\classfile\systemDictionary.cpp, line 245]
Event: 0.629 Thread 0x0000022938bbee80 Exception <a 'java/lang/NoSuchMethodError'{0x0000000621ecdbe8}: 'java.lang.Object java.lang.invoke.DirectMethodHandle$Holder.invokeStaticInit(java.lang.Object, int, int, int, int)'> (0x0000000621ecdbe8) 
thrown [t:\workspace\open\src\hotspot\share\interpreter\linkResolver.cpp, line 766]
Event: 0.711 Thread 0x0000022938bbee80 Implicit null exception at 0x0000022947ff57f2 to 0x0000022947ff5e40
Event: 0.711 Thread 0x0000022938bbee80 Implicit null exception at 0x0000022947f9ae72 to 0x0000022947f9b4d8
Event: 1.373 Thread 0x0000022938bbee80 Implicit null exception at 0x00000229481846c4 to 0x0000022948188844
Event: 1.439 Thread 0x0000022938bbee80 Implicit null exception at 0x0000022948194dbc to 0x000002294819a274
Event: 1.583 Thread 0x0000022938bbee80 Implicit null exception at 0x00000229480495d8 to 0x000002294804966e
Event: 1.584 Thread 0x0000022938bbee80 Implicit null exception at 0x000002294801fd6d to 0x000002294801ff3c
Event: 1.584 Thread 0x0000022938bbee80 Implicit null exception at 0x000002294801e0ed to 0x000002294801e2c8
Event: 1.585 Thread 0x0000022938bbee80 Implicit null exception at 0x000002294801ce8f to 0x000002294801cf09

VM Operations (20 events):
Event: 0.848 Executing VM operation: HandshakeAllThreads
Event: 0.848 Executing VM operation: HandshakeAllThreads done
Event: 0.885 Executing VM operation: ICBufferFull
Event: 0.885 Executing VM operation: ICBufferFull done
Event: 0.992 Executing VM operation: HandshakeAllThreads
Event: 0.992 Executing VM operation: HandshakeAllThreads done
Event: 1.056 Executing VM operation: ICBufferFull
Event: 1.056 Executing VM operation: ICBufferFull done
Event: 1.113 Executing VM operation: G1CollectForAllocation
Event: 1.116 Executing VM operation: G1CollectForAllocation done
Event: 1.245 Executing VM operation: ICBufferFull
Event: 1.245 Executing VM operation: ICBufferFull done
Event: 1.288 Executing VM operation: HandshakeAllThreads
Event: 1.288 Executing VM operation: HandshakeAllThreads done
Event: 1.315 Executing VM operation: HandshakeAllThreads
Event: 1.315 Executing VM operation: HandshakeAllThreads done
Event: 1.458 Executing VM operation: ICBufferFull
Event: 1.458 Executing VM operation: ICBufferFull done
Event: 1.638 Executing VM operation: ICBufferFull
Event: 1.639 Executing VM operation: ICBufferFull done

Events (20 events):
Event: 1.233 loading class java/lang/constant/DirectMethodHandleDescImpl
Event: 1.233 loading class java/lang/constant/DirectMethodHandleDesc
Event: 1.233 loading class java/lang/constant/DirectMethodHandleDesc done
Event: 1.233 loading class java/lang/constant/DirectMethodHandleDescImpl done
Event: 1.233 loading class java/lang/constant/DirectMethodHandleDescImpl$1
Event: 1.233 loading class java/lang/constant/DirectMethodHandleDescImpl$1 done
Event: 1.233 loading class java/lang/constant/DirectMethodHandleDesc$1
Event: 1.233 loading class java/lang/constant/DirectMethodHandleDesc$1 done
Event: 1.233 loading class java/lang/constant/PrimitiveClassDescImpl
Event: 1.233 loading class java/lang/constant/DynamicConstantDesc
Event: 1.233 loading class java/lang/constant/DynamicConstantDesc done
Event: 1.233 loading class java/lang/constant/PrimitiveClassDescImpl done
Event: 1.233 loading class java/lang/constant/DynamicConstantDesc$AnonymousDynamicConstantDesc
Event: 1.233 loading class java/lang/constant/DynamicConstantDesc$AnonymousDynamicConstantDesc done
Event: 1.235 loading class java/lang/IllegalAccessError
Event: 1.235 loading class java/lang/IllegalAccessError done
Event: 1.285 loading class java/util/zip/GZIPInputStream
Event: 1.285 loading class java/util/zip/GZIPInputStream done
Event: 1.312 loading class java/util/Vector$Itr
Event: 1.312 loading class java/util/Vector$Itr done


Dynamic libraries:
0x00007ff7a7110000 - 0x00007ff7a7120000 	C:\Program Files\Java\jdk-17.0.1\bin\java.exe
0x00007ffc37ba0000 - 0x00007ffc37da7000 	C:\WINDOWS\SYSTEM32\ntdll.dll
0x00007ffc377e0000 - 0x00007ffc3789d000 	C:\WINDOWS\System32\KERNEL32.DLL
0x00007ffc35610000 - 0x00007ffc35984000 	C:\WINDOWS\System32\KERNELBASE.dll
0x00007ffc35480000 - 0x00007ffc35591000 	C:\WINDOWS\System32\ucrtbase.dll
0x00007ffc274c0000 - 0x00007ffc274da000 	C:\Program Files\Java\jdk-17.0.1\bin\VCRUNTIME140.dll
0x00007ffc274a0000 - 0x00007ffc274b8000 	C:\Program Files\Java\jdk-17.0.1\bin\jli.dll
0x00007ffc379c0000 - 0x00007ffc37a6c000 	C:\WINDOWS\System32\ADVAPI32.dll
0x00007ffc364d0000 - 0x00007ffc36573000 	C:\WINDOWS\System32\msvcrt.dll
0x00007ffc36ea0000 - 0x00007ffc36f3d000 	C:\WINDOWS\System32\sechost.dll
0x00007ffc361f0000 - 0x00007ffc36311000 	C:\WINDOWS\System32\RPCRT4.dll
0x00007ffc37340000 - 0x00007ffc374ec000 	C:\WINDOWS\System32\USER32.dll
0x00007ffc276e0000 - 0x00007ffc27985000 	C:\WINDOWS\WinSxS\amd64_microsoft.windows.common-controls_6595b64144ccf1df_6.0.22000.120_none_9d947278b86cc467\COMCTL32.dll
0x00007ffc35450000 - 0x00007ffc35476000 	C:\WINDOWS\System32\win32u.dll
0x00007ffc364a0000 - 0x00007ffc364c9000 	C:\WINDOWS\System32\GDI32.dll
0x00007ffc35330000 - 0x00007ffc35442000 	C:\WINDOWS\System32\gdi32full.dll
0x00007ffc2d0c0000 - 0x00007ffc2d0ca000 	C:\WINDOWS\SYSTEM32\VERSION.dll
0x00007ffc35990000 - 0x00007ffc35a2d000 	C:\WINDOWS\System32\msvcp_win.dll
0x00007ffc37510000 - 0x00007ffc37541000 	C:\WINDOWS\System32\IMM32.DLL
0x00007ffc27490000 - 0x00007ffc2749c000 	C:\Program Files\Java\jdk-17.0.1\bin\vcruntime140_1.dll
0x00007ffbfd240000 - 0x00007ffbfd2cd000 	C:\Program Files\Java\jdk-17.0.1\bin\msvcp140.dll
0x00007ffbd00a0000 - 0x00007ffbd0c5e000 	C:\Program Files\Java\jdk-17.0.1\bin\server\jvm.dll
0x00007ffc37b50000 - 0x00007ffc37b58000 	C:\WINDOWS\System32\PSAPI.DLL
0x00007ffc0ac20000 - 0x00007ffc0ac29000 	C:\WINDOWS\SYSTEM32\WSOCK32.dll
0x00007ffc2a6f0000 - 0x00007ffc2a723000 	C:\WINDOWS\SYSTEM32\WINMM.dll
0x00007ffc36e20000 - 0x00007ffc36e8f000 	C:\WINDOWS\System32\WS2_32.dll
0x00007ffc34290000 - 0x00007ffc342a8000 	C:\WINDOWS\SYSTEM32\kernel.appcore.dll
0x00007ffc27460000 - 0x00007ffc2746a000 	C:\Program Files\Java\jdk-17.0.1\bin\jimage.dll
0x00007ffc086d0000 - 0x00007ffc088f1000 	C:\WINDOWS\SYSTEM32\DBGHELP.DLL
0x00007ffc08120000 - 0x00007ffc08151000 	C:\WINDOWS\SYSTEM32\dbgcore.DLL
0x00007ffc351f0000 - 0x00007ffc3526f000 	C:\WINDOWS\System32\bcryptPrimitives.dll
0x00007ffc272a0000 - 0x00007ffc272c5000 	C:\Program Files\Java\jdk-17.0.1\bin\java.dll
0x00007ffbd1780000 - 0x00007ffbd1856000 	C:\Program Files\Java\jdk-17.0.1\bin\svml.dll
0x00007ffc36670000 - 0x00007ffc36e1e000 	C:\WINDOWS\System32\SHELL32.dll
0x00007ffc33230000 - 0x00007ffc33a97000 	C:\WINDOWS\SYSTEM32\windows.storage.dll
0x00007ffc36fb0000 - 0x00007ffc37328000 	C:\WINDOWS\System32\combase.dll
0x00007ffc330c0000 - 0x00007ffc33226000 	C:\WINDOWS\SYSTEM32\wintypes.dll
0x00007ffc36580000 - 0x00007ffc3666a000 	C:\WINDOWS\System32\SHCORE.dll
0x00007ffc37af0000 - 0x00007ffc37b4d000 	C:\WINDOWS\System32\shlwapi.dll
0x00007ffc34fb0000 - 0x00007ffc34fd1000 	C:\WINDOWS\SYSTEM32\profapi.dll
0x00007ffc27220000 - 0x00007ffc27239000 	C:\Program Files\Java\jdk-17.0.1\bin\net.dll
0x00007ffc2f510000 - 0x00007ffc2f61c000 	C:\WINDOWS\SYSTEM32\WINHTTP.dll
0x00007ffc346a0000 - 0x00007ffc34707000 	C:\WINDOWS\system32\mswsock.dll
0x00007ffc27200000 - 0x00007ffc27215000 	C:\Program Files\Java\jdk-17.0.1\bin\nio.dll
0x00007ffc271e0000 - 0x00007ffc271f8000 	C:\Program Files\Java\jdk-17.0.1\bin\zip.dll
0x0000000069ac0000 - 0x0000000069ae4000 	C:\Users\Miken\AppData\Local\Temp\jansi-2.4.0-1b3896a82d5a16d7-jansi.dll
0x00007ffc271d0000 - 0x00007ffc271e0000 	C:\Program Files\Java\jdk-17.0.1\bin\verify.dll

dbghelp: loaded successfully - version: 4.0.5 - missing functions: none
symbol engine: initialized successfully - sym options: 0x614 - pdb path: .;C:\Program Files\Java\jdk-17.0.1\bin;C:\WINDOWS\SYSTEM32;C:\WINDOWS\WinSxS\amd64_microsoft.windows.common-controls_6595b64144ccf1df_6.0.22000.120_none_9d947278b86cc467;C:\Program Files\Java\jdk-17.0.1\bin\server;C:\Users\Miken\AppData\Local\Temp

VM Arguments:
jvm_args: -Dmaven.multiModuleProjectDirectory=C:\IntelliJ Arbeitsplatz\Banarnia -Dmaven.home=C:\Maven\apache-maven-3.8.4 -Dclassworlds.conf=C:\Maven\apache-maven-3.8.4\bin\m2.conf -Dmaven.ext.class.path=C:\Program Files\JetBrains\IntelliJ IDEA Community Edition 2021.2.3\plugins\maven\lib\maven-event-listener.jar -Dfile.encoding=UTF-8 
java_command: org.codehaus.classworlds.Launcher -Didea.version=2021.2.3 install --projects de.banarnia.bungeecord:BungeeCord,de.banarnia:Banarnia,de.banarnia:Proxy,de.banarnia:Lib,de.banarnia.api:API,de.banarnia:Spigot
java_class_path (initial): C:\Maven\apache-maven-3.8.4\boot\plexus-classworlds-2.6.0.jar;C:\Maven\apache-maven-3.8.4\boot\plexus-classworlds.license
Launcher Type: SUN_STANDARD

[Global flags]
     intx CICompilerCount                          = 12                                        {product} {ergonomic}
     uint ConcGCThreads                            = 3                                         {product} {ergonomic}
     uint G1ConcRefinementThreads                  = 13                                        {product} {ergonomic}
   size_t G1HeapRegionSize                         = 4194304                                   {product} {ergonomic}
    uintx GCDrainStackTargetSize                   = 64                                        {product} {ergonomic}
   size_t InitialHeapSize                          = 536870912                                 {product} {ergonomic}
   size_t MarkStackSize                            = 4194304                                   {product} {ergonomic}
   size_t MaxHeapSize                              = 8547991552                                {product} {ergonomic}
   size_t MaxNewSize                               = 5125439488                                {product} {ergonomic}
   size_t MinHeapDeltaBytes                        = 4194304                                   {product} {ergonomic}
   size_t MinHeapSize                              = 8388608                                   {product} {ergonomic}
    uintx NonNMethodCodeHeapSize                   = 7602480                                {pd product} {ergonomic}
    uintx NonProfiledCodeHeapSize                  = 122027880                              {pd product} {ergonomic}
    uintx ProfiledCodeHeapSize                     = 122027880                              {pd product} {ergonomic}
    uintx ReservedCodeCacheSize                    = 251658240                              {pd product} {ergonomic}
     bool SegmentedCodeCache                       = true                                      {product} {ergonomic}
   size_t SoftMaxHeapSize                          = 8547991552                             {manageable} {ergonomic}
     bool UseCompressedClassPointers               = true                           {product lp64_product} {ergonomic}
     bool UseCompressedOops                        = true                           {product lp64_product} {ergonomic}
     bool UseG1GC                                  = true                                      {product} {ergonomic}
     bool UseLargePagesIndividualAllocation        = false                                  {pd product} {ergonomic}

Logging:
Log output configuration:
 #0: stdout all=warning uptime,level,tags
 #1: stderr all=off uptime,level,tags

Environment Variables:
JAVA_HOME=C:\Progra~2\Java\jdk-17.0.1
PATH=C:\Program Files\Common Files\Oracle\Java\javapath;C:\WINDOWS\system32;C:\WINDOWS;C:\WINDOWS\System32\Wbem;C:\WINDOWS\System32\WindowsPowerShell\v1.0\;C:\WINDOWS\System32\OpenSSH\;C:\Program Files\Git\cmd;C:\Users\Miken\AppData\Local\Microsoft\WindowsApps;C:\Progra~2\Java\jdk-17.0.1\bin;C:\Maven\apache-maven-3.8.4\bin;C:\Users\Miken\AppData\Local\GitHubDesktop\bin;C:\Program Files\JetBrains\IntelliJ IDEA Community Edition 2021.2.3\bin;
USERNAME=Miken
OS=Windows_NT
PROCESSOR_IDENTIFIER=Intel64 Family 6 Model 167 Stepping 1, GenuineIntel



---------------  S Y S T E M  ---------------

OS:
 Windows 10 , 64 bit Build 22000 (10.0.22000.318)
OS uptime: 0 days 7:38 hours

CPU: total 16 (initial active 16) (8 cores per cpu, 2 threads per core) family 6 model 167 stepping 1 microcode 0x3c, cx8, cmov, fxsr, ht, mmx, 3dnowpref, sse, sse2, sse3, ssse3, sse4.1, sse4.2, popcnt, lzcnt, tsc, tscinvbit, avx, avx2, aes, erms, clmul, bmi1, bmi2, adx, avx512f, avx512dq, avx512cd, avx512bw, avx512vl, sha, fma, vzeroupper, avx512_vpopcntdq, avx512_vpclmulqdq, avx512_vaes, avx512_vnni, clflush, clflushopt, avx512_vbmi2, avx512_vbmi

Memory: 4k page, system-wide physical 32605M (20404M free)
TotalPageFile size 37469M (AvailPageFile size 17978M)
current process WorkingSet (physical memory assigned to process): 280M, peak: 280M
current process commit charge ("private bytes"): 754M, peak: 757M

vm_info: Java HotSpot(TM) 64-Bit Server VM (17.0.1+12-LTS-39) for windows-amd64 JRE (17.0.1+12-LTS-39), built on Sep 27 2021 18:41:35 by "mach5one" with MS VC++ 16.8 (VS2019)

END.
