#
# A fatal error has been detected by the Java Runtime Environment:
#
#  Internal Error (relocInfo_x86.cpp:106), pid=19316, tid=3248
#  Error: ShouldNotReachHere()
#
# JRE version: Java(TM) SE Runtime Environment (17.0.1+12) (build 17.0.1+12-LTS-39)
# Java VM: Java HotSpot(TM) 64-Bit Server VM (17.0.1+12-LTS-39, mixed mode, sharing, tiered, compressed oops, compressed class ptrs, g1 gc, windows-amd64)
# No core dump will be written. Minidumps are not enabled by default on client versions of Windows
#
# If you would like to submit a bug report, please visit:
#   https://bugreport.java.com/bugreport/crash.jsp
#

---------------  S U M M A R Y ------------

Command Line: -Dmaven.multiModuleProjectDirectory=C:\IntelliJ Arbeitsplatz\Banarnia -Dmaven.home=C:\Maven\apache-maven-3.8.4 -Dclassworlds.conf=C:\Maven\apache-maven-3.8.4\bin\m2.conf -Dmaven.ext.class.path=C:\Program Files\JetBrains\IntelliJ IDEA Community Edition 2021.2.3\plugins\maven\lib\maven-event-listener.jar -Dfile.encoding=UTF-8 org.codehaus.classworlds.Launcher -Didea.version=2021.2.3 install --projects de.banarnia.bungeecord:BungeeCord,de.banarnia:Banarnia,de.banarnia:Proxy,de.banarnia:Lib,de.banarnia.api:API,de.banarnia:Spigot

Host: 11th Gen Intel(R) Core(TM) i7-11700K @ 3.60GHz, 16 cores, 31G,  Windows 10 , 64 bit Build 22000 (10.0.22000.318)
Time: Wed Jan  5 18:43:29 2022 Mitteleuropäische Zeit elapsed time: 3.736458 seconds (0d 0h 0m 3s)

---------------  T H R E A D  ---------------

Current thread (0x000002565386cfd0):  JavaThread "C1 CompilerThread3" daemon [_thread_in_vm, id=3248, stack(0x000000c29e700000,0x000000c29e800000)]


Current CompileTask:
C1:   3736 7595       3       com.sun.tools.javac.file.PathFileObject::openInputStream (19 bytes)

Stack: [0x000000c29e700000,0x000000c29e800000]
Native frames: (J=compiled Java code, j=interpreted, Vv=VM code, C=native code)
V  [jvm.dll+0x66fa1a]
V  [jvm.dll+0x7ce5a4]
V  [jvm.dll+0x7cfd4e]
V  [jvm.dll+0x7d0367]
V  [jvm.dll+0x242a6c]
V  [jvm.dll+0x2429b3]
V  [jvm.dll+0x6c0b14]
V  [jvm.dll+0x6bf245]
V  [jvm.dll+0x1feb06]
V  [jvm.dll+0x1fd1d6]
V  [jvm.dll+0x645d84]
V  [jvm.dll+0x648c64]
V  [jvm.dll+0x1c2bb7]
V  [jvm.dll+0x131fc1]
V  [jvm.dll+0x13138a]
V  [jvm.dll+0x133051]
V  [jvm.dll+0x224848]
V  [jvm.dll+0x2229ac]
V  [jvm.dll+0x78435b]
V  [jvm.dll+0x77e91a]
V  [jvm.dll+0x66e845]
C  [ucrtbase.dll+0x26c0c]
C  [KERNEL32.DLL+0x154e0]
C  [ntdll.dll+0x485b]


---------------  P R O C E S S  ---------------

Threads class SMR info:
_java_thread_list=0x0000025653de79d0, length=22, elements={
0x000002562598c300, 0x0000025652941f40, 0x0000025652943290, 0x0000025652955580,
0x0000025652956f40, 0x0000025652958090, 0x00000256529591e0, 0x000002565295b070,
0x0000025653400820, 0x0000025653413900, 0x0000025653516500, 0x0000025653522a80,
0x000002565352da20, 0x0000025653540780, 0x000002565386cfd0, 0x0000025653dade60,
0x0000025653d2df10, 0x0000025653da20d0, 0x0000025653da25e0, 0x000002565437b940,
0x0000025653ffe880, 0x00000256541e5ea0
}

Java Threads: ( => current thread )
  0x000002562598c300 JavaThread "main" [_thread_blocked, id=22336, stack(0x000000c29d200000,0x000000c29d300000)]
  0x0000025652941f40 JavaThread "Reference Handler" daemon [_thread_blocked, id=20940, stack(0x000000c29d900000,0x000000c29da00000)]
  0x0000025652943290 JavaThread "Finalizer" daemon [_thread_blocked, id=21568, stack(0x000000c29da00000,0x000000c29db00000)]
  0x0000025652955580 JavaThread "Signal Dispatcher" daemon [_thread_blocked, id=20084, stack(0x000000c29db00000,0x000000c29dc00000)]
  0x0000025652956f40 JavaThread "Attach Listener" daemon [_thread_blocked, id=16772, stack(0x000000c29dc00000,0x000000c29dd00000)]
  0x0000025652958090 JavaThread "Service Thread" daemon [_thread_blocked, id=13808, stack(0x000000c29dd00000,0x000000c29de00000)]
  0x00000256529591e0 JavaThread "Monitor Deflation Thread" daemon [_thread_blocked, id=20520, stack(0x000000c29de00000,0x000000c29df00000)]
  0x000002565295b070 JavaThread "C2 CompilerThread0" daemon [_thread_in_native, id=22280, stack(0x000000c29df00000,0x000000c29e000000)]
  0x0000025653400820 JavaThread "C1 CompilerThread0" daemon [_thread_blocked, id=12888, stack(0x000000c29e000000,0x000000c29e100000)]
  0x0000025653413900 JavaThread "Sweeper thread" daemon [_thread_blocked, id=7380, stack(0x000000c29e100000,0x000000c29e200000)]
  0x0000025653516500 JavaThread "C1 CompilerThread1" daemon [_thread_blocked, id=4896, stack(0x000000c29e200000,0x000000c29e300000)]
  0x0000025653522a80 JavaThread "C1 CompilerThread2" daemon [_thread_blocked, id=15840, stack(0x000000c29e300000,0x000000c29e400000)]
  0x000002565352da20 JavaThread "Notification Thread" daemon [_thread_blocked, id=3156, stack(0x000000c29e400000,0x000000c29e500000)]
  0x0000025653540780 JavaThread "Common-Cleaner" daemon [_thread_blocked, id=20400, stack(0x000000c29e600000,0x000000c29e700000)]
=>0x000002565386cfd0 JavaThread "C1 CompilerThread3" daemon [_thread_in_vm, id=3248, stack(0x000000c29e700000,0x000000c29e800000)]
  0x0000025653dade60 JavaThread "C2 CompilerThread1" daemon [_thread_in_native, id=21260, stack(0x000000c29e800000,0x000000c29e900000)]
  0x0000025653d2df10 JavaThread "C2 CompilerThread2" daemon [_thread_in_vm, id=1144, stack(0x000000c29e900000,0x000000c29ea00000)]
  0x0000025653da20d0 JavaThread "C2 CompilerThread3" daemon [_thread_blocked, id=8280, stack(0x000000c29ea00000,0x000000c29eb00000)]
  0x0000025653da25e0 JavaThread "C2 CompilerThread4" daemon [_thread_in_native, id=18496, stack(0x000000c29eb00000,0x000000c29ec00000)]
  0x000002565437b940 JavaThread "C2 CompilerThread5" daemon [_thread_in_native, id=1576, stack(0x000000c29ec00000,0x000000c29ed00000)]
  0x0000025653ffe880 JavaThread "C2 CompilerThread6" daemon [_thread_in_native, id=20104, stack(0x000000c29ed00000,0x000000c29ee00000)]
  0x00000256541e5ea0 JavaThread "C2 CompilerThread7" daemon [_thread_in_native, id=20548, stack(0x000000c29ee00000,0x000000c29ef00000)]

Other Threads:
  0x000002565293bd00 VMThread "VM Thread" [stack: 0x000000c29d800000,0x000000c29d900000] [id=18644]
  0x0000025653533f10 WatcherThread [stack: 0x000000c29e500000,0x000000c29e600000] [id=836]
  0x0000025625a032d0 GCTaskThread "GC Thread#0" [stack: 0x000000c29d300000,0x000000c29d400000] [id=9872]
  0x000002565418d860 GCTaskThread "GC Thread#1" [stack: 0x000000c29ef00000,0x000000c29f000000] [id=12584]
  0x0000025653d651a0 GCTaskThread "GC Thread#2" [stack: 0x000000c29f000000,0x000000c29f100000] [id=7048]
  0x00000256535c9550 GCTaskThread "GC Thread#3" [stack: 0x000000c29f100000,0x000000c29f200000] [id=13044]
  0x000002565437be50 GCTaskThread "GC Thread#4" [stack: 0x000000c29f200000,0x000000c29f300000] [id=1848]
  0x00000256541adb70 GCTaskThread "GC Thread#5" [stack: 0x000000c29f300000,0x000000c29f400000] [id=19028]
  0x0000025653d74cd0 GCTaskThread "GC Thread#6" [stack: 0x000000c29f400000,0x000000c29f500000] [id=21132]
  0x0000025654829550 GCTaskThread "GC Thread#7" [stack: 0x000000c29f500000,0x000000c29f600000] [id=21516]
  0x0000025654db56e0 GCTaskThread "GC Thread#8" [stack: 0x000000c29f600000,0x000000c29f700000] [id=4644]
  0x0000025654db5990 GCTaskThread "GC Thread#9" [stack: 0x000000c29f700000,0x000000c29f800000] [id=21360]
  0x0000025654db5c40 GCTaskThread "GC Thread#10" [stack: 0x000000c29f800000,0x000000c29f900000] [id=32]
  0x0000025654b33020 GCTaskThread "GC Thread#11" [stack: 0x000000c29f900000,0x000000c29fa00000] [id=21352]
  0x0000025654da90c0 GCTaskThread "GC Thread#12" [stack: 0x000000c29fa00000,0x000000c29fb00000] [id=19852]
  0x0000025625a140d0 ConcurrentGCThread "G1 Main Marker" [stack: 0x000000c29d400000,0x000000c29d500000] [id=19780]
  0x0000025625a15280 ConcurrentGCThread "G1 Conc#0" [stack: 0x000000c29d500000,0x000000c29d600000] [id=2248]
  0x0000025654da98d0 ConcurrentGCThread "G1 Conc#1" [stack: 0x000000c29fb00000,0x000000c29fc00000] [id=19156]
  0x0000025654da9b80 ConcurrentGCThread "G1 Conc#2" [stack: 0x000000c29fc00000,0x000000c29fd00000] [id=20476]
  0x0000025625a6d9d0 ConcurrentGCThread "G1 Refine#0" [stack: 0x000000c29d600000,0x000000c29d700000] [id=21092]
  0x000002565952b240 ConcurrentGCThread "G1 Refine#1" [stack: 0x000000c29fd00000,0x000000c29fe00000] [id=19872]
  0x000002565952c380 ConcurrentGCThread "G1 Refine#2" [stack: 0x000000c29fe00000,0x000000c29ff00000] [id=22436]
  0x000002565952b800 ConcurrentGCThread "G1 Refine#3" [stack: 0x000000c29ff00000,0x000000c2a0000000] [id=20272]
  0x000002565952bae0 ConcurrentGCThread "G1 Refine#4" [stack: 0x000000c2a0000000,0x000000c2a0100000] [id=8660]
  0x000002565952cc20 ConcurrentGCThread "G1 Refine#5" [stack: 0x000000c2a0100000,0x000000c2a0200000] [id=13184]
  0x000002565952c0a0 ConcurrentGCThread "G1 Refine#6" [stack: 0x000000c2a0200000,0x000000c2a0300000] [id=21580]
  0x0000025625a6e3f0 ConcurrentGCThread "G1 Service" [stack: 0x000000c29d700000,0x000000c29d800000] [id=3888]

Threads with active compile tasks:
C2 CompilerThread0     3748 7503       4       com.sun.tools.javac.comp.Resolve::findIdentInPackageInternal (140 bytes)
C1 CompilerThread3     3748 7595       3       com.sun.tools.javac.file.PathFileObject::openInputStream (19 bytes)
C2 CompilerThread1     3748 7415   !   4       com.sun.tools.javac.comp.Resolve::loadClass (83 bytes)
C2 CompilerThread2     3748 7428       4       com.sun.tools.javac.comp.Attr$ResultInfo::check (21 bytes)
C2 CompilerThread3     3748 7514       4       com.sun.tools.javac.comp.Resolve::findInheritedMemberType (186 bytes)
C2 CompilerThread4     3748 7502       4       com.sun.tools.javac.comp.Resolve::findIdentInPackage (18 bytes)
C2 CompilerThread5     3748 7533   !   4       com.sun.tools.javac.code.ClassFinder::complete (166 bytes)
C2 CompilerThread6     3748 7501       4       com.sun.tools.javac.comp.Attr::selectSym (457 bytes)
C2 CompilerThread7     3748 7416   !   4       com.sun.tools.javac.code.ClassFinder::loadClass (127 bytes)

VM state: not at safepoint (normal execution)

VM Mutex/Monitor currently owned by a thread:  ([mutex/lock_event])
[0x0000025625976bd0] CodeCache_lock - owner thread: 0x000002565386cfd0
[0x0000025625986c30] Compile_lock - owner thread: 0x000002565386cfd0
[0x0000025625986cc0] MethodCompileQueue_lock - owner thread: 0x000002565386cfd0

Heap address: 0x0000000602800000, size: 8152 MB, Compressed Oops mode: Zero based, Oop shift amount: 3

CDS archive(s) mapped at: [0x0000000800000000-0x0000000800bc0000-0x0000000800bc0000), size 12320768, SharedBaseAddress: 0x0000000800000000, ArchiveRelocationMode: 0.
Compressed class space mapped at: 0x0000000800c00000-0x0000000840c00000, reserved size: 1073741824
Narrow klass base: 0x0000000800000000, Narrow klass shift: 0, Narrow klass range: 0x100000000

GC Precious Log:
 CPUs: 16 total, 16 available
 Memory: 32605M
 Large Page Support: Disabled
 NUMA Support: Disabled
 Compressed Oops: Enabled (Zero based)
 Heap Region Size: 4M
 Heap Min Capacity: 8M
 Heap Initial Capacity: 512M
 Heap Max Capacity: 8152M
 Pre-touch: Disabled
 Parallel Workers: 13
 Concurrent Workers: 3
 Concurrent Refinement Workers: 13
 Periodic GC: Disabled

Heap:
 garbage-first heap   total 303104K, used 96036K [0x0000000602800000, 0x0000000800000000)
  region size 4096K, 15 young (61440K), 1 survivors (4096K)
 Metaspace       used 28308K, committed 28672K, reserved 1081344K
  class space    used 3083K, committed 3264K, reserved 1048576K

Heap Regions: E=young(eden), S=young(survivor), O=old, HS=humongous(starts), HC=humongous(continues), CS=collection set, F=free, OA=open archive, CA=closed archive, TAMS=top-at-mark-start (previous, next)
|   0|0x0000000602800000, 0x0000000602c00000, 0x0000000602c00000|100%| O|  |TAMS 0x0000000602800000, 0x0000000602800000| Untracked 
|   1|0x0000000602c00000, 0x0000000603000000, 0x0000000603000000|100%| O|  |TAMS 0x0000000602c00000, 0x0000000602c00000| Untracked 
|   2|0x0000000603000000, 0x0000000603400000, 0x0000000603400000|100%| O|  |TAMS 0x0000000603000000, 0x0000000603000000| Untracked 
|   3|0x0000000603400000, 0x0000000603800000, 0x0000000603800000|100%| O|  |TAMS 0x0000000603400000, 0x0000000603400000| Untracked 
|   4|0x0000000603800000, 0x0000000603c00000, 0x0000000603c00000|100%| O|  |TAMS 0x0000000603800000, 0x0000000603800000| Untracked 
|   5|0x0000000603c00000, 0x0000000604000000, 0x0000000604000000|100%| O|  |TAMS 0x0000000603c00000, 0x0000000603c00000| Untracked 
|   6|0x0000000604000000, 0x000000060422ae00, 0x0000000604400000| 54%| O|  |TAMS 0x0000000604000000, 0x0000000604000000| Untracked 
|   7|0x0000000604400000, 0x0000000604400000, 0x0000000604800000|  0%| F|  |TAMS 0x0000000604400000, 0x0000000604400000| Untracked 
|   8|0x0000000604800000, 0x0000000604c00000, 0x0000000604c00000|100%| O|  |TAMS 0x0000000604800000, 0x0000000604800000| Untracked 
|   9|0x0000000604c00000, 0x0000000605000000, 0x0000000605000000|100%| O|  |TAMS 0x0000000604c00000, 0x0000000604c00000| Untracked 
|  10|0x0000000605000000, 0x0000000605400000, 0x0000000605400000|100%| O|  |TAMS 0x0000000605000000, 0x0000000605000000| Untracked 
|  11|0x0000000605400000, 0x0000000605400000, 0x0000000605800000|  0%| F|  |TAMS 0x0000000605400000, 0x0000000605400000| Untracked 
|  12|0x0000000605800000, 0x0000000605800000, 0x0000000605c00000|  0%| F|  |TAMS 0x0000000605800000, 0x0000000605800000| Untracked 
|  13|0x0000000605c00000, 0x0000000605c00000, 0x0000000606000000|  0%| F|  |TAMS 0x0000000605c00000, 0x0000000605c00000| Untracked 
|  14|0x0000000606000000, 0x0000000606000000, 0x0000000606400000|  0%| F|  |TAMS 0x0000000606000000, 0x0000000606000000| Untracked 
|  15|0x0000000606400000, 0x0000000606400000, 0x0000000606800000|  0%| F|  |TAMS 0x0000000606400000, 0x0000000606400000| Untracked 
|  16|0x0000000606800000, 0x0000000606800000, 0x0000000606c00000|  0%| F|  |TAMS 0x0000000606800000, 0x0000000606800000| Untracked 
|  17|0x0000000606c00000, 0x0000000606c00000, 0x0000000607000000|  0%| F|  |TAMS 0x0000000606c00000, 0x0000000606c00000| Untracked 
|  18|0x0000000607000000, 0x0000000607000000, 0x0000000607400000|  0%| F|  |TAMS 0x0000000607000000, 0x0000000607000000| Untracked 
|  19|0x0000000607400000, 0x0000000607400000, 0x0000000607800000|  0%| F|  |TAMS 0x0000000607400000, 0x0000000607400000| Untracked 
|  20|0x0000000607800000, 0x0000000607800000, 0x0000000607c00000|  0%| F|  |TAMS 0x0000000607800000, 0x0000000607800000| Untracked 
|  21|0x0000000607c00000, 0x0000000607c00000, 0x0000000608000000|  0%| F|  |TAMS 0x0000000607c00000, 0x0000000607c00000| Untracked 
|  22|0x0000000608000000, 0x0000000608000000, 0x0000000608400000|  0%| F|  |TAMS 0x0000000608000000, 0x0000000608000000| Untracked 
|  23|0x0000000608400000, 0x0000000608400000, 0x0000000608800000|  0%| F|  |TAMS 0x0000000608400000, 0x0000000608400000| Untracked 
|  24|0x0000000608800000, 0x0000000608800000, 0x0000000608c00000|  0%| F|  |TAMS 0x0000000608800000, 0x0000000608800000| Untracked 
|  25|0x0000000608c00000, 0x0000000608c00000, 0x0000000609000000|  0%| F|  |TAMS 0x0000000608c00000, 0x0000000608c00000| Untracked 
|  26|0x0000000609000000, 0x0000000609000000, 0x0000000609400000|  0%| F|  |TAMS 0x0000000609000000, 0x0000000609000000| Untracked 
|  27|0x0000000609400000, 0x0000000609400000, 0x0000000609800000|  0%| F|  |TAMS 0x0000000609400000, 0x0000000609400000| Untracked 
|  28|0x0000000609800000, 0x0000000609800000, 0x0000000609c00000|  0%| F|  |TAMS 0x0000000609800000, 0x0000000609800000| Untracked 
|  29|0x0000000609c00000, 0x0000000609c00000, 0x000000060a000000|  0%| F|  |TAMS 0x0000000609c00000, 0x0000000609c00000| Untracked 
|  30|0x000000060a000000, 0x000000060a000000, 0x000000060a400000|  0%| F|  |TAMS 0x000000060a000000, 0x000000060a000000| Untracked 
|  31|0x000000060a400000, 0x000000060a400000, 0x000000060a800000|  0%| F|  |TAMS 0x000000060a400000, 0x000000060a400000| Untracked 
|  32|0x000000060a800000, 0x000000060a800000, 0x000000060ac00000|  0%| F|  |TAMS 0x000000060a800000, 0x000000060a800000| Untracked 
|  33|0x000000060ac00000, 0x000000060ac00000, 0x000000060b000000|  0%| F|  |TAMS 0x000000060ac00000, 0x000000060ac00000| Untracked 
|  34|0x000000060b000000, 0x000000060b000000, 0x000000060b400000|  0%| F|  |TAMS 0x000000060b000000, 0x000000060b000000| Untracked 
|  35|0x000000060b400000, 0x000000060b400000, 0x000000060b800000|  0%| F|  |TAMS 0x000000060b400000, 0x000000060b400000| Untracked 
|  36|0x000000060b800000, 0x000000060b800000, 0x000000060bc00000|  0%| F|  |TAMS 0x000000060b800000, 0x000000060b800000| Untracked 
|  37|0x000000060bc00000, 0x000000060bc00000, 0x000000060c000000|  0%| F|  |TAMS 0x000000060bc00000, 0x000000060bc00000| Untracked 
|  38|0x000000060c000000, 0x000000060c000000, 0x000000060c400000|  0%| F|  |TAMS 0x000000060c000000, 0x000000060c000000| Untracked 
|  39|0x000000060c400000, 0x000000060c400000, 0x000000060c800000|  0%| F|  |TAMS 0x000000060c400000, 0x000000060c400000| Untracked 
|  40|0x000000060c800000, 0x000000060c800000, 0x000000060cc00000|  0%| F|  |TAMS 0x000000060c800000, 0x000000060c800000| Untracked 
|  41|0x000000060cc00000, 0x000000060cc00000, 0x000000060d000000|  0%| F|  |TAMS 0x000000060cc00000, 0x000000060cc00000| Untracked 
|  42|0x000000060d000000, 0x000000060d000000, 0x000000060d400000|  0%| F|  |TAMS 0x000000060d000000, 0x000000060d000000| Untracked 
|  43|0x000000060d400000, 0x000000060d400000, 0x000000060d800000|  0%| F|  |TAMS 0x000000060d400000, 0x000000060d400000| Untracked 
|  44|0x000000060d800000, 0x000000060d800000, 0x000000060dc00000|  0%| F|  |TAMS 0x000000060d800000, 0x000000060d800000| Untracked 
|  45|0x000000060dc00000, 0x000000060dc00000, 0x000000060e000000|  0%| F|  |TAMS 0x000000060dc00000, 0x000000060dc00000| Untracked 
|  46|0x000000060e000000, 0x000000060e000000, 0x000000060e400000|  0%| F|  |TAMS 0x000000060e000000, 0x000000060e000000| Untracked 
|  47|0x000000060e400000, 0x000000060e400000, 0x000000060e800000|  0%| F|  |TAMS 0x000000060e400000, 0x000000060e400000| Untracked 
|  48|0x000000060e800000, 0x000000060e800000, 0x000000060ec00000|  0%| F|  |TAMS 0x000000060e800000, 0x000000060e800000| Untracked 
|  49|0x000000060ec00000, 0x000000060ec00000, 0x000000060f000000|  0%| F|  |TAMS 0x000000060ec00000, 0x000000060ec00000| Untracked 
|  50|0x000000060f000000, 0x000000060f000000, 0x000000060f400000|  0%| F|  |TAMS 0x000000060f000000, 0x000000060f000000| Untracked 
|  51|0x000000060f400000, 0x000000060f400000, 0x000000060f800000|  0%| F|  |TAMS 0x000000060f400000, 0x000000060f400000| Untracked 
|  52|0x000000060f800000, 0x000000060f800000, 0x000000060fc00000|  0%| F|  |TAMS 0x000000060f800000, 0x000000060f800000| Untracked 
|  53|0x000000060fc00000, 0x000000060fc00000, 0x0000000610000000|  0%| F|  |TAMS 0x000000060fc00000, 0x000000060fc00000| Untracked 
|  54|0x0000000610000000, 0x0000000610000000, 0x0000000610400000|  0%| F|  |TAMS 0x0000000610000000, 0x0000000610000000| Untracked 
|  55|0x0000000610400000, 0x0000000610400000, 0x0000000610800000|  0%| F|  |TAMS 0x0000000610400000, 0x0000000610400000| Untracked 
|  56|0x0000000610800000, 0x0000000610800000, 0x0000000610c00000|  0%| F|  |TAMS 0x0000000610800000, 0x0000000610800000| Untracked 
|  57|0x0000000610c00000, 0x0000000610c00000, 0x0000000611000000|  0%| F|  |TAMS 0x0000000610c00000, 0x0000000610c00000| Untracked 
|  58|0x0000000611000000, 0x0000000611000000, 0x0000000611400000|  0%| F|  |TAMS 0x0000000611000000, 0x0000000611000000| Untracked 
|  59|0x0000000611400000, 0x0000000611800000, 0x0000000611800000|100%| E|  |TAMS 0x0000000611400000, 0x0000000611400000| Complete 
|  60|0x0000000611800000, 0x0000000611c00000, 0x0000000611c00000|100%| E|CS|TAMS 0x0000000611800000, 0x0000000611800000| Complete 
|  61|0x0000000611c00000, 0x0000000612000000, 0x0000000612000000|100%| E|CS|TAMS 0x0000000611c00000, 0x0000000611c00000| Complete 
|  62|0x0000000612000000, 0x0000000612400000, 0x0000000612400000|100%| E|CS|TAMS 0x0000000612000000, 0x0000000612000000| Complete 
|  63|0x0000000612400000, 0x0000000612800000, 0x0000000612800000|100%| E|CS|TAMS 0x0000000612400000, 0x0000000612400000| Complete 
|  64|0x0000000612800000, 0x0000000612c00000, 0x0000000612c00000|100%| E|CS|TAMS 0x0000000612800000, 0x0000000612800000| Complete 
|  65|0x0000000612c00000, 0x0000000613000000, 0x0000000613000000|100%| E|CS|TAMS 0x0000000612c00000, 0x0000000612c00000| Complete 
|  66|0x0000000613000000, 0x0000000613400000, 0x0000000613400000|100%| E|CS|TAMS 0x0000000613000000, 0x0000000613000000| Complete 
|  67|0x0000000613400000, 0x0000000613800000, 0x0000000613800000|100%| E|CS|TAMS 0x0000000613400000, 0x0000000613400000| Complete 
|  68|0x0000000613800000, 0x0000000613c00000, 0x0000000613c00000|100%| E|CS|TAMS 0x0000000613800000, 0x0000000613800000| Complete 
|  82|0x0000000617000000, 0x000000061739e2d8, 0x0000000617400000| 90%| S|CS|TAMS 0x0000000617000000, 0x0000000617000000| Complete 
|  83|0x0000000617400000, 0x0000000617800000, 0x0000000617800000|100%| E|CS|TAMS 0x0000000617400000, 0x0000000617400000| Complete 
|  84|0x0000000617800000, 0x0000000617c00000, 0x0000000617c00000|100%| E|CS|TAMS 0x0000000617800000, 0x0000000617800000| Complete 
|  85|0x0000000617c00000, 0x0000000618000000, 0x0000000618000000|100%| E|CS|TAMS 0x0000000617c00000, 0x0000000617c00000| Complete 
| 127|0x0000000622400000, 0x0000000622800000, 0x0000000622800000|100%| E|CS|TAMS 0x0000000622400000, 0x0000000622400000| Complete 

Card table byte_map: [0x000002563da20000,0x000002563ea10000] _byte_map_base: 0x000002563aa0c000

Marking Bits (Prev, Next): (CMBitMap*) 0x0000025625a03920, (CMBitMap*) 0x0000025625a038e0
 Prev Bits: [0x0000025647960000, 0x000002564f8c0000)
 Next Bits: [0x000002563fa00000, 0x0000025647960000)

Polling page: 0x00000256238e0000

Metaspace:

Usage:
  Non-class:     24.63 MB used.
      Class:      3.01 MB used.
       Both:     27.64 MB used.

Virtual space:
  Non-class space:       32.00 MB reserved,      24.81 MB ( 78%) committed,  4 nodes.
      Class space:        1.00 GB reserved,       3.19 MB ( <1%) committed,  1 nodes.
             Both:        1.03 GB reserved,      28.00 MB (  3%) committed. 

Chunk freelists:
   Non-Class:  2.83 MB
       Class:  813.00 KB
        Both:  3.62 MB

MaxMetaspaceSize: unlimited
CompressedClassSpaceSize: 1.00 GB
Initial GC threshold: 21.00 MB
Current GC threshold: 35.31 MB
CDS: on
MetaspaceReclaimPolicy: balanced
 - commit_granule_bytes: 65536.
 - commit_granule_words: 8192.
 - virtual_space_node_default_size: 1048576.
 - enlarge_chunks_in_place: 1.
 - new_chunks_are_fully_committed: 0.
 - uncommit_free_chunks: 1.
 - use_allocation_guard: 0.
 - handle_deallocations: 1.


Internal statistics:

num_allocs_failed_limit: 3.
num_arena_births: 172.
num_arena_deaths: 0.
num_vsnodes_births: 5.
num_vsnodes_deaths: 0.
num_space_committed: 448.
num_space_uncommitted: 0.
num_chunks_returned_to_freelist: 3.
num_chunks_taken_from_freelist: 1196.
num_chunk_merges: 3.
num_chunk_splits: 861.
num_chunks_enlarged: 680.
num_purges: 0.
num_inconsistent_stats: 0.

CodeHeap 'non-profiled nmethods': size=119168Kb used=4776Kb max_used=4776Kb free=114391Kb
 bounds [0x0000025634d40000, 0x00000256351f0000, 0x000002563c1a0000]
CodeHeap 'profiled nmethods': size=119104Kb used=15057Kb max_used=15057Kb free=104046Kb
 bounds [0x000002562d8f0000, 0x000002562e7b0000, 0x0000025634d40000]
CodeHeap 'non-nmethods': size=7488Kb used=2908Kb max_used=3000Kb free=4580Kb
 bounds [0x000002562d1a0000, 0x000002562d4a0000, 0x000002562d8f0000]
 total_blobs=7368 nmethods=6859 adapters=417
 compilation: enabled
              stopped_count=0, restarted_count=0
 full_count=0

Compilation events (20 events):
Event: 3.725 Thread 0x000002565386cfd0 nmethod 7588 0x000002562e7a0310 code [0x000002562e7a0620, 0x000002562e7a14b8]
Event: 3.728 Thread 0x0000025653d2df10 nmethod 7492 0x00000256351e5790 code [0x00000256351e5ba0, 0x00000256351e7930]
Event: 3.729 Thread 0x0000025653d2df10 7522       4       com.sun.tools.javac.comp.Resolve$$Lambda$90/0x0000000800ebb110::loadClass (6 bytes)
Event: 3.729 Thread 0x0000025653d2df10 nmethod 7522 0x00000256351e9490 code [0x00000256351e9600, 0x00000256351e9678]
Event: 3.729 Thread 0x0000025653d2df10 7432       4       com.sun.tools.javac.tree.TreeScanner::visitTypeIdent (1 bytes)
Event: 3.729 Thread 0x0000025653d2df10 nmethod 7432 0x00000256351e9790 code [0x00000256351e9900, 0x00000256351e9978]
Event: 3.729 Thread 0x0000025653d2df10 7471       4       com.sun.tools.javac.tree.JCTree$JCPackageDecl::getTag (4 bytes)
Event: 3.729 Thread 0x0000025653d2df10 nmethod 7471 0x00000256351e9a90 code [0x00000256351e9c00, 0x00000256351e9c78]
Event: 3.729 Thread 0x0000025653d2df10 7428       4       com.sun.tools.javac.comp.Attr$ResultInfo::check (21 bytes)
Event: 3.731 Thread 0x0000025653400820 7590       3       com.sun.tools.javac.code.Source$Feature::allowedInSource (28 bytes)
Event: 3.731 Thread 0x0000025653522a80 7591       1       com.sun.tools.javac.comp.Resolve$MethodResolutionPhase::isVarargsRequired (5 bytes)
Event: 3.731 Thread 0x0000025653522a80 nmethod 7591 0x00000256351e9d90 code [0x00000256351e9f20, 0x00000256351e9ff8]
Event: 3.731 Thread 0x0000025653400820 nmethod 7590 0x000002562e7a1990 code [0x000002562e7a1b40, 0x000002562e7a1d78]
Event: 3.732 Thread 0x0000025653522a80 7592       3       com.sun.tools.javac.jvm.ClassReader::readAttrs (92 bytes)
Event: 3.732 Thread 0x0000025653522a80 nmethod 7592 0x000002562e7a1e90 code [0x000002562e7a20e0, 0x000002562e7a2c08]
Event: 3.735 Thread 0x000002565386cfd0 7595       3       com.sun.tools.javac.file.PathFileObject::openInputStream (19 bytes)
Event: 3.735 Thread 0x0000025653522a80 7596  s    3       com.sun.tools.javac.file.BaseFileManager::updateLastUsedTime (17 bytes)
Event: 3.735 Thread 0x0000025653400820 7597       3       java.nio.file.Files::newInputStream (10 bytes)
Event: 3.735 Thread 0x0000025653522a80 nmethod 7596 0x000002562e7a3110 code [0x000002562e7a32a0, 0x000002562e7a34d8]
Event: 3.735 Thread 0x0000025653400820 nmethod 7597 0x000002562e7a3590 code [0x000002562e7a3760, 0x000002562e7a3b08]

GC Heap History (16 events):
Event: 0.313 GC heap before
{Heap before GC invocations=0 (full 0):
 garbage-first heap   total 524288K, used 24576K [0x0000000602800000, 0x0000000800000000)
  region size 4096K, 6 young (24576K), 0 survivors (0K)
 Metaspace       used 4840K, committed 4992K, reserved 1056768K
  class space    used 568K, committed 640K, reserved 1048576K
}
Event: 0.315 GC heap after
{Heap after GC invocations=1 (full 0):
 garbage-first heap   total 524288K, used 3710K [0x0000000602800000, 0x0000000800000000)
  region size 4096K, 1 young (4096K), 1 survivors (4096K)
 Metaspace       used 4840K, committed 4992K, reserved 1056768K
  class space    used 568K, committed 640K, reserved 1048576K
}
Event: 0.568 GC heap before
{Heap before GC invocations=1 (full 0):
 garbage-first heap   total 524288K, used 28286K [0x0000000602800000, 0x0000000800000000)
  region size 4096K, 7 young (28672K), 1 survivors (4096K)
 Metaspace       used 8529K, committed 8704K, reserved 1064960K
  class space    used 1029K, committed 1088K, reserved 1048576K
}
Event: 0.570 GC heap after
{Heap after GC invocations=2 (full 0):
 garbage-first heap   total 524288K, used 5024K [0x0000000602800000, 0x0000000800000000)
  region size 4096K, 1 young (4096K), 1 survivors (4096K)
 Metaspace       used 8529K, committed 8704K, reserved 1064960K
  class space    used 1029K, committed 1088K, reserved 1048576K
}
Event: 1.312 GC heap before
{Heap before GC invocations=2 (full 0):
 garbage-first heap   total 524288K, used 74656K [0x0000000602800000, 0x0000000800000000)
  region size 4096K, 18 young (73728K), 1 survivors (4096K)
 Metaspace       used 14027K, committed 14272K, reserved 1064960K
  class space    used 1567K, committed 1664K, reserved 1048576K
}
Event: 1.315 GC heap after
{Heap after GC invocations=3 (full 0):
 garbage-first heap   total 524288K, used 9266K [0x0000000602800000, 0x0000000800000000)
  region size 4096K, 2 young (8192K), 2 survivors (8192K)
 Metaspace       used 14027K, committed 14272K, reserved 1064960K
  class space    used 1567K, committed 1664K, reserved 1048576K
}
Event: 2.731 GC heap before
{Heap before GC invocations=3 (full 0):
 garbage-first heap   total 524288K, used 169010K [0x0000000602800000, 0x0000000800000000)
  region size 4096K, 42 young (172032K), 2 survivors (8192K)
 Metaspace       used 21180K, committed 21504K, reserved 1073152K
  class space    used 2371K, committed 2560K, reserved 1048576K
}
Event: 2.736 GC heap after
{Heap after GC invocations=4 (full 0):
 garbage-first heap   total 524288K, used 16924K [0x0000000602800000, 0x0000000800000000)
  region size 4096K, 4 young (16384K), 4 survivors (16384K)
 Metaspace       used 21180K, committed 21504K, reserved 1073152K
  class space    used 2371K, committed 2560K, reserved 1048576K
}
Event: 3.075 GC heap before
{Heap before GC invocations=5 (full 0):
 garbage-first heap   total 81920K, used 49692K [0x0000000602800000, 0x0000000800000000)
  region size 4096K, 12 young (49152K), 4 survivors (16384K)
 Metaspace       used 26687K, committed 27072K, reserved 1073152K
  class space    used 2955K, committed 3136K, reserved 1048576K
}
Event: 3.086 GC heap after
{Heap after GC invocations=6 (full 0):
 garbage-first heap   total 81920K, used 29572K [0x0000000602800000, 0x0000000800000000)
  region size 4096K, 2 young (8192K), 2 survivors (8192K)
 Metaspace       used 26687K, committed 27072K, reserved 1073152K
  class space    used 2955K, committed 3136K, reserved 1048576K
}
Event: 3.137 GC heap before
{Heap before GC invocations=6 (full 0):
 garbage-first heap   total 81920K, used 33668K [0x0000000602800000, 0x0000000800000000)
  region size 4096K, 3 young (12288K), 2 survivors (8192K)
 Metaspace       used 26702K, committed 27072K, reserved 1073152K
  class space    used 2957K, committed 3136K, reserved 1048576K
}
Event: 3.147 GC heap after
{Heap after GC invocations=7 (full 0):
 garbage-first heap   total 81920K, used 32312K [0x0000000602800000, 0x0000000800000000)
  region size 4096K, 1 young (4096K), 1 survivors (4096K)
 Metaspace       used 26702K, committed 27072K, reserved 1073152K
  class space    used 2957K, committed 3136K, reserved 1048576K
}
Event: 3.238 GC heap before
{Heap before GC invocations=7 (full 0):
 garbage-first heap   total 81920K, used 48696K [0x0000000602800000, 0x0000000800000000)
  region size 4096K, 6 young (24576K), 1 survivors (4096K)
 Metaspace       used 26710K, committed 27072K, reserved 1073152K
  class space    used 2957K, committed 3136K, reserved 1048576K
}
Event: 3.241 GC heap after
{Heap after GC invocations=8 (full 0):
 garbage-first heap   total 81920K, used 37900K [0x0000000602800000, 0x0000000800000000)
  region size 4096K, 1 young (4096K), 1 survivors (4096K)
 Metaspace       used 26710K, committed 27072K, reserved 1073152K
  class space    used 2957K, committed 3136K, reserved 1048576K
}
Event: 3.308 GC heap before
{Heap before GC invocations=8 (full 0):
 garbage-first heap   total 81920K, used 54284K [0x0000000602800000, 0x0000000800000000)
  region size 4096K, 5 young (20480K), 1 survivors (4096K)
 Metaspace       used 26747K, committed 27072K, reserved 1073152K
  class space    used 2957K, committed 3136K, reserved 1048576K
}
Event: 3.315 GC heap after
{Heap after GC invocations=9 (full 0):
 garbage-first heap   total 303104K, used 42788K [0x0000000602800000, 0x0000000800000000)
  region size 4096K, 1 young (4096K), 1 survivors (4096K)
 Metaspace       used 26747K, committed 27072K, reserved 1073152K
  class space    used 2957K, committed 3136K, reserved 1048576K
}

Deoptimization events (20 events):
Event: 3.731 Thread 0x000002562598c300 Uncommon trap: trap_request=0xffffffde fr.pc=0x00000256351e173c relative=0x000000000000085c
Event: 3.731 Thread 0x000002562598c300 Uncommon trap: reason=class_check action=maybe_recompile pc=0x00000256351e173c method=com.sun.tools.javac.code.Types$15.visitClassType(Lcom/sun/tools/javac/code/Type$ClassType;Ljava/lang/Void;)Lcom/sun/tools/javac/code/Type; @ 19 c2
Event: 3.731 Thread 0x000002562598c300 DEOPT PACKING pc=0x00000256351e173c sp=0x000000c29d2fb8b0
Event: 3.731 Thread 0x000002562598c300 DEOPT UNPACKING pc=0x000002562d1f5c23 sp=0x000000c29d2fb810 mode 2
Event: 3.732 Thread 0x000002562598c300 Uncommon trap: trap_request=0xffffff45 fr.pc=0x0000025635176568 relative=0x0000000000000948
Event: 3.732 Thread 0x000002562598c300 Uncommon trap: reason=unstable_if action=reinterpret pc=0x0000025635176568 method=com.sun.tools.javac.jvm.ClassReader.readAttrs(Lcom/sun/tools/javac/code/Symbol;Lcom/sun/tools/javac/jvm/ClassReader$AttributeKind;)V @ 60 c2
Event: 3.732 Thread 0x000002562598c300 DEOPT PACKING pc=0x0000025635176568 sp=0x000000c29d2fb1d0
Event: 3.732 Thread 0x000002562598c300 DEOPT UNPACKING pc=0x000002562d1f5c23 sp=0x000000c29d2fb180 mode 2
Event: 3.732 Thread 0x000002562598c300 Uncommon trap: trap_request=0xffffffde fr.pc=0x00000256351e173c relative=0x000000000000085c
Event: 3.732 Thread 0x000002562598c300 Uncommon trap: reason=class_check action=maybe_recompile pc=0x00000256351e173c method=com.sun.tools.javac.code.Types$15.visitClassType(Lcom/sun/tools/javac/code/Type$ClassType;Ljava/lang/Void;)Lcom/sun/tools/javac/code/Type; @ 19 c2
Event: 3.732 Thread 0x000002562598c300 DEOPT PACKING pc=0x00000256351e173c sp=0x000000c29d2fb5e0
Event: 3.732 Thread 0x000002562598c300 DEOPT UNPACKING pc=0x000002562d1f5c23 sp=0x000000c29d2fb540 mode 2
Event: 3.732 Thread 0x000002562598c300 Uncommon trap: trap_request=0xffffffde fr.pc=0x00000256351ddc8c relative=0x00000000000007cc
Event: 3.732 Thread 0x000002562598c300 Uncommon trap: reason=class_check action=maybe_recompile pc=0x00000256351ddc8c method=com.sun.tools.javac.code.Types$16.visitClassType(Lcom/sun/tools/javac/code/Type$ClassType;Ljava/lang/Void;)Lcom/sun/tools/javac/util/List; @ 46 c2
Event: 3.732 Thread 0x000002562598c300 DEOPT PACKING pc=0x00000256351ddc8c sp=0x000000c29d2fb5f0
Event: 3.732 Thread 0x000002562598c300 DEOPT UNPACKING pc=0x000002562d1f5c23 sp=0x000000c29d2fb540 mode 2
Event: 3.732 Thread 0x000002562598c300 Uncommon trap: trap_request=0xffffff45 fr.pc=0x00000256351be42c relative=0x00000000000002ac
Event: 3.732 Thread 0x000002562598c300 Uncommon trap: reason=unstable_if action=reinterpret pc=0x00000256351be42c method=com.sun.tools.javac.comp.Check.checkType(Lcom/sun/tools/javac/util/JCDiagnostic$DiagnosticPosition;Lcom/sun/tools/javac/code/Type;Lcom/sun/tools/javac/code/Type;Lcom/sun/too
Event: 3.732 Thread 0x000002562598c300 DEOPT PACKING pc=0x00000256351be42c sp=0x000000c29d2fbbf0
Event: 3.732 Thread 0x000002562598c300 DEOPT UNPACKING pc=0x000002562d1f5c23 sp=0x000000c29d2fbba0 mode 2

Classes unloaded (0 events):
No events

Classes redefined (0 events):
No events

Internal exceptions (20 events):
Event: 3.684 Thread 0x000002562598c300 Exception <a 'sun/nio/fs/WindowsException'{0x0000000611f97e70}> (0x0000000611f97e70) 
thrown [t:\workspace\open\src\hotspot\share\prims\jni.cpp, line 516]
Event: 3.684 Thread 0x000002562598c300 Exception <a 'sun/nio/fs/WindowsException'{0x0000000611f98e68}> (0x0000000611f98e68) 
thrown [t:\workspace\open\src\hotspot\share\prims\jni.cpp, line 516]
Event: 3.684 Thread 0x000002562598c300 Exception <a 'sun/nio/fs/WindowsException'{0x0000000611f99168}> (0x0000000611f99168) 
thrown [t:\workspace\open\src\hotspot\share\prims\jni.cpp, line 516]
Event: 3.722 Thread 0x000002562598c300 Exception <a 'java/lang/NoSuchMethodError'{0x000000061168ca88}: 'int java.lang.invoke.DirectMethodHandle$Holder.invokeStatic(java.lang.Object, java.lang.Object, java.lang.Object, java.lang.Object)'> (0x000000061168ca88) 
thrown [t:\workspace\open\src\hotspot\share\interpreter\linkResolver.cpp, line 766]
Event: 3.733 Thread 0x000002562598c300 Exception <a 'sun/nio/fs/WindowsException'{0x00000006116bcb68}> (0x00000006116bcb68) 
thrown [t:\workspace\open\src\hotspot\share\prims\jni.cpp, line 516]
Event: 3.733 Thread 0x000002562598c300 Exception <a 'sun/nio/fs/WindowsException'{0x00000006116bce88}> (0x00000006116bce88) 
thrown [t:\workspace\open\src\hotspot\share\prims\jni.cpp, line 516]
Event: 3.733 Thread 0x000002562598c300 Exception <a 'sun/nio/fs/WindowsException'{0x00000006116c1140}> (0x00000006116c1140) 
thrown [t:\workspace\open\src\hotspot\share\prims\jni.cpp, line 516]
Event: 3.733 Thread 0x000002562598c300 Exception <a 'sun/nio/fs/WindowsException'{0x00000006116c13d0}> (0x00000006116c13d0) 
thrown [t:\workspace\open\src\hotspot\share\prims\jni.cpp, line 516]
Event: 3.733 Thread 0x000002562598c300 Exception <a 'sun/nio/fs/WindowsException'{0x00000006116c7ca0}> (0x00000006116c7ca0) 
thrown [t:\workspace\open\src\hotspot\share\prims\jni.cpp, line 516]
Event: 3.733 Thread 0x000002562598c300 Exception <a 'sun/nio/fs/WindowsException'{0x00000006116c7fc0}> (0x00000006116c7fc0) 
thrown [t:\workspace\open\src\hotspot\share\prims\jni.cpp, line 516]
Event: 3.733 Thread 0x000002562598c300 Exception <a 'sun/nio/fs/WindowsException'{0x00000006116c99d0}> (0x00000006116c99d0) 
thrown [t:\workspace\open\src\hotspot\share\prims\jni.cpp, line 516]
Event: 3.733 Thread 0x000002562598c300 Exception <a 'sun/nio/fs/WindowsException'{0x00000006116c9d78}> (0x00000006116c9d78) 
thrown [t:\workspace\open\src\hotspot\share\prims\jni.cpp, line 516]
Event: 3.734 Thread 0x000002562598c300 Exception <a 'sun/nio/fs/WindowsException'{0x00000006116f0f28}> (0x00000006116f0f28) 
thrown [t:\workspace\open\src\hotspot\share\prims\jni.cpp, line 516]
Event: 3.734 Thread 0x000002562598c300 Exception <a 'sun/nio/fs/WindowsException'{0x00000006116f1240}> (0x00000006116f1240) 
thrown [t:\workspace\open\src\hotspot\share\prims\jni.cpp, line 516]
Event: 3.735 Thread 0x000002562598c300 Exception <a 'sun/nio/fs/WindowsException'{0x00000006116f4568}> (0x00000006116f4568) 
thrown [t:\workspace\open\src\hotspot\share\prims\jni.cpp, line 516]
Event: 3.735 Thread 0x000002562598c300 Exception <a 'sun/nio/fs/WindowsException'{0x00000006116f47f0}> (0x00000006116f47f0) 
thrown [t:\workspace\open\src\hotspot\share\prims\jni.cpp, line 516]
Event: 3.735 Thread 0x000002562598c300 Exception <a 'sun/nio/fs/WindowsException'{0x00000006116f8d70}> (0x00000006116f8d70) 
thrown [t:\workspace\open\src\hotspot\share\prims\jni.cpp, line 516]
Event: 3.735 Thread 0x000002562598c300 Exception <a 'sun/nio/fs/WindowsException'{0x00000006116f9080}> (0x00000006116f9080) 
thrown [t:\workspace\open\src\hotspot\share\prims\jni.cpp, line 516]
Event: 3.735 Thread 0x000002562598c300 Exception <a 'sun/nio/fs/WindowsException'{0x00000006116faa90}> (0x00000006116faa90) 
thrown [t:\workspace\open\src\hotspot\share\prims\jni.cpp, line 516]
Event: 3.735 Thread 0x000002562598c300 Exception <a 'sun/nio/fs/WindowsException'{0x00000006116fae20}> (0x00000006116fae20) 
thrown [t:\workspace\open\src\hotspot\share\prims\jni.cpp, line 516]

VM Operations (20 events):
Event: 3.308 Executing VM operation: G1CollectForAllocation
Event: 3.315 Executing VM operation: G1CollectForAllocation done
Event: 3.324 Executing VM operation: HandshakeAllThreads
Event: 3.324 Executing VM operation: HandshakeAllThreads done
Event: 3.398 Executing VM operation: HandshakeAllThreads
Event: 3.398 Executing VM operation: HandshakeAllThreads done
Event: 3.417 Executing VM operation: ICBufferFull
Event: 3.418 Executing VM operation: ICBufferFull done
Event: 3.420 Executing VM operation: HandshakeAllThreads
Event: 3.420 Executing VM operation: HandshakeAllThreads done
Event: 3.494 Executing VM operation: ICBufferFull
Event: 3.495 Executing VM operation: ICBufferFull done
Event: 3.590 Executing VM operation: ICBufferFull
Event: 3.590 Executing VM operation: ICBufferFull done
Event: 3.648 Executing VM operation: ICBufferFull
Event: 3.648 Executing VM operation: ICBufferFull done
Event: 3.701 Executing VM operation: ICBufferFull
Event: 3.701 Executing VM operation: ICBufferFull done
Event: 3.721 Executing VM operation: HandshakeAllThreads
Event: 3.721 Executing VM operation: HandshakeAllThreads done

Events (20 events):
Event: 3.321 loading class java/nio/file/Files$2
Event: 3.321 loading class java/nio/file/Files$2 done
Event: 3.322 loading class java/util/ImmutableCollections$Access
Event: 3.322 loading class java/util/ImmutableCollections$Access done
Event: 3.322 loading class java/util/ImmutableCollections$Access$1
Event: 3.322 loading class jdk/internal/access/JavaUtilCollectionAccess
Event: 3.322 loading class jdk/internal/access/JavaUtilCollectionAccess done
Event: 3.322 loading class java/util/ImmutableCollections$Access$1 done
Event: 3.322 loading class java/util/stream/Nodes$SpinedNodeBuilder
Event: 3.322 loading class java/util/stream/Nodes$SpinedNodeBuilder done
Event: 3.323 loading class sun/nio/fs/WindowsPath$WindowsPathWithAttributes
Event: 3.323 loading class sun/nio/fs/WindowsPath$WindowsPathWithAttributes done
Event: 3.368 loading class java/nio/file/FileTreeWalker$1
Event: 3.369 loading class java/nio/file/FileTreeWalker$1 done
Event: 3.397 loading class jdk/internal/jimage/ImageReader$LinkNode
Event: 3.397 loading class jdk/internal/jimage/ImageReader$LinkNode done
Event: 3.617 loading class java/util/stream/ReduceOps$1
Event: 3.617 loading class java/util/stream/ReduceOps$1 done
Event: 3.617 loading class java/util/stream/ReduceOps$1ReducingSink
Event: 3.617 loading class java/util/stream/ReduceOps$1ReducingSink done


Dynamic libraries:
0x00007ff7a7110000 - 0x00007ff7a7120000 	C:\Program Files\Java\jdk-17.0.1\bin\java.exe
0x00007ffc37ba0000 - 0x00007ffc37da7000 	C:\WINDOWS\SYSTEM32\ntdll.dll
0x00007ffc377e0000 - 0x00007ffc3789d000 	C:\WINDOWS\System32\KERNEL32.DLL
0x00007ffc35610000 - 0x00007ffc35984000 	C:\WINDOWS\System32\KERNELBASE.dll
0x00007ffc35480000 - 0x00007ffc35591000 	C:\WINDOWS\System32\ucrtbase.dll
0x00007ffc175c0000 - 0x00007ffc175da000 	C:\Program Files\Java\jdk-17.0.1\bin\VCRUNTIME140.dll
0x00007ffc174a0000 - 0x00007ffc174b8000 	C:\Program Files\Java\jdk-17.0.1\bin\jli.dll
0x00007ffc379c0000 - 0x00007ffc37a6c000 	C:\WINDOWS\System32\ADVAPI32.dll
0x00007ffc364d0000 - 0x00007ffc36573000 	C:\WINDOWS\System32\msvcrt.dll
0x00007ffc36ea0000 - 0x00007ffc36f3d000 	C:\WINDOWS\System32\sechost.dll
0x00007ffc361f0000 - 0x00007ffc36311000 	C:\WINDOWS\System32\RPCRT4.dll
0x00007ffc37340000 - 0x00007ffc374ec000 	C:\WINDOWS\System32\USER32.dll
0x00007ffc276e0000 - 0x00007ffc27985000 	C:\WINDOWS\WinSxS\amd64_microsoft.windows.common-controls_6595b64144ccf1df_6.0.22000.120_none_9d947278b86cc467\COMCTL32.dll
0x00007ffc35450000 - 0x00007ffc35476000 	C:\WINDOWS\System32\win32u.dll
0x00007ffc364a0000 - 0x00007ffc364c9000 	C:\WINDOWS\System32\GDI32.dll
0x00007ffc35330000 - 0x00007ffc35442000 	C:\WINDOWS\System32\gdi32full.dll
0x00007ffc2d0c0000 - 0x00007ffc2d0ca000 	C:\WINDOWS\SYSTEM32\VERSION.dll
0x00007ffc35990000 - 0x00007ffc35a2d000 	C:\WINDOWS\System32\msvcp_win.dll
0x00007ffc37510000 - 0x00007ffc37541000 	C:\WINDOWS\System32\IMM32.DLL
0x00007ffc271f0000 - 0x00007ffc271fc000 	C:\Program Files\Java\jdk-17.0.1\bin\vcruntime140_1.dll
0x00007ffbd0d40000 - 0x00007ffbd0dcd000 	C:\Program Files\Java\jdk-17.0.1\bin\msvcp140.dll
0x00007ffbbae00000 - 0x00007ffbbb9be000 	C:\Program Files\Java\jdk-17.0.1\bin\server\jvm.dll
0x00007ffc2a6f0000 - 0x00007ffc2a723000 	C:\WINDOWS\SYSTEM32\WINMM.dll
0x00007ffc0ac20000 - 0x00007ffc0ac29000 	C:\WINDOWS\SYSTEM32\WSOCK32.dll
0x00007ffc37b50000 - 0x00007ffc37b58000 	C:\WINDOWS\System32\PSAPI.DLL
0x00007ffc36e20000 - 0x00007ffc36e8f000 	C:\WINDOWS\System32\WS2_32.dll
0x00007ffc34290000 - 0x00007ffc342a8000 	C:\WINDOWS\SYSTEM32\kernel.appcore.dll
0x00007ffc271c0000 - 0x00007ffc271ca000 	C:\Program Files\Java\jdk-17.0.1\bin\jimage.dll
0x00007ffc086d0000 - 0x00007ffc088f1000 	C:\WINDOWS\SYSTEM32\DBGHELP.DLL
0x00007ffc08120000 - 0x00007ffc08151000 	C:\WINDOWS\SYSTEM32\dbgcore.DLL
0x00007ffc351f0000 - 0x00007ffc3526f000 	C:\WINDOWS\System32\bcryptPrimitives.dll
0x00007ffbfd9f0000 - 0x00007ffbfda15000 	C:\Program Files\Java\jdk-17.0.1\bin\java.dll
0x00007ffbcf330000 - 0x00007ffbcf406000 	C:\Program Files\Java\jdk-17.0.1\bin\svml.dll
0x00007ffc36670000 - 0x00007ffc36e1e000 	C:\WINDOWS\System32\SHELL32.dll
0x00007ffc33230000 - 0x00007ffc33a97000 	C:\WINDOWS\SYSTEM32\windows.storage.dll
0x00007ffc36fb0000 - 0x00007ffc37328000 	C:\WINDOWS\System32\combase.dll
0x00007ffc330c0000 - 0x00007ffc33226000 	C:\WINDOWS\SYSTEM32\wintypes.dll
0x00007ffc36580000 - 0x00007ffc3666a000 	C:\WINDOWS\System32\SHCORE.dll
0x00007ffc37af0000 - 0x00007ffc37b4d000 	C:\WINDOWS\System32\shlwapi.dll
0x00007ffc34fb0000 - 0x00007ffc34fd1000 	C:\WINDOWS\SYSTEM32\profapi.dll
0x00007ffc110b0000 - 0x00007ffc110c9000 	C:\Program Files\Java\jdk-17.0.1\bin\net.dll
0x00007ffc2f510000 - 0x00007ffc2f61c000 	C:\WINDOWS\SYSTEM32\WINHTTP.dll
0x00007ffc346a0000 - 0x00007ffc34707000 	C:\WINDOWS\system32\mswsock.dll
0x00007ffc0d2e0000 - 0x00007ffc0d2f5000 	C:\Program Files\Java\jdk-17.0.1\bin\nio.dll
0x00007ffc09d50000 - 0x00007ffc09d68000 	C:\Program Files\Java\jdk-17.0.1\bin\zip.dll
0x0000000069ac0000 - 0x0000000069ae4000 	C:\Users\Miken\AppData\Local\Temp\jansi-2.4.0-e36148c53bcf827e-jansi.dll
0x00007ffc1c990000 - 0x00007ffc1c9a0000 	C:\Program Files\Java\jdk-17.0.1\bin\verify.dll

dbghelp: loaded successfully - version: 4.0.5 - missing functions: none
symbol engine: initialized successfully - sym options: 0x614 - pdb path: .;C:\Program Files\Java\jdk-17.0.1\bin;C:\WINDOWS\SYSTEM32;C:\WINDOWS\WinSxS\amd64_microsoft.windows.common-controls_6595b64144ccf1df_6.0.22000.120_none_9d947278b86cc467;C:\Program Files\Java\jdk-17.0.1\bin\server;C:\Users\Miken\AppData\Local\Temp

VM Arguments:
jvm_args: -Dmaven.multiModuleProjectDirectory=C:\IntelliJ Arbeitsplatz\Banarnia -Dmaven.home=C:\Maven\apache-maven-3.8.4 -Dclassworlds.conf=C:\Maven\apache-maven-3.8.4\bin\m2.conf -Dmaven.ext.class.path=C:\Program Files\JetBrains\IntelliJ IDEA Community Edition 2021.2.3\plugins\maven\lib\maven-event-listener.jar -Dfile.encoding=UTF-8 
java_command: org.codehaus.classworlds.Launcher -Didea.version=2021.2.3 install --projects de.banarnia.bungeecord:BungeeCord,de.banarnia:Banarnia,de.banarnia:Proxy,de.banarnia:Lib,de.banarnia.api:API,de.banarnia:Spigot
java_class_path (initial): C:\Maven\apache-maven-3.8.4\boot\plexus-classworlds-2.6.0.jar;C:\Maven\apache-maven-3.8.4\boot\plexus-classworlds.license
Launcher Type: SUN_STANDARD

[Global flags]
     intx CICompilerCount                          = 12                                        {product} {ergonomic}
     uint ConcGCThreads                            = 3                                         {product} {ergonomic}
     uint G1ConcRefinementThreads                  = 13                                        {product} {ergonomic}
   size_t G1HeapRegionSize                         = 4194304                                   {product} {ergonomic}
    uintx GCDrainStackTargetSize                   = 64                                        {product} {ergonomic}
   size_t InitialHeapSize                          = 536870912                                 {product} {ergonomic}
   size_t MarkStackSize                            = 4194304                                   {product} {ergonomic}
   size_t MaxHeapSize                              = 8547991552                                {product} {ergonomic}
   size_t MaxNewSize                               = 5125439488                                {product} {ergonomic}
   size_t MinHeapDeltaBytes                        = 4194304                                   {product} {ergonomic}
   size_t MinHeapSize                              = 8388608                                   {product} {ergonomic}
    uintx NonNMethodCodeHeapSize                   = 7602480                                {pd product} {ergonomic}
    uintx NonProfiledCodeHeapSize                  = 122027880                              {pd product} {ergonomic}
    uintx ProfiledCodeHeapSize                     = 122027880                              {pd product} {ergonomic}
    uintx ReservedCodeCacheSize                    = 251658240                              {pd product} {ergonomic}
     bool SegmentedCodeCache                       = true                                      {product} {ergonomic}
   size_t SoftMaxHeapSize                          = 8547991552                             {manageable} {ergonomic}
     bool UseCompressedClassPointers               = true                           {product lp64_product} {ergonomic}
     bool UseCompressedOops                        = true                           {product lp64_product} {ergonomic}
     bool UseG1GC                                  = true                                      {product} {ergonomic}
     bool UseLargePagesIndividualAllocation        = false                                  {pd product} {ergonomic}

Logging:
Log output configuration:
 #0: stdout all=warning uptime,level,tags
 #1: stderr all=off uptime,level,tags

Environment Variables:
JAVA_HOME=C:\Progra~2\Java\jdk-17.0.1
PATH=C:\Program Files\Common Files\Oracle\Java\javapath;C:\WINDOWS\system32;C:\WINDOWS;C:\WINDOWS\System32\Wbem;C:\WINDOWS\System32\WindowsPowerShell\v1.0\;C:\WINDOWS\System32\OpenSSH\;C:\Program Files\Git\cmd;C:\Users\Miken\AppData\Local\Microsoft\WindowsApps;C:\Progra~2\Java\jdk-17.0.1\bin;C:\Maven\apache-maven-3.8.4\bin;C:\Users\Miken\AppData\Local\GitHubDesktop\bin;C:\Program Files\JetBrains\IntelliJ IDEA Community Edition 2021.2.3\bin;
USERNAME=Miken
OS=Windows_NT
PROCESSOR_IDENTIFIER=Intel64 Family 6 Model 167 Stepping 1, GenuineIntel



---------------  S Y S T E M  ---------------

OS:
 Windows 10 , 64 bit Build 22000 (10.0.22000.318)
OS uptime: 0 days 8:14 hours

CPU: total 16 (initial active 16) (8 cores per cpu, 2 threads per core) family 6 model 167 stepping 1 microcode 0x3c, cx8, cmov, fxsr, ht, mmx, 3dnowpref, sse, sse2, sse3, ssse3, sse4.1, sse4.2, popcnt, lzcnt, tsc, tscinvbit, avx, avx2, aes, erms, clmul, bmi1, bmi2, adx, avx512f, avx512dq, avx512cd, avx512bw, avx512vl, sha, fma, vzeroupper, avx512_vpopcntdq, avx512_vpclmulqdq, avx512_vaes, avx512_vnni, clflush, clflushopt, avx512_vbmi2, avx512_vbmi

Memory: 4k page, system-wide physical 32605M (18439M free)
TotalPageFile size 37469M (AvailPageFile size 16361M)
current process WorkingSet (physical memory assigned to process): 309M, peak: 353M
current process commit charge ("private bytes"): 546M, peak: 746M

vm_info: Java HotSpot(TM) 64-Bit Server VM (17.0.1+12-LTS-39) for windows-amd64 JRE (17.0.1+12-LTS-39), built on Sep 27 2021 18:41:35 by "mach5one" with MS VC++ 16.8 (VS2019)

END.
