#
# A fatal error has been detected by the Java Runtime Environment:
#
#  Internal Error (relocInfo_x86.cpp:106), pid=7088, tid=20088
#  Error: ShouldNotReachHere()
#
# JRE version: Java(TM) SE Runtime Environment (17.0.1+12) (build 17.0.1+12-LTS-39)
# Java VM: Java HotSpot(TM) 64-Bit Server VM (17.0.1+12-LTS-39, mixed mode, sharing, tiered, compressed oops, compressed class ptrs, g1 gc, windows-amd64)
# No core dump will be written. Minidumps are not enabled by default on client versions of Windows
#
# If you would like to submit a bug report, please visit:
#   https://bugreport.java.com/bugreport/crash.jsp
#

---------------  S U M M A R Y ------------

Command Line: -Dmaven.multiModuleProjectDirectory=C:\IntelliJ Arbeitsplatz\Banarnia -Dmaven.home=C:\Maven\apache-maven-3.8.4 -Dclassworlds.conf=C:\Maven\apache-maven-3.8.4\bin\m2.conf -Dmaven.ext.class.path=C:\Program Files\JetBrains\IntelliJ IDEA Community Edition 2021.2.3\plugins\maven\lib\maven-event-listener.jar -Dfile.encoding=UTF-8 org.codehaus.classworlds.Launcher -Didea.version=2021.2.3 install --projects de.banarnia.bungeecord:BungeeCord,de.banarnia:Banarnia,de.banarnia:Proxy,de.banarnia:Lib,de.banarnia.api:API,de.banarnia:Spigot

Host: 11th Gen Intel(R) Core(TM) i7-11700K @ 3.60GHz, 16 cores, 31G,  Windows 10 , 64 bit Build 22000 (10.0.22000.318)
Time: Wed Jan  5 18:08:56 2022 Mitteleuropäische Zeit elapsed time: 1.224923 seconds (0d 0h 0m 1s)

---------------  T H R E A D  ---------------

Current thread (0x000002c88a55e430):  JavaThread "C2 CompilerThread6" daemon [_thread_in_vm, id=20088, stack(0x000000ddbf900000,0x000000ddbfa00000)]


Current CompileTask:
C2:   1224 3810       4       java.util.regex.Pattern$Start::match (90 bytes)

Stack: [0x000000ddbf900000,0x000000ddbfa00000]
Native frames: (J=compiled Java code, j=interpreted, Vv=VM code, C=native code)
V  [jvm.dll+0x66fa1a]
V  [jvm.dll+0x7ce5a4]
V  [jvm.dll+0x7cfd4e]
V  [jvm.dll+0x7d0367]
V  [jvm.dll+0x242a6c]
V  [jvm.dll+0x2429b3]
V  [jvm.dll+0x6c0b14]
V  [jvm.dll+0x6bf245]
V  [jvm.dll+0x1feb06]
V  [jvm.dll+0x1fd1d6]
V  [jvm.dll+0x645d84]
V  [jvm.dll+0x648c64]
V  [jvm.dll+0x1c2bb7]
V  [jvm.dll+0x677ad4]
V  [jvm.dll+0x215fe9]
V  [jvm.dll+0x215011]
V  [jvm.dll+0x1a168d]
V  [jvm.dll+0x224848]
V  [jvm.dll+0x2229ac]
V  [jvm.dll+0x78435b]
V  [jvm.dll+0x77e91a]
V  [jvm.dll+0x66e845]
C  [ucrtbase.dll+0x26c0c]
C  [KERNEL32.DLL+0x154e0]
C  [ntdll.dll+0x485b]


---------------  P R O C E S S  ---------------

Threads class SMR info:
_java_thread_list=0x000002c88a3a9a10, length=22, elements={
0x000002c8dbeae1d0, 0x000002c888f17940, 0x000002c888f184f0, 0x000002c888f2a030,
0x000002c888f2cdf0, 0x000002c888f2d7a0, 0x000002c888f2e360, 0x000002c88994cbc0,
0x000002c889941b00, 0x000002c88997e8d0, 0x000002c889a8e360, 0x000002c889a956c0,
0x000002c889a9d190, 0x000002c889ab2a00, 0x000002c889dd0b00, 0x000002c889e82f30,
0x000002c88a3ec020, 0x000002c88a3435e0, 0x000002c88a3ec530, 0x000002c88a978500,
0x000002c88a55e430, 0x000002c88a498a80
}

Java Threads: ( => current thread )
  0x000002c8dbeae1d0 JavaThread "main" [_thread_blocked, id=4408, stack(0x000000ddbde00000,0x000000ddbdf00000)]
  0x000002c888f17940 JavaThread "Reference Handler" daemon [_thread_blocked, id=20656, stack(0x000000ddbe500000,0x000000ddbe600000)]
  0x000002c888f184f0 JavaThread "Finalizer" daemon [_thread_blocked, id=18664, stack(0x000000ddbe600000,0x000000ddbe700000)]
  0x000002c888f2a030 JavaThread "Signal Dispatcher" daemon [_thread_blocked, id=18464, stack(0x000000ddbe700000,0x000000ddbe800000)]
  0x000002c888f2cdf0 JavaThread "Attach Listener" daemon [_thread_blocked, id=22648, stack(0x000000ddbe800000,0x000000ddbe900000)]
  0x000002c888f2d7a0 JavaThread "Service Thread" daemon [_thread_blocked, id=10120, stack(0x000000ddbe900000,0x000000ddbea00000)]
  0x000002c888f2e360 JavaThread "Monitor Deflation Thread" daemon [_thread_blocked, id=18380, stack(0x000000ddbea00000,0x000000ddbeb00000)]
  0x000002c88994cbc0 JavaThread "C2 CompilerThread0" daemon [_thread_in_vm, id=12360, stack(0x000000ddbeb00000,0x000000ddbec00000)]
  0x000002c889941b00 JavaThread "C1 CompilerThread0" daemon [_thread_blocked, id=23132, stack(0x000000ddbec00000,0x000000ddbed00000)]
  0x000002c88997e8d0 JavaThread "Sweeper thread" daemon [_thread_blocked, id=13248, stack(0x000000ddbed00000,0x000000ddbee00000)]
  0x000002c889a8e360 JavaThread "C1 CompilerThread1" daemon [_thread_blocked, id=21484, stack(0x000000ddbee00000,0x000000ddbef00000)]
  0x000002c889a956c0 JavaThread "C1 CompilerThread2" daemon [_thread_blocked, id=17188, stack(0x000000ddbef00000,0x000000ddbf000000)]
  0x000002c889a9d190 JavaThread "Notification Thread" daemon [_thread_blocked, id=21528, stack(0x000000ddbf000000,0x000000ddbf100000)]
  0x000002c889ab2a00 JavaThread "Common-Cleaner" daemon [_thread_blocked, id=19576, stack(0x000000ddbf200000,0x000000ddbf300000)]
  0x000002c889dd0b00 JavaThread "C2 CompilerThread1" daemon [_thread_in_native, id=22712, stack(0x000000ddbf300000,0x000000ddbf400000)]
  0x000002c889e82f30 JavaThread "C1 CompilerThread3" daemon [_thread_blocked, id=13020, stack(0x000000ddbf400000,0x000000ddbf500000)]
  0x000002c88a3ec020 JavaThread "C2 CompilerThread2" daemon [_thread_blocked, id=22008, stack(0x000000ddbf500000,0x000000ddbf600000)]
  0x000002c88a3435e0 JavaThread "C2 CompilerThread3" daemon [_thread_in_vm, id=19960, stack(0x000000ddbf600000,0x000000ddbf700000)]
  0x000002c88a3ec530 JavaThread "C2 CompilerThread4" daemon [_thread_in_vm, id=22708, stack(0x000000ddbf700000,0x000000ddbf800000)]
  0x000002c88a978500 JavaThread "C2 CompilerThread5" daemon [_thread_blocked, id=2444, stack(0x000000ddbf800000,0x000000ddbf900000)]
=>0x000002c88a55e430 JavaThread "C2 CompilerThread6" daemon [_thread_in_vm, id=20088, stack(0x000000ddbf900000,0x000000ddbfa00000)]
  0x000002c88a498a80 JavaThread "C2 CompilerThread7" daemon [_thread_blocked, id=6016, stack(0x000000ddbfa00000,0x000000ddbfb00000)]

Other Threads:
  0x000002c888f11ea0 VMThread "VM Thread" [stack: 0x000000ddbe400000,0x000000ddbe500000] [id=11128]
  0x000002c889aa9720 WatcherThread [stack: 0x000000ddbf100000,0x000000ddbf200000] [id=3552]
  0x000002c8dbf23fa0 GCTaskThread "GC Thread#0" [stack: 0x000000ddbdf00000,0x000000ddbe000000] [id=22888]
  0x000002c88b41cb50 GCTaskThread "GC Thread#1" [stack: 0x000000ddbfb00000,0x000000ddbfc00000] [id=1724]
  0x000002c88a77ab20 GCTaskThread "GC Thread#2" [stack: 0x000000ddbfc00000,0x000000ddbfd00000] [id=4056]
  0x000002c889b045e0 GCTaskThread "GC Thread#3" [stack: 0x000000ddbfd00000,0x000000ddbfe00000] [id=21676]
  0x000002c88a3ff660 GCTaskThread "GC Thread#4" [stack: 0x000000ddbfe00000,0x000000ddbff00000] [id=4192]
  0x000002c88a55e940 GCTaskThread "GC Thread#5" [stack: 0x000000ddbff00000,0x000000ddc0000000] [id=10772]
  0x000002c88a3b2a20 GCTaskThread "GC Thread#6" [stack: 0x000000ddc0000000,0x000000ddc0100000] [id=15988]
  0x000002c88a4993a0 GCTaskThread "GC Thread#7" [stack: 0x000000ddc0100000,0x000000ddc0200000] [id=20324]
  0x000002c88a7f5360 GCTaskThread "GC Thread#8" [stack: 0x000000ddc0200000,0x000000ddc0300000] [id=1408]
  0x000002c88a7f5610 GCTaskThread "GC Thread#9" [stack: 0x000000ddc0300000,0x000000ddc0400000] [id=22436]
  0x000002c88a7f58c0 GCTaskThread "GC Thread#10" [stack: 0x000000ddc0400000,0x000000ddc0500000] [id=1412]
  0x000002c88af36ae0 GCTaskThread "GC Thread#11" [stack: 0x000000ddc0500000,0x000000ddc0600000] [id=12236]
  0x000002c88b1ff170 GCTaskThread "GC Thread#12" [stack: 0x000000ddc0600000,0x000000ddc0700000] [id=21624]
  0x000002c8dbf34da0 ConcurrentGCThread "G1 Main Marker" [stack: 0x000000ddbe000000,0x000000ddbe100000] [id=3100]
  0x000002c8dbf36460 ConcurrentGCThread "G1 Conc#0" [stack: 0x000000ddbe100000,0x000000ddbe200000] [id=11808]
  0x000002c888dc4500 ConcurrentGCThread "G1 Refine#0" [stack: 0x000000ddbe200000,0x000000ddbe300000] [id=13184]
  0x000002c888dc4d30 ConcurrentGCThread "G1 Service" [stack: 0x000000ddbe300000,0x000000ddbe400000] [id=10640]

Threads with active compile tasks:
C2 CompilerThread0     1233 3821       4       org.codehaus.plexus.classworlds.realm.Entry::matches (282 bytes)
C2 CompilerThread1     1233 3600   !   4       org.apache.maven.model.ConfigurationContainer::clone (98 bytes)
C2 CompilerThread3     1233 3740   !   4       org.apache.maven.model.Plugin::clone (204 bytes)
C2 CompilerThread4     1233 3820 %     4       java.io.WinNTFileSystem::normalize @ 58 (224 bytes)
C2 CompilerThread6     1233 3810       4       java.util.regex.Pattern$Start::match (90 bytes)

VM state: not at safepoint (normal execution)

VM Mutex/Monitor currently owned by a thread:  ([mutex/lock_event])
[0x000002c8dbea7b70] CodeCache_lock - owner thread: 0x000002c88a55e430
[0x000002c8dbea8e50] Compile_lock - owner thread: 0x000002c88a55e430
[0x000002c8dbea9090] MethodCompileQueue_lock - owner thread: 0x000002c88a55e430

Heap address: 0x0000000602800000, size: 8152 MB, Compressed Oops mode: Zero based, Oop shift amount: 3

CDS archive(s) mapped at: [0x0000000800000000-0x0000000800bc0000-0x0000000800bc0000), size 12320768, SharedBaseAddress: 0x0000000800000000, ArchiveRelocationMode: 0.
Compressed class space mapped at: 0x0000000800c00000-0x0000000840c00000, reserved size: 1073741824
Narrow klass base: 0x0000000800000000, Narrow klass shift: 0, Narrow klass range: 0x100000000

GC Precious Log:
 CPUs: 16 total, 16 available
 Memory: 32605M
 Large Page Support: Disabled
 NUMA Support: Disabled
 Compressed Oops: Enabled (Zero based)
 Heap Region Size: 4M
 Heap Min Capacity: 8M
 Heap Initial Capacity: 512M
 Heap Max Capacity: 8152M
 Pre-touch: Disabled
 Parallel Workers: 13
 Concurrent Workers: 3
 Concurrent Refinement Workers: 13
 Periodic GC: Disabled

Heap:
 garbage-first heap   total 524288K, used 13389K [0x0000000602800000, 0x0000000800000000)
  region size 4096K, 4 young (16384K), 2 survivors (8192K)
 Metaspace       used 14111K, committed 14336K, reserved 1064960K
  class space    used 1570K, committed 1664K, reserved 1048576K

Heap Regions: E=young(eden), S=young(survivor), O=old, HS=humongous(starts), HC=humongous(continues), CS=collection set, F=free, OA=open archive, CA=closed archive, TAMS=top-at-mark-start (previous, next)
|   0|0x0000000602800000, 0x0000000602b56e00, 0x0000000602c00000| 83%| O|  |TAMS 0x0000000602800000, 0x0000000602800000| Untracked 
|   1|0x0000000602c00000, 0x0000000602c00000, 0x0000000603000000|  0%| F|  |TAMS 0x0000000602c00000, 0x0000000602c00000| Untracked 
|   2|0x0000000603000000, 0x0000000603000000, 0x0000000603400000|  0%| F|  |TAMS 0x0000000603000000, 0x0000000603000000| Untracked 
|   3|0x0000000603400000, 0x0000000603400000, 0x0000000603800000|  0%| F|  |TAMS 0x0000000603400000, 0x0000000603400000| Untracked 
|   4|0x0000000603800000, 0x0000000603800000, 0x0000000603c00000|  0%| F|  |TAMS 0x0000000603800000, 0x0000000603800000| Untracked 
|   5|0x0000000603c00000, 0x0000000603c00000, 0x0000000604000000|  0%| F|  |TAMS 0x0000000603c00000, 0x0000000603c00000| Untracked 
|   6|0x0000000604000000, 0x0000000604000000, 0x0000000604400000|  0%| F|  |TAMS 0x0000000604000000, 0x0000000604000000| Untracked 
|   7|0x0000000604400000, 0x0000000604400000, 0x0000000604800000|  0%| F|  |TAMS 0x0000000604400000, 0x0000000604400000| Untracked 
|   8|0x0000000604800000, 0x0000000604800000, 0x0000000604c00000|  0%| F|  |TAMS 0x0000000604800000, 0x0000000604800000| Untracked 
|   9|0x0000000604c00000, 0x0000000604c00000, 0x0000000605000000|  0%| F|  |TAMS 0x0000000604c00000, 0x0000000604c00000| Untracked 
|  10|0x0000000605000000, 0x0000000605000000, 0x0000000605400000|  0%| F|  |TAMS 0x0000000605000000, 0x0000000605000000| Untracked 
|  11|0x0000000605400000, 0x0000000605400000, 0x0000000605800000|  0%| F|  |TAMS 0x0000000605400000, 0x0000000605400000| Untracked 
|  12|0x0000000605800000, 0x0000000605800000, 0x0000000605c00000|  0%| F|  |TAMS 0x0000000605800000, 0x0000000605800000| Untracked 
|  13|0x0000000605c00000, 0x0000000605c00000, 0x0000000606000000|  0%| F|  |TAMS 0x0000000605c00000, 0x0000000605c00000| Untracked 
|  14|0x0000000606000000, 0x0000000606000000, 0x0000000606400000|  0%| F|  |TAMS 0x0000000606000000, 0x0000000606000000| Untracked 
|  15|0x0000000606400000, 0x0000000606400000, 0x0000000606800000|  0%| F|  |TAMS 0x0000000606400000, 0x0000000606400000| Untracked 
|  16|0x0000000606800000, 0x0000000606800000, 0x0000000606c00000|  0%| F|  |TAMS 0x0000000606800000, 0x0000000606800000| Untracked 
|  17|0x0000000606c00000, 0x0000000606c00000, 0x0000000607000000|  0%| F|  |TAMS 0x0000000606c00000, 0x0000000606c00000| Untracked 
|  18|0x0000000607000000, 0x0000000607000000, 0x0000000607400000|  0%| F|  |TAMS 0x0000000607000000, 0x0000000607000000| Untracked 
|  19|0x0000000607400000, 0x0000000607400000, 0x0000000607800000|  0%| F|  |TAMS 0x0000000607400000, 0x0000000607400000| Untracked 
|  20|0x0000000607800000, 0x0000000607800000, 0x0000000607c00000|  0%| F|  |TAMS 0x0000000607800000, 0x0000000607800000| Untracked 
|  21|0x0000000607c00000, 0x0000000607c00000, 0x0000000608000000|  0%| F|  |TAMS 0x0000000607c00000, 0x0000000607c00000| Untracked 
|  22|0x0000000608000000, 0x0000000608000000, 0x0000000608400000|  0%| F|  |TAMS 0x0000000608000000, 0x0000000608000000| Untracked 
|  23|0x0000000608400000, 0x0000000608400000, 0x0000000608800000|  0%| F|  |TAMS 0x0000000608400000, 0x0000000608400000| Untracked 
|  24|0x0000000608800000, 0x0000000608800000, 0x0000000608c00000|  0%| F|  |TAMS 0x0000000608800000, 0x0000000608800000| Untracked 
|  25|0x0000000608c00000, 0x0000000608c00000, 0x0000000609000000|  0%| F|  |TAMS 0x0000000608c00000, 0x0000000608c00000| Untracked 
|  26|0x0000000609000000, 0x0000000609000000, 0x0000000609400000|  0%| F|  |TAMS 0x0000000609000000, 0x0000000609000000| Untracked 
|  27|0x0000000609400000, 0x0000000609400000, 0x0000000609800000|  0%| F|  |TAMS 0x0000000609400000, 0x0000000609400000| Untracked 
|  28|0x0000000609800000, 0x0000000609800000, 0x0000000609c00000|  0%| F|  |TAMS 0x0000000609800000, 0x0000000609800000| Untracked 
|  29|0x0000000609c00000, 0x0000000609c00000, 0x000000060a000000|  0%| F|  |TAMS 0x0000000609c00000, 0x0000000609c00000| Untracked 
|  30|0x000000060a000000, 0x000000060a000000, 0x000000060a400000|  0%| F|  |TAMS 0x000000060a000000, 0x000000060a000000| Untracked 
|  31|0x000000060a400000, 0x000000060a400000, 0x000000060a800000|  0%| F|  |TAMS 0x000000060a400000, 0x000000060a400000| Untracked 
|  32|0x000000060a800000, 0x000000060a800000, 0x000000060ac00000|  0%| F|  |TAMS 0x000000060a800000, 0x000000060a800000| Untracked 
|  33|0x000000060ac00000, 0x000000060ac00000, 0x000000060b000000|  0%| F|  |TAMS 0x000000060ac00000, 0x000000060ac00000| Untracked 
|  34|0x000000060b000000, 0x000000060b000000, 0x000000060b400000|  0%| F|  |TAMS 0x000000060b000000, 0x000000060b000000| Untracked 
|  35|0x000000060b400000, 0x000000060b400000, 0x000000060b800000|  0%| F|  |TAMS 0x000000060b400000, 0x000000060b400000| Untracked 
|  36|0x000000060b800000, 0x000000060b800000, 0x000000060bc00000|  0%| F|  |TAMS 0x000000060b800000, 0x000000060b800000| Untracked 
|  37|0x000000060bc00000, 0x000000060bc00000, 0x000000060c000000|  0%| F|  |TAMS 0x000000060bc00000, 0x000000060bc00000| Untracked 
|  38|0x000000060c000000, 0x000000060c000000, 0x000000060c400000|  0%| F|  |TAMS 0x000000060c000000, 0x000000060c000000| Untracked 
|  39|0x000000060c400000, 0x000000060c400000, 0x000000060c800000|  0%| F|  |TAMS 0x000000060c400000, 0x000000060c400000| Untracked 
|  40|0x000000060c800000, 0x000000060c800000, 0x000000060cc00000|  0%| F|  |TAMS 0x000000060c800000, 0x000000060c800000| Untracked 
|  41|0x000000060cc00000, 0x000000060cc00000, 0x000000060d000000|  0%| F|  |TAMS 0x000000060cc00000, 0x000000060cc00000| Untracked 
|  42|0x000000060d000000, 0x000000060d000000, 0x000000060d400000|  0%| F|  |TAMS 0x000000060d000000, 0x000000060d000000| Untracked 
|  43|0x000000060d400000, 0x000000060d400000, 0x000000060d800000|  0%| F|  |TAMS 0x000000060d400000, 0x000000060d400000| Untracked 
|  44|0x000000060d800000, 0x000000060d800000, 0x000000060dc00000|  0%| F|  |TAMS 0x000000060d800000, 0x000000060d800000| Untracked 
|  45|0x000000060dc00000, 0x000000060dc00000, 0x000000060e000000|  0%| F|  |TAMS 0x000000060dc00000, 0x000000060dc00000| Untracked 
|  46|0x000000060e000000, 0x000000060e000000, 0x000000060e400000|  0%| F|  |TAMS 0x000000060e000000, 0x000000060e000000| Untracked 
|  47|0x000000060e400000, 0x000000060e400000, 0x000000060e800000|  0%| F|  |TAMS 0x000000060e400000, 0x000000060e400000| Untracked 
|  48|0x000000060e800000, 0x000000060e800000, 0x000000060ec00000|  0%| F|  |TAMS 0x000000060e800000, 0x000000060e800000| Untracked 
|  49|0x000000060ec00000, 0x000000060ec00000, 0x000000060f000000|  0%| F|  |TAMS 0x000000060ec00000, 0x000000060ec00000| Untracked 
|  50|0x000000060f000000, 0x000000060f000000, 0x000000060f400000|  0%| F|  |TAMS 0x000000060f000000, 0x000000060f000000| Untracked 
|  51|0x000000060f400000, 0x000000060f400000, 0x000000060f800000|  0%| F|  |TAMS 0x000000060f400000, 0x000000060f400000| Untracked 
|  52|0x000000060f800000, 0x000000060f800000, 0x000000060fc00000|  0%| F|  |TAMS 0x000000060f800000, 0x000000060f800000| Untracked 
|  53|0x000000060fc00000, 0x000000060fc00000, 0x0000000610000000|  0%| F|  |TAMS 0x000000060fc00000, 0x000000060fc00000| Untracked 
|  54|0x0000000610000000, 0x0000000610000000, 0x0000000610400000|  0%| F|  |TAMS 0x0000000610000000, 0x0000000610000000| Untracked 
|  55|0x0000000610400000, 0x0000000610400000, 0x0000000610800000|  0%| F|  |TAMS 0x0000000610400000, 0x0000000610400000| Untracked 
|  56|0x0000000610800000, 0x0000000610800000, 0x0000000610c00000|  0%| F|  |TAMS 0x0000000610800000, 0x0000000610800000| Untracked 
|  57|0x0000000610c00000, 0x0000000610c00000, 0x0000000611000000|  0%| F|  |TAMS 0x0000000610c00000, 0x0000000610c00000| Untracked 
|  58|0x0000000611000000, 0x0000000611000000, 0x0000000611400000|  0%| F|  |TAMS 0x0000000611000000, 0x0000000611000000| Untracked 
|  59|0x0000000611400000, 0x0000000611400000, 0x0000000611800000|  0%| F|  |TAMS 0x0000000611400000, 0x0000000611400000| Untracked 
|  60|0x0000000611800000, 0x0000000611800000, 0x0000000611c00000|  0%| F|  |TAMS 0x0000000611800000, 0x0000000611800000| Untracked 
|  61|0x0000000611c00000, 0x0000000611c00000, 0x0000000612000000|  0%| F|  |TAMS 0x0000000611c00000, 0x0000000611c00000| Untracked 
|  62|0x0000000612000000, 0x0000000612000000, 0x0000000612400000|  0%| F|  |TAMS 0x0000000612000000, 0x0000000612000000| Untracked 
|  63|0x0000000612400000, 0x0000000612400000, 0x0000000612800000|  0%| F|  |TAMS 0x0000000612400000, 0x0000000612400000| Untracked 
|  64|0x0000000612800000, 0x0000000612800000, 0x0000000612c00000|  0%| F|  |TAMS 0x0000000612800000, 0x0000000612800000| Untracked 
|  65|0x0000000612c00000, 0x0000000612c00000, 0x0000000613000000|  0%| F|  |TAMS 0x0000000612c00000, 0x0000000612c00000| Untracked 
|  66|0x0000000613000000, 0x0000000613000000, 0x0000000613400000|  0%| F|  |TAMS 0x0000000613000000, 0x0000000613000000| Untracked 
|  67|0x0000000613400000, 0x0000000613400000, 0x0000000613800000|  0%| F|  |TAMS 0x0000000613400000, 0x0000000613400000| Untracked 
|  68|0x0000000613800000, 0x0000000613800000, 0x0000000613c00000|  0%| F|  |TAMS 0x0000000613800000, 0x0000000613800000| Untracked 
|  69|0x0000000613c00000, 0x0000000613c00000, 0x0000000614000000|  0%| F|  |TAMS 0x0000000613c00000, 0x0000000613c00000| Untracked 
|  70|0x0000000614000000, 0x0000000614000000, 0x0000000614400000|  0%| F|  |TAMS 0x0000000614000000, 0x0000000614000000| Untracked 
|  71|0x0000000614400000, 0x0000000614400000, 0x0000000614800000|  0%| F|  |TAMS 0x0000000614400000, 0x0000000614400000| Untracked 
|  72|0x0000000614800000, 0x0000000614800000, 0x0000000614c00000|  0%| F|  |TAMS 0x0000000614800000, 0x0000000614800000| Untracked 
|  73|0x0000000614c00000, 0x0000000614c00000, 0x0000000615000000|  0%| F|  |TAMS 0x0000000614c00000, 0x0000000614c00000| Untracked 
|  74|0x0000000615000000, 0x0000000615000000, 0x0000000615400000|  0%| F|  |TAMS 0x0000000615000000, 0x0000000615000000| Untracked 
|  75|0x0000000615400000, 0x0000000615400000, 0x0000000615800000|  0%| F|  |TAMS 0x0000000615400000, 0x0000000615400000| Untracked 
|  76|0x0000000615800000, 0x0000000615800000, 0x0000000615c00000|  0%| F|  |TAMS 0x0000000615800000, 0x0000000615800000| Untracked 
|  77|0x0000000615c00000, 0x0000000615c00000, 0x0000000616000000|  0%| F|  |TAMS 0x0000000615c00000, 0x0000000615c00000| Untracked 
|  78|0x0000000616000000, 0x0000000616000000, 0x0000000616400000|  0%| F|  |TAMS 0x0000000616000000, 0x0000000616000000| Untracked 
|  79|0x0000000616400000, 0x0000000616400000, 0x0000000616800000|  0%| F|  |TAMS 0x0000000616400000, 0x0000000616400000| Untracked 
|  80|0x0000000616800000, 0x0000000616800000, 0x0000000616c00000|  0%| F|  |TAMS 0x0000000616800000, 0x0000000616800000| Untracked 
|  81|0x0000000616c00000, 0x0000000616c00000, 0x0000000617000000|  0%| F|  |TAMS 0x0000000616c00000, 0x0000000616c00000| Untracked 
|  82|0x0000000617000000, 0x0000000617000000, 0x0000000617400000|  0%| F|  |TAMS 0x0000000617000000, 0x0000000617000000| Untracked 
|  83|0x0000000617400000, 0x0000000617400000, 0x0000000617800000|  0%| F|  |TAMS 0x0000000617400000, 0x0000000617400000| Untracked 
|  84|0x0000000617800000, 0x0000000617800000, 0x0000000617c00000|  0%| F|  |TAMS 0x0000000617800000, 0x0000000617800000| Untracked 
|  85|0x0000000617c00000, 0x0000000617c00000, 0x0000000618000000|  0%| F|  |TAMS 0x0000000617c00000, 0x0000000617c00000| Untracked 
|  86|0x0000000618000000, 0x0000000618000000, 0x0000000618400000|  0%| F|  |TAMS 0x0000000618000000, 0x0000000618000000| Untracked 
|  87|0x0000000618400000, 0x0000000618400000, 0x0000000618800000|  0%| F|  |TAMS 0x0000000618400000, 0x0000000618400000| Untracked 
|  88|0x0000000618800000, 0x0000000618800000, 0x0000000618c00000|  0%| F|  |TAMS 0x0000000618800000, 0x0000000618800000| Untracked 
|  89|0x0000000618c00000, 0x0000000618c00000, 0x0000000619000000|  0%| F|  |TAMS 0x0000000618c00000, 0x0000000618c00000| Untracked 
|  90|0x0000000619000000, 0x0000000619000000, 0x0000000619400000|  0%| F|  |TAMS 0x0000000619000000, 0x0000000619000000| Untracked 
|  91|0x0000000619400000, 0x0000000619400000, 0x0000000619800000|  0%| F|  |TAMS 0x0000000619400000, 0x0000000619400000| Untracked 
|  92|0x0000000619800000, 0x0000000619800000, 0x0000000619c00000|  0%| F|  |TAMS 0x0000000619800000, 0x0000000619800000| Untracked 
|  93|0x0000000619c00000, 0x0000000619c00000, 0x000000061a000000|  0%| F|  |TAMS 0x0000000619c00000, 0x0000000619c00000| Untracked 
|  94|0x000000061a000000, 0x000000061a000000, 0x000000061a400000|  0%| F|  |TAMS 0x000000061a000000, 0x000000061a000000| Untracked 
|  95|0x000000061a400000, 0x000000061a400000, 0x000000061a800000|  0%| F|  |TAMS 0x000000061a400000, 0x000000061a400000| Untracked 
|  96|0x000000061a800000, 0x000000061a800000, 0x000000061ac00000|  0%| F|  |TAMS 0x000000061a800000, 0x000000061a800000| Untracked 
|  97|0x000000061ac00000, 0x000000061ac00000, 0x000000061b000000|  0%| F|  |TAMS 0x000000061ac00000, 0x000000061ac00000| Untracked 
|  98|0x000000061b000000, 0x000000061b000000, 0x000000061b400000|  0%| F|  |TAMS 0x000000061b000000, 0x000000061b000000| Untracked 
|  99|0x000000061b400000, 0x000000061b400000, 0x000000061b800000|  0%| F|  |TAMS 0x000000061b400000, 0x000000061b400000| Untracked 
| 100|0x000000061b800000, 0x000000061b800000, 0x000000061bc00000|  0%| F|  |TAMS 0x000000061b800000, 0x000000061b800000| Untracked 
| 101|0x000000061bc00000, 0x000000061bc00000, 0x000000061c000000|  0%| F|  |TAMS 0x000000061bc00000, 0x000000061bc00000| Untracked 
| 102|0x000000061c000000, 0x000000061c000000, 0x000000061c400000|  0%| F|  |TAMS 0x000000061c000000, 0x000000061c000000| Untracked 
| 103|0x000000061c400000, 0x000000061c400000, 0x000000061c800000|  0%| F|  |TAMS 0x000000061c400000, 0x000000061c400000| Untracked 
| 104|0x000000061c800000, 0x000000061c800000, 0x000000061cc00000|  0%| F|  |TAMS 0x000000061c800000, 0x000000061c800000| Untracked 
| 105|0x000000061cc00000, 0x000000061cc00000, 0x000000061d000000|  0%| F|  |TAMS 0x000000061cc00000, 0x000000061cc00000| Untracked 
| 106|0x000000061d000000, 0x000000061d000000, 0x000000061d400000|  0%| F|  |TAMS 0x000000061d000000, 0x000000061d000000| Untracked 
| 107|0x000000061d400000, 0x000000061d400000, 0x000000061d800000|  0%| F|  |TAMS 0x000000061d400000, 0x000000061d400000| Untracked 
| 108|0x000000061d800000, 0x000000061d9bc990, 0x000000061dc00000| 43%| S|CS|TAMS 0x000000061d800000, 0x000000061d800000| Complete 
| 109|0x000000061dc00000, 0x000000061e000000, 0x000000061e000000|100%| S|CS|TAMS 0x000000061dc00000, 0x000000061dc00000| Complete 
| 110|0x000000061e000000, 0x000000061e000000, 0x000000061e400000|  0%| F|  |TAMS 0x000000061e000000, 0x000000061e000000| Untracked 
| 111|0x000000061e400000, 0x000000061e400000, 0x000000061e800000|  0%| F|  |TAMS 0x000000061e400000, 0x000000061e400000| Untracked 
| 112|0x000000061e800000, 0x000000061e800000, 0x000000061ec00000|  0%| F|  |TAMS 0x000000061e800000, 0x000000061e800000| Untracked 
| 113|0x000000061ec00000, 0x000000061ec00000, 0x000000061f000000|  0%| F|  |TAMS 0x000000061ec00000, 0x000000061ec00000| Untracked 
| 114|0x000000061f000000, 0x000000061f000000, 0x000000061f400000|  0%| F|  |TAMS 0x000000061f000000, 0x000000061f000000| Untracked 
| 115|0x000000061f400000, 0x000000061f400000, 0x000000061f800000|  0%| F|  |TAMS 0x000000061f400000, 0x000000061f400000| Untracked 
| 116|0x000000061f800000, 0x000000061f800000, 0x000000061fc00000|  0%| F|  |TAMS 0x000000061f800000, 0x000000061f800000| Untracked 
| 117|0x000000061fc00000, 0x000000061fc00000, 0x0000000620000000|  0%| F|  |TAMS 0x000000061fc00000, 0x000000061fc00000| Untracked 
| 118|0x0000000620000000, 0x0000000620000000, 0x0000000620400000|  0%| F|  |TAMS 0x0000000620000000, 0x0000000620000000| Untracked 
| 119|0x0000000620400000, 0x0000000620400000, 0x0000000620800000|  0%| F|  |TAMS 0x0000000620400000, 0x0000000620400000| Untracked 
| 120|0x0000000620800000, 0x0000000620800000, 0x0000000620c00000|  0%| F|  |TAMS 0x0000000620800000, 0x0000000620800000| Untracked 
| 121|0x0000000620c00000, 0x0000000620c00000, 0x0000000621000000|  0%| F|  |TAMS 0x0000000620c00000, 0x0000000620c00000| Untracked 
| 122|0x0000000621000000, 0x0000000621000000, 0x0000000621400000|  0%| F|  |TAMS 0x0000000621000000, 0x0000000621000000| Untracked 
| 123|0x0000000621400000, 0x0000000621400000, 0x0000000621800000|  0%| F|  |TAMS 0x0000000621400000, 0x0000000621400000| Untracked 
| 124|0x0000000621800000, 0x0000000621800000, 0x0000000621c00000|  0%| F|  |TAMS 0x0000000621800000, 0x0000000621800000| Untracked 
| 125|0x0000000621c00000, 0x0000000621c00000, 0x0000000622000000|  0%| F|  |TAMS 0x0000000621c00000, 0x0000000621c00000| Untracked 
| 126|0x0000000622000000, 0x0000000622200800, 0x0000000622400000| 50%| E|  |TAMS 0x0000000622000000, 0x0000000622000000| Complete 
| 127|0x0000000622400000, 0x0000000622800000, 0x0000000622800000|100%| E|CS|TAMS 0x0000000622400000, 0x0000000622400000| Complete 

Card table byte_map: [0x000002c8f3f40000,0x000002c8f4f30000] _byte_map_base: 0x000002c8f0f2c000

Marking Bits (Prev, Next): (CMBitMap*) 0x000002c8dbf245b0, (CMBitMap*) 0x000002c8dbf245f0
 Prev Bits: [0x000002c8f5f20000, 0x000002c8fde80000)
 Next Bits: [0x000002c880000000, 0x000002c887f60000)

Polling page: 0x000002c8db690000

Metaspace:

Usage:
  Non-class:     12.25 MB used.
      Class:      1.53 MB used.
       Both:     13.78 MB used.

Virtual space:
  Non-class space:       16.00 MB reserved,      12.38 MB ( 77%) committed,  2 nodes.
      Class space:        1.00 GB reserved,       1.62 MB ( <1%) committed,  1 nodes.
             Both:        1.02 GB reserved,      14.00 MB (  1%) committed. 

Chunk freelists:
   Non-Class:  2.67 MB
       Class:  2.42 MB
        Both:  5.09 MB

MaxMetaspaceSize: unlimited
CompressedClassSpaceSize: 1.00 GB
Initial GC threshold: 21.00 MB
Current GC threshold: 21.00 MB
CDS: on
MetaspaceReclaimPolicy: balanced
 - commit_granule_bytes: 65536.
 - commit_granule_words: 8192.
 - virtual_space_node_default_size: 1048576.
 - enlarge_chunks_in_place: 1.
 - new_chunks_are_fully_committed: 0.
 - uncommit_free_chunks: 1.
 - use_allocation_guard: 0.
 - handle_deallocations: 1.


Internal statistics:

num_allocs_failed_limit: 0.
num_arena_births: 68.
num_arena_deaths: 0.
num_vsnodes_births: 3.
num_vsnodes_deaths: 0.
num_space_committed: 224.
num_space_uncommitted: 0.
num_chunks_returned_to_freelist: 0.
num_chunks_taken_from_freelist: 547.
num_chunk_merges: 0.
num_chunk_splits: 399.
num_chunks_enlarged: 325.
num_purges: 0.
num_inconsistent_stats: 0.

CodeHeap 'non-profiled nmethods': size=119168Kb used=1816Kb max_used=1816Kb free=117351Kb
 bounds [0x000002c8eb260000, 0x000002c8eb4d0000, 0x000002c8f26c0000]
CodeHeap 'profiled nmethods': size=119104Kb used=7859Kb max_used=7859Kb free=111244Kb
 bounds [0x000002c8e3e10000, 0x000002c8e45c0000, 0x000002c8eb260000]
CodeHeap 'non-nmethods': size=7488Kb used=2892Kb max_used=2931Kb free=4595Kb
 bounds [0x000002c8e36c0000, 0x000002c8e39a0000, 0x000002c8e3e10000]
 total_blobs=4308 nmethods=3843 adapters=371
 compilation: enabled
              stopped_count=0, restarted_count=0
 full_count=0

Compilation events (20 events):
Event: 1.221 Thread 0x000002c889e82f30 3842       3       java.util.zip.Inflater$InflaterZStreamRef::<init> (30 bytes)
Event: 1.221 Thread 0x000002c889a956c0 nmethod 3839 0x000002c8e45b6d10 code [0x000002c8e45b6ec0, 0x000002c8e45b7158]
Event: 1.221 Thread 0x000002c889941b00 nmethod 3838 0x000002c8e45b7290 code [0x000002c8e45b7440, 0x000002c8e45b7838]
Event: 1.221 Thread 0x000002c889a8e360 nmethod 3840 0x000002c8e45b7990 code [0x000002c8e45b7b20, 0x000002c8e45b7cd8]
Event: 1.221 Thread 0x000002c889941b00 3843       3       java.util.jar.JarFile::<init> (95 bytes)
Event: 1.221 Thread 0x000002c889a8e360 3845       3       java.util.zip.ZipFile::<init> (144 bytes)
Event: 1.221 Thread 0x000002c889a956c0 3844       3       java.util.zip.ZipFile::<init> (10 bytes)
Event: 1.221 Thread 0x000002c889e82f30 nmethod 3842 0x000002c8e45b7d90 code [0x000002c8e45b7f40, 0x000002c8e45b8228]
Event: 1.221 Thread 0x000002c889a956c0 nmethod 3844 0x000002c8e45b8310 code [0x000002c8e45b84c0, 0x000002c8e45b8608]
Event: 1.221 Thread 0x000002c889e82f30 3846       3       sun.nio.fs.WindowsFileAttributes::isReparsePoint (14 bytes)
Event: 1.221 Thread 0x000002c889a956c0 3847       3       jdk.internal.perf.PerfCounter::getZipFileOpenTime (4 bytes)
Event: 1.221 Thread 0x000002c889e82f30 nmethod 3846 0x000002c8e45b8690 code [0x000002c8e45b8820, 0x000002c8e45b8978]
Event: 1.221 Thread 0x000002c889a956c0 nmethod 3847 0x000002c8e45b8a10 code [0x000002c8e45b8ba0, 0x000002c8e45b8c98]
Event: 1.221 Thread 0x000002c889e82f30 3848       3       jdk.internal.perf.PerfCounter::getZipFileCount (4 bytes)
Event: 1.222 Thread 0x000002c889e82f30 nmethod 3848 0x000002c8e45b8d10 code [0x000002c8e45b8ea0, 0x000002c8e45b8f98]
Event: 1.222 Thread 0x000002c889941b00 nmethod 3843 0x000002c8e45b9010 code [0x000002c8e45b92e0, 0x000002c8e45ba3c8]
Event: 1.222 Thread 0x000002c889e82f30 3849       3       java.io.InputStream::readNBytes (53 bytes)
Event: 1.222 Thread 0x000002c88a978500 nmethod 3833 0x000002c8eb423690 code [0x000002c8eb423820, 0x000002c8eb423a78]
Event: 1.222 Thread 0x000002c889e82f30 nmethod 3849 0x000002c8e45ba890 code [0x000002c8e45baa60, 0x000002c8e45baf18]
Event: 1.222 Thread 0x000002c889a8e360 nmethod 3845 0x000002c8e45bb110 code [0x000002c8e45bb460, 0x000002c8e45bc778]

GC Heap History (6 events):
Event: 0.295 GC heap before
{Heap before GC invocations=0 (full 0):
 garbage-first heap   total 524288K, used 24576K [0x0000000602800000, 0x0000000800000000)
  region size 4096K, 6 young (24576K), 0 survivors (0K)
 Metaspace       used 4827K, committed 4992K, reserved 1056768K
  class space    used 563K, committed 640K, reserved 1048576K
}
Event: 0.297 GC heap after
{Heap after GC invocations=1 (full 0):
 garbage-first heap   total 524288K, used 3741K [0x0000000602800000, 0x0000000800000000)
  region size 4096K, 1 young (4096K), 1 survivors (4096K)
 Metaspace       used 4827K, committed 4992K, reserved 1056768K
  class space    used 563K, committed 640K, reserved 1048576K
}
Event: 0.537 GC heap before
{Heap before GC invocations=1 (full 0):
 garbage-first heap   total 524288K, used 28317K [0x0000000602800000, 0x0000000800000000)
  region size 4096K, 7 young (28672K), 1 survivors (4096K)
 Metaspace       used 8431K, committed 8576K, reserved 1064960K
  class space    used 1018K, committed 1088K, reserved 1048576K
}
Event: 0.539 GC heap after
{Heap after GC invocations=2 (full 0):
 garbage-first heap   total 524288K, used 5063K [0x0000000602800000, 0x0000000800000000)
  region size 4096K, 1 young (4096K), 1 survivors (4096K)
 Metaspace       used 8431K, committed 8576K, reserved 1064960K
  class space    used 1018K, committed 1088K, reserved 1048576K
}
Event: 1.190 GC heap before
{Heap before GC invocations=2 (full 0):
 garbage-first heap   total 524288K, used 74695K [0x0000000602800000, 0x0000000800000000)
  region size 4096K, 18 young (73728K), 1 survivors (4096K)
 Metaspace       used 14021K, committed 14272K, reserved 1064960K
  class space    used 1566K, committed 1664K, reserved 1048576K
}
Event: 1.193 GC heap after
{Heap after GC invocations=3 (full 0):
 garbage-first heap   total 524288K, used 9293K [0x0000000602800000, 0x0000000800000000)
  region size 4096K, 2 young (8192K), 2 survivors (8192K)
 Metaspace       used 14021K, committed 14272K, reserved 1064960K
  class space    used 1566K, committed 1664K, reserved 1048576K
}

Deoptimization events (20 events):
Event: 1.183 Thread 0x000002c8dbeae1d0 DEOPT PACKING pc=0x000002c8eb40f284 sp=0x000000ddbdefc920
Event: 1.183 Thread 0x000002c8dbeae1d0 DEOPT UNPACKING pc=0x000002c8e3715c23 sp=0x000000ddbdefc8f0 mode 2
Event: 1.183 Thread 0x000002c8dbeae1d0 Uncommon trap: trap_request=0xffffffbe fr.pc=0x000002c8eb40f284 relative=0x00000000000010a4
Event: 1.183 Thread 0x000002c8dbeae1d0 Uncommon trap: reason=profile_predicate action=maybe_recompile pc=0x000002c8eb40f284 method=java.util.concurrent.ConcurrentHashMap.putAll(Ljava/util/Map;)V @ 28 c2
Event: 1.183 Thread 0x000002c8dbeae1d0 DEOPT PACKING pc=0x000002c8eb40f284 sp=0x000000ddbdefc920
Event: 1.183 Thread 0x000002c8dbeae1d0 DEOPT UNPACKING pc=0x000002c8e3715c23 sp=0x000000ddbdefc8f0 mode 2
Event: 1.183 Thread 0x000002c8dbeae1d0 Uncommon trap: trap_request=0xffffffbe fr.pc=0x000002c8eb40f284 relative=0x00000000000010a4
Event: 1.183 Thread 0x000002c8dbeae1d0 Uncommon trap: reason=profile_predicate action=maybe_recompile pc=0x000002c8eb40f284 method=java.util.concurrent.ConcurrentHashMap.putAll(Ljava/util/Map;)V @ 28 c2
Event: 1.183 Thread 0x000002c8dbeae1d0 DEOPT PACKING pc=0x000002c8eb40f284 sp=0x000000ddbdefcc70
Event: 1.183 Thread 0x000002c8dbeae1d0 DEOPT UNPACKING pc=0x000002c8e3715c23 sp=0x000000ddbdefcc40 mode 2
Event: 1.183 Thread 0x000002c8dbeae1d0 Uncommon trap: trap_request=0xffffffbe fr.pc=0x000002c8eb40f284 relative=0x00000000000010a4
Event: 1.183 Thread 0x000002c8dbeae1d0 Uncommon trap: reason=profile_predicate action=maybe_recompile pc=0x000002c8eb40f284 method=java.util.concurrent.ConcurrentHashMap.putAll(Ljava/util/Map;)V @ 28 c2
Event: 1.183 Thread 0x000002c8dbeae1d0 DEOPT PACKING pc=0x000002c8eb40f284 sp=0x000000ddbdefcc70
Event: 1.183 Thread 0x000002c8dbeae1d0 DEOPT UNPACKING pc=0x000002c8e3715c23 sp=0x000000ddbdefcc40 mode 2
Event: 1.198 Thread 0x000002c8dbeae1d0 Uncommon trap: trap_request=0xffffff45 fr.pc=0x000002c8eb3f3058 relative=0x0000000000000338
Event: 1.198 Thread 0x000002c8dbeae1d0 Uncommon trap: reason=unstable_if action=reinterpret pc=0x000002c8eb3f3058 method=java.lang.String.indexOf([BBILjava/lang/String;I)I @ 54 c2
Event: 1.198 Thread 0x000002c8dbeae1d0 DEOPT PACKING pc=0x000002c8eb3f3058 sp=0x000000ddbdefc830
Event: 1.198 Thread 0x000002c8dbeae1d0 DEOPT UNPACKING pc=0x000002c8e3715c23 sp=0x000000ddbdefc728 mode 2
Event: 1.206 Thread 0x000002c8dbeae1d0 DEOPT PACKING pc=0x000002c8e439237f sp=0x000000ddbdefd420
Event: 1.206 Thread 0x000002c8dbeae1d0 DEOPT UNPACKING pc=0x000002c8e3716763 sp=0x000000ddbdefc8c0 mode 0

Classes unloaded (0 events):
No events

Classes redefined (0 events):
No events

Internal exceptions (15 events):
Event: 0.073 Thread 0x000002c8dbeae1d0 Exception <a 'java/lang/NullPointerException'{0x0000000622131098}> (0x0000000622131098) 
thrown [t:\workspace\open\src\hotspot\share\interpreter\linkResolver.cpp, line 1357]
Event: 0.085 Thread 0x000002c8dbeae1d0 Exception <a 'java/lang/NullPointerException'{0x0000000622173128}> (0x0000000622173128) 
thrown [t:\workspace\open\src\hotspot\share\interpreter\linkResolver.cpp, line 1357]
Event: 0.085 Thread 0x000002c8dbeae1d0 Exception <a 'java/lang/NullPointerException'{0x0000000622173400}> (0x0000000622173400) 
thrown [t:\workspace\open\src\hotspot\share\interpreter\linkResolver.cpp, line 1357]
Event: 0.085 Thread 0x000002c8dbeae1d0 Exception <a 'java/lang/NullPointerException'{0x00000006221736d8}> (0x00000006221736d8) 
thrown [t:\workspace\open\src\hotspot\share\interpreter\linkResolver.cpp, line 1357]
Event: 0.086 Thread 0x000002c8dbeae1d0 Exception <a 'java/lang/NullPointerException'{0x0000000622179430}> (0x0000000622179430) 
thrown [t:\workspace\open\src\hotspot\share\interpreter\linkResolver.cpp, line 1357]
Event: 0.087 Thread 0x000002c8dbeae1d0 Exception <a 'java/lang/NullPointerException'{0x000000062218ea48}> (0x000000062218ea48) 
thrown [t:\workspace\open\src\hotspot\share\interpreter\linkResolver.cpp, line 1357]
Event: 0.087 Thread 0x000002c8dbeae1d0 Exception <a 'java/lang/NullPointerException'{0x000000062218ed20}> (0x000000062218ed20) 
thrown [t:\workspace\open\src\hotspot\share\interpreter\linkResolver.cpp, line 1357]
Event: 0.087 Thread 0x000002c8dbeae1d0 Exception <a 'java/lang/NullPointerException'{0x000000062218eff8}> (0x000000062218eff8) 
thrown [t:\workspace\open\src\hotspot\share\interpreter\linkResolver.cpp, line 1357]
Event: 0.087 Thread 0x000002c8dbeae1d0 Exception <a 'java/lang/NullPointerException'{0x000000062218f2d0}> (0x000000062218f2d0) 
thrown [t:\workspace\open\src\hotspot\share\interpreter\linkResolver.cpp, line 1357]
Event: 0.231 Thread 0x000002c8dbeae1d0 Exception <a 'java/lang/NoSuchMethodError'{0x000000062140caa0}: 'java.lang.Object java.lang.invoke.DirectMethodHandle$Holder.newInvokeSpecial(java.lang.Object, java.lang.Object, java.lang.Object, java.lang.Object, java.lang.Object)'> (0x000000062140caa0) 
thrown [t:\workspace\open\src\hotspot\share\interpreter\linkResolver.cpp, line 766]
Event: 0.251 Thread 0x000002c8dbeae1d0 Exception <a 'java/lang/NoClassDefFoundError'{0x000000062156e8e0}: javax/enterprise/inject/Typed> (0x000000062156e8e0) 
thrown [t:\workspace\open\src\hotspot\share\classfile\systemDictionary.cpp, line 245]
Event: 0.639 Thread 0x000002c8dbeae1d0 Exception <a 'java/lang/NoClassDefFoundError'{0x0000000621c89580}: com/google/inject/servlet/ServletModuleTargetVisitor> (0x0000000621c89580) 
thrown [t:\workspace\open\src\hotspot\share\classfile\systemDictionary.cpp, line 245]
Event: 0.684 Thread 0x000002c8dbeae1d0 Exception <a 'java/lang/NoSuchMethodError'{0x0000000621ec9a30}: 'java.lang.Object java.lang.invoke.DirectMethodHandle$Holder.invokeStaticInit(java.lang.Object, int, int, int, int)'> (0x0000000621ec9a30) 
thrown [t:\workspace\open\src\hotspot\share\interpreter\linkResolver.cpp, line 766]
Event: 0.774 Thread 0x000002c8dbeae1d0 Implicit null exception at 0x000002c8eb312f72 to 0x000002c8eb3135c0
Event: 0.775 Thread 0x000002c8dbeae1d0 Implicit null exception at 0x000002c8eb28b472 to 0x000002c8eb28bad8

VM Operations (20 events):
Event: 0.675 Executing VM operation: HandshakeAllThreads
Event: 0.675 Executing VM operation: HandshakeAllThreads done
Event: 0.693 Executing VM operation: HandshakeAllThreads
Event: 0.693 Executing VM operation: HandshakeAllThreads done
Event: 0.730 Executing VM operation: HandshakeAllThreads
Event: 0.731 Executing VM operation: HandshakeAllThreads done
Event: 0.731 Executing VM operation: HandshakeAllThreads
Event: 0.731 Executing VM operation: HandshakeAllThreads done
Event: 0.842 Executing VM operation: ICBufferFull
Event: 0.842 Executing VM operation: ICBufferFull done
Event: 0.934 Executing VM operation: HandshakeAllThreads
Event: 0.934 Executing VM operation: HandshakeAllThreads done
Event: 0.986 Executing VM operation: ICBufferFull
Event: 0.986 Executing VM operation: ICBufferFull done
Event: 1.075 Executing VM operation: HandshakeAllThreads
Event: 1.075 Executing VM operation: HandshakeAllThreads done
Event: 1.124 Executing VM operation: ICBufferFull
Event: 1.124 Executing VM operation: ICBufferFull done
Event: 1.190 Executing VM operation: G1CollectForAllocation
Event: 1.193 Executing VM operation: G1CollectForAllocation done

Events (20 events):
Event: 0.949 loading class sun/util/locale/provider/BaseLocaleDataMetaInfo
Event: 0.949 loading class sun/util/locale/provider/BaseLocaleDataMetaInfo done
Event: 0.950 loading class sun/util/resources/cldr/TimeZoneNames
Event: 0.950 loading class sun/util/resources/TimeZoneNamesBundle
Event: 0.950 loading class sun/util/resources/OpenListResourceBundle
Event: 0.950 loading class sun/util/resources/OpenListResourceBundle done
Event: 0.950 loading class sun/util/resources/TimeZoneNamesBundle done
Event: 0.950 loading class sun/util/resources/cldr/TimeZoneNames done
Event: 0.950 loading class sun/util/resources/cldr/TimeZoneNames_en
Event: 0.950 loading class sun/util/resources/cldr/TimeZoneNames_en done
Event: 0.950 loading class sun/util/resources/cldr/TimeZoneNames_en_US
Event: 0.950 loading class sun/util/resources/cldr/TimeZoneNames_en_US done
Event: 0.951 loading class sun/util/resources/TimeZoneNames
Event: 0.951 loading class sun/util/resources/TimeZoneNames done
Event: 0.951 loading class sun/util/resources/TimeZoneNames_en
Event: 0.951 loading class sun/util/resources/TimeZoneNames_en done
Event: 0.955 loading class java/io/FileWriter
Event: 0.955 loading class java/io/FileWriter done
Event: 1.063 loading class java/io/PrintWriter
Event: 1.064 loading class java/io/PrintWriter done


Dynamic libraries:
0x00007ff7a7110000 - 0x00007ff7a7120000 	C:\Program Files\Java\jdk-17.0.1\bin\java.exe
0x00007ffc37ba0000 - 0x00007ffc37da7000 	C:\WINDOWS\SYSTEM32\ntdll.dll
0x00007ffc377e0000 - 0x00007ffc3789d000 	C:\WINDOWS\System32\KERNEL32.DLL
0x00007ffc35610000 - 0x00007ffc35984000 	C:\WINDOWS\System32\KERNELBASE.dll
0x00007ffc35480000 - 0x00007ffc35591000 	C:\WINDOWS\System32\ucrtbase.dll
0x00007ffc274c0000 - 0x00007ffc274d8000 	C:\Program Files\Java\jdk-17.0.1\bin\jli.dll
0x00007ffc274a0000 - 0x00007ffc274ba000 	C:\Program Files\Java\jdk-17.0.1\bin\VCRUNTIME140.dll
0x00007ffc379c0000 - 0x00007ffc37a6c000 	C:\WINDOWS\System32\ADVAPI32.dll
0x00007ffc364d0000 - 0x00007ffc36573000 	C:\WINDOWS\System32\msvcrt.dll
0x00007ffc36ea0000 - 0x00007ffc36f3d000 	C:\WINDOWS\System32\sechost.dll
0x00007ffc361f0000 - 0x00007ffc36311000 	C:\WINDOWS\System32\RPCRT4.dll
0x00007ffc37340000 - 0x00007ffc374ec000 	C:\WINDOWS\System32\USER32.dll
0x00007ffc276e0000 - 0x00007ffc27985000 	C:\WINDOWS\WinSxS\amd64_microsoft.windows.common-controls_6595b64144ccf1df_6.0.22000.120_none_9d947278b86cc467\COMCTL32.dll
0x00007ffc35450000 - 0x00007ffc35476000 	C:\WINDOWS\System32\win32u.dll
0x00007ffc364a0000 - 0x00007ffc364c9000 	C:\WINDOWS\System32\GDI32.dll
0x00007ffc35330000 - 0x00007ffc35442000 	C:\WINDOWS\System32\gdi32full.dll
0x00007ffc35990000 - 0x00007ffc35a2d000 	C:\WINDOWS\System32\msvcp_win.dll
0x00007ffc2d0c0000 - 0x00007ffc2d0ca000 	C:\WINDOWS\SYSTEM32\VERSION.dll
0x00007ffc37510000 - 0x00007ffc37541000 	C:\WINDOWS\System32\IMM32.DLL
0x00007ffc27490000 - 0x00007ffc2749c000 	C:\Program Files\Java\jdk-17.0.1\bin\vcruntime140_1.dll
0x00007ffbfd240000 - 0x00007ffbfd2cd000 	C:\Program Files\Java\jdk-17.0.1\bin\msvcp140.dll
0x00007ffbcfe90000 - 0x00007ffbd0a4e000 	C:\Program Files\Java\jdk-17.0.1\bin\server\jvm.dll
0x00007ffc37b50000 - 0x00007ffc37b58000 	C:\WINDOWS\System32\PSAPI.DLL
0x00007ffc2a6f0000 - 0x00007ffc2a723000 	C:\WINDOWS\SYSTEM32\WINMM.dll
0x00007ffc0ac20000 - 0x00007ffc0ac29000 	C:\WINDOWS\SYSTEM32\WSOCK32.dll
0x00007ffc36e20000 - 0x00007ffc36e8f000 	C:\WINDOWS\System32\WS2_32.dll
0x00007ffc34290000 - 0x00007ffc342a8000 	C:\WINDOWS\SYSTEM32\kernel.appcore.dll
0x00007ffc27480000 - 0x00007ffc2748a000 	C:\Program Files\Java\jdk-17.0.1\bin\jimage.dll
0x00007ffc086d0000 - 0x00007ffc088f1000 	C:\WINDOWS\SYSTEM32\DBGHELP.DLL
0x00007ffc08120000 - 0x00007ffc08151000 	C:\WINDOWS\SYSTEM32\dbgcore.DLL
0x00007ffc351f0000 - 0x00007ffc3526f000 	C:\WINDOWS\System32\bcryptPrimitives.dll
0x00007ffc27450000 - 0x00007ffc27475000 	C:\Program Files\Java\jdk-17.0.1\bin\java.dll
0x00007ffbd1780000 - 0x00007ffbd1856000 	C:\Program Files\Java\jdk-17.0.1\bin\svml.dll
0x00007ffc36670000 - 0x00007ffc36e1e000 	C:\WINDOWS\System32\SHELL32.dll
0x00007ffc33230000 - 0x00007ffc33a97000 	C:\WINDOWS\SYSTEM32\windows.storage.dll
0x00007ffc36fb0000 - 0x00007ffc37328000 	C:\WINDOWS\System32\combase.dll
0x00007ffc330c0000 - 0x00007ffc33226000 	C:\WINDOWS\SYSTEM32\wintypes.dll
0x00007ffc36580000 - 0x00007ffc3666a000 	C:\WINDOWS\System32\SHCORE.dll
0x00007ffc37af0000 - 0x00007ffc37b4d000 	C:\WINDOWS\System32\shlwapi.dll
0x00007ffc34fb0000 - 0x00007ffc34fd1000 	C:\WINDOWS\SYSTEM32\profapi.dll
0x00007ffc272b0000 - 0x00007ffc272c9000 	C:\Program Files\Java\jdk-17.0.1\bin\net.dll
0x00007ffc2f510000 - 0x00007ffc2f61c000 	C:\WINDOWS\SYSTEM32\WINHTTP.dll
0x00007ffc346a0000 - 0x00007ffc34707000 	C:\WINDOWS\system32\mswsock.dll
0x00007ffc27220000 - 0x00007ffc27235000 	C:\Program Files\Java\jdk-17.0.1\bin\nio.dll
0x00007ffc27200000 - 0x00007ffc27218000 	C:\Program Files\Java\jdk-17.0.1\bin\zip.dll
0x0000000069ac0000 - 0x0000000069ae4000 	C:\Users\Miken\AppData\Local\Temp\jansi-2.4.0-ef288c4d42f94ea0-jansi.dll
0x00007ffc272a0000 - 0x00007ffc272b0000 	C:\Program Files\Java\jdk-17.0.1\bin\verify.dll

dbghelp: loaded successfully - version: 4.0.5 - missing functions: none
symbol engine: initialized successfully - sym options: 0x614 - pdb path: .;C:\Program Files\Java\jdk-17.0.1\bin;C:\WINDOWS\SYSTEM32;C:\WINDOWS\WinSxS\amd64_microsoft.windows.common-controls_6595b64144ccf1df_6.0.22000.120_none_9d947278b86cc467;C:\Program Files\Java\jdk-17.0.1\bin\server;C:\Users\Miken\AppData\Local\Temp

VM Arguments:
jvm_args: -Dmaven.multiModuleProjectDirectory=C:\IntelliJ Arbeitsplatz\Banarnia -Dmaven.home=C:\Maven\apache-maven-3.8.4 -Dclassworlds.conf=C:\Maven\apache-maven-3.8.4\bin\m2.conf -Dmaven.ext.class.path=C:\Program Files\JetBrains\IntelliJ IDEA Community Edition 2021.2.3\plugins\maven\lib\maven-event-listener.jar -Dfile.encoding=UTF-8 
java_command: org.codehaus.classworlds.Launcher -Didea.version=2021.2.3 install --projects de.banarnia.bungeecord:BungeeCord,de.banarnia:Banarnia,de.banarnia:Proxy,de.banarnia:Lib,de.banarnia.api:API,de.banarnia:Spigot
java_class_path (initial): C:\Maven\apache-maven-3.8.4\boot\plexus-classworlds-2.6.0.jar;C:\Maven\apache-maven-3.8.4\boot\plexus-classworlds.license
Launcher Type: SUN_STANDARD

[Global flags]
     intx CICompilerCount                          = 12                                        {product} {ergonomic}
     uint ConcGCThreads                            = 3                                         {product} {ergonomic}
     uint G1ConcRefinementThreads                  = 13                                        {product} {ergonomic}
   size_t G1HeapRegionSize                         = 4194304                                   {product} {ergonomic}
    uintx GCDrainStackTargetSize                   = 64                                        {product} {ergonomic}
   size_t InitialHeapSize                          = 536870912                                 {product} {ergonomic}
   size_t MarkStackSize                            = 4194304                                   {product} {ergonomic}
   size_t MaxHeapSize                              = 8547991552                                {product} {ergonomic}
   size_t MaxNewSize                               = 5125439488                                {product} {ergonomic}
   size_t MinHeapDeltaBytes                        = 4194304                                   {product} {ergonomic}
   size_t MinHeapSize                              = 8388608                                   {product} {ergonomic}
    uintx NonNMethodCodeHeapSize                   = 7602480                                {pd product} {ergonomic}
    uintx NonProfiledCodeHeapSize                  = 122027880                              {pd product} {ergonomic}
    uintx ProfiledCodeHeapSize                     = 122027880                              {pd product} {ergonomic}
    uintx ReservedCodeCacheSize                    = 251658240                              {pd product} {ergonomic}
     bool SegmentedCodeCache                       = true                                      {product} {ergonomic}
   size_t SoftMaxHeapSize                          = 8547991552                             {manageable} {ergonomic}
     bool UseCompressedClassPointers               = true                           {product lp64_product} {ergonomic}
     bool UseCompressedOops                        = true                           {product lp64_product} {ergonomic}
     bool UseG1GC                                  = true                                      {product} {ergonomic}
     bool UseLargePagesIndividualAllocation        = false                                  {pd product} {ergonomic}

Logging:
Log output configuration:
 #0: stdout all=warning uptime,level,tags
 #1: stderr all=off uptime,level,tags

Environment Variables:
JAVA_HOME=C:\Progra~2\Java\jdk-17.0.1
PATH=C:\Program Files\Common Files\Oracle\Java\javapath;C:\WINDOWS\system32;C:\WINDOWS;C:\WINDOWS\System32\Wbem;C:\WINDOWS\System32\WindowsPowerShell\v1.0\;C:\WINDOWS\System32\OpenSSH\;C:\Program Files\Git\cmd;C:\Users\Miken\AppData\Local\Microsoft\WindowsApps;C:\Progra~2\Java\jdk-17.0.1\bin;C:\Maven\apache-maven-3.8.4\bin;C:\Users\Miken\AppData\Local\GitHubDesktop\bin;C:\Program Files\JetBrains\IntelliJ IDEA Community Edition 2021.2.3\bin;
USERNAME=Miken
OS=Windows_NT
PROCESSOR_IDENTIFIER=Intel64 Family 6 Model 167 Stepping 1, GenuineIntel



---------------  S Y S T E M  ---------------

OS:
 Windows 10 , 64 bit Build 22000 (10.0.22000.318)
OS uptime: 0 days 7:40 hours

CPU: total 16 (initial active 16) (8 cores per cpu, 2 threads per core) family 6 model 167 stepping 1 microcode 0x3c, cx8, cmov, fxsr, ht, mmx, 3dnowpref, sse, sse2, sse3, ssse3, sse4.1, sse4.2, popcnt, lzcnt, tsc, tscinvbit, avx, avx2, aes, erms, clmul, bmi1, bmi2, adx, avx512f, avx512dq, avx512cd, avx512bw, avx512vl, sha, fma, vzeroupper, avx512_vpopcntdq, avx512_vpclmulqdq, avx512_vaes, avx512_vnni, clflush, clflushopt, avx512_vbmi2, avx512_vbmi

Memory: 4k page, system-wide physical 32605M (20481M free)
TotalPageFile size 37469M (AvailPageFile size 18046M)
current process WorkingSet (physical memory assigned to process): 174M, peak: 178M
current process commit charge ("private bytes"): 679M, peak: 683M

vm_info: Java HotSpot(TM) 64-Bit Server VM (17.0.1+12-LTS-39) for windows-amd64 JRE (17.0.1+12-LTS-39), built on Sep 27 2021 18:41:35 by "mach5one" with MS VC++ 16.8 (VS2019)

END.
